已經開始建置於 2013/1/26 上午 11:09:26。
     1>節點 2 (build 目標) 上的專案 "C:\Users\damody\Desktop\Video_vectorization\Vectorizing Animation Video\Vectorizing Animation Video\Vectorizing Animation Video.vcxproj"。
     1>InitializeBuildStatus:
         正在變更時間戳記 "Debug\Vectorizing Animation Video.unsuccessfulbuild"。
       ClCompile:
         所有輸出都是最新的。
         c:\Program Files (x86)\Microsoft Visual Studio 10.0\VC\bin\CL.exe /c /I. /Zi /nologo /W3 /WX- /Od /Oy- /D CGAL_NO_AUTOLINK /D WIN32 /D _WINDOWS /D _DEBUG /D _UNICODE /D UNICODE /Gm /EHsc /RTC1 /MTd /GS /fp:precise /Zc:wchar_t /Zc:forScope /Fo"Debug\\" /Fd"Debug\vc100.pdb" /Gd /TP /analyze- /errorReport:prompt CvExtenstion.cpp
         CvExtenstion.cpp
     1>c:\clibrary\alglib-3.6.0\src\linalg.h(2771): warning C4819: 檔案含有無法在目前字碼頁 (950) 中表示的字元。請以 Unicode 格式儲存檔案以防止資料遺失
     1>c:\clibrary\alglib-3.6.0\src\linalg.h(4045): warning C4819: 檔案含有無法在目前字碼頁 (950) 中表示的字元。請以 Unicode 格式儲存檔案以防止資料遺失
     1>c:\clibrary\alglib-3.6.0\src\linalg.h(2771): warning C4819: 檔案含有無法在目前字碼頁 (950) 中表示的字元。請以 Unicode 格式儲存檔案以防止資料遺失
     1>c:\clibrary\alglib-3.6.0\src\linalg.h(4045): warning C4819: 檔案含有無法在目前字碼頁 (950) 中表示的字元。請以 Unicode 格式儲存檔案以防止資料遺失
     1>c:\clibrary\alglib-3.6.0\src\linalg.h(2771): warning C4819: 檔案含有無法在目前字碼頁 (950) 中表示的字元。請以 Unicode 格式儲存檔案以防止資料遺失
     1>c:\clibrary\alglib-3.6.0\src\linalg.h(4045): warning C4819: 檔案含有無法在目前字碼頁 (950) 中表示的字元。請以 Unicode 格式儲存檔案以防止資料遺失
     1>c:\clibrary\alglib-3.6.0\src\specialfunctions.h(865): warning C4819: 檔案含有無法在目前字碼頁 (950) 中表示的字元。請以 Unicode 格式儲存檔案以防止資料遺失
     1>c:\clibrary\alglib-3.6.0\src\integration.h : warning C4819: 檔案含有無法在目前字碼頁 (950) 中表示的字元。請以 Unicode 格式儲存檔案以防止資料遺失
     1>c:\clibrary\alglib-3.6.0\src\linalg.h(2771): warning C4819: 檔案含有無法在目前字碼頁 (950) 中表示的字元。請以 Unicode 格式儲存檔案以防止資料遺失
     1>c:\clibrary\alglib-3.6.0\src\linalg.h(4045): warning C4819: 檔案含有無法在目前字碼頁 (950) 中表示的字元。請以 Unicode 格式儲存檔案以防止資料遺失
     1>c:\clibrary\alglib-3.6.0\src\specialfunctions.h(865): warning C4819: 檔案含有無法在目前字碼頁 (950) 中表示的字元。請以 Unicode 格式儲存檔案以防止資料遺失
     1>CvExtenstion.cpp(78): warning C4244: '引數' : 將 'int' 轉換為 'const float'，由於型別不同，可能導致資料遺失
     1>CvExtenstion.cpp(78): warning C4244: '引數' : 將 'int' 轉換為 'const float'，由於型別不同，可能導致資料遺失
     1>CvExtenstion.cpp(154): warning C4018: '<' : signed/unsigned 不相符
     1>CvExtenstion.cpp(176): warning C4018: '<' : signed/unsigned 不相符
     1>CvExtenstion.cpp(178): warning C4244: '正在初始化' : 將 'const float' 轉換為 'int'，由於型別不同，可能導致資料遺失
     1>CvExtenstion.cpp(179): warning C4244: '正在初始化' : 將 'const float' 轉換為 'int'，由於型別不同，可能導致資料遺失
     1>CvExtenstion.cpp(193): warning C4244: '引數' : 將 'int' 轉換為 'const float'，由於型別不同，可能導致資料遺失
     1>CvExtenstion.cpp(193): warning C4244: '引數' : 將 'int' 轉換為 'const float'，由於型別不同，可能導致資料遺失
     1>CvExtenstion.cpp(204): warning C4018: '<' : signed/unsigned 不相符
     1>CvExtenstion.cpp(206): warning C4244: '正在初始化' : 將 'const float' 轉換為 'int'，由於型別不同，可能導致資料遺失
     1>CvExtenstion.cpp(207): warning C4244: '正在初始化' : 將 'const float' 轉換為 'int'，由於型別不同，可能導致資料遺失
     1>CvExtenstion.cpp(221): warning C4244: '引數' : 將 'int' 轉換為 'const float'，由於型別不同，可能導致資料遺失
     1>CvExtenstion.cpp(221): warning C4244: '引數' : 將 'int' 轉換為 'const float'，由於型別不同，可能導致資料遺失
     1>CvExtenstion.cpp(245): warning C4018: '<' : signed/unsigned 不相符
     1>CvExtenstion.cpp(267): warning C4018: '<' : signed/unsigned 不相符
     1>CvExtenstion.cpp(269): warning C4244: '正在初始化' : 將 'const float' 轉換為 'int'，由於型別不同，可能導致資料遺失
     1>CvExtenstion.cpp(270): warning C4244: '正在初始化' : 將 'const float' 轉換為 'int'，由於型別不同，可能導致資料遺失
     1>CvExtenstion.cpp(284): warning C4244: '引數' : 將 'int' 轉換為 'const float'，由於型別不同，可能導致資料遺失
     1>CvExtenstion.cpp(284): warning C4244: '引數' : 將 'int' 轉換為 'const float'，由於型別不同，可能導致資料遺失
     1>CvExtenstion.cpp(295): warning C4018: '<' : signed/unsigned 不相符
     1>CvExtenstion.cpp(297): warning C4244: '正在初始化' : 將 'const float' 轉換為 'int'，由於型別不同，可能導致資料遺失
     1>CvExtenstion.cpp(298): warning C4244: '正在初始化' : 將 'const float' 轉換為 'int'，由於型別不同，可能導致資料遺失
     1>CvExtenstion.cpp(312): warning C4244: '引數' : 將 'int' 轉換為 'const float'，由於型別不同，可能導致資料遺失
     1>CvExtenstion.cpp(312): warning C4244: '引數' : 將 'int' 轉換為 'const float'，由於型別不同，可能導致資料遺失
     1>CvExtenstion.cpp(151): warning C4101: 'y' : 未參考的區域變數
     1>CvExtenstion.cpp(151): warning C4101: 'x' : 未參考的區域變數
     1>CvExtenstion.cpp(242): warning C4101: 'y' : 未參考的區域變數
     1>CvExtenstion.cpp(242): warning C4101: 'x' : 未參考的區域變數
     1>CvExtenstion.cpp(338): warning C4018: '<' : signed/unsigned 不相符
     1>CvExtenstion.cpp(360): warning C4018: '<' : signed/unsigned 不相符
     1>CvExtenstion.cpp(362): warning C4244: '正在初始化' : 將 'const float' 轉換為 'int'，由於型別不同，可能導致資料遺失
     1>CvExtenstion.cpp(363): warning C4244: '正在初始化' : 將 'const float' 轉換為 'int'，由於型別不同，可能導致資料遺失
     1>CvExtenstion.cpp(375): warning C4244: '引數' : 將 'int' 轉換為 'const float'，由於型別不同，可能導致資料遺失
     1>CvExtenstion.cpp(375): warning C4244: '引數' : 將 'int' 轉換為 'const float'，由於型別不同，可能導致資料遺失
     1>CvExtenstion.cpp(380): warning C4244: '引數' : 將 'int' 轉換為 'const float'，由於型別不同，可能導致資料遺失
     1>CvExtenstion.cpp(380): warning C4244: '引數' : 將 'int' 轉換為 'const float'，由於型別不同，可能導致資料遺失
     1>CvExtenstion.cpp(398): warning C4018: '<' : signed/unsigned 不相符
     1>CvExtenstion.cpp(400): warning C4244: '正在初始化' : 將 'const float' 轉換為 'int'，由於型別不同，可能導致資料遺失
     1>CvExtenstion.cpp(401): warning C4244: '正在初始化' : 將 'const float' 轉換為 'int'，由於型別不同，可能導致資料遺失
     1>CvExtenstion.cpp(417): warning C4244: '引數' : 將 'int' 轉換為 'const float'，由於型別不同，可能導致資料遺失
     1>CvExtenstion.cpp(417): warning C4244: '引數' : 將 'int' 轉換為 'const float'，由於型別不同，可能導致資料遺失
     1>CvExtenstion.cpp(425): warning C4018: '<' : signed/unsigned 不相符
     1>CvExtenstion.cpp(427): warning C4244: '正在初始化' : 將 'const float' 轉換為 'int'，由於型別不同，可能導致資料遺失
     1>CvExtenstion.cpp(428): warning C4244: '正在初始化' : 將 'const float' 轉換為 'int'，由於型別不同，可能導致資料遺失
     1>CvExtenstion.cpp(438): warning C4244: '引數' : 將 'int' 轉換為 'const float'，由於型別不同，可能導致資料遺失
     1>CvExtenstion.cpp(438): warning C4244: '引數' : 將 'int' 轉換為 'const float'，由於型別不同，可能導致資料遺失
     1>CvExtenstion.cpp(440): warning C4244: '引數' : 將 'int' 轉換為 'const float'，由於型別不同，可能導致資料遺失
     1>CvExtenstion.cpp(440): warning C4244: '引數' : 將 'int' 轉換為 'const float'，由於型別不同，可能導致資料遺失
     1>CvExtenstion.cpp(467): warning C4018: '<' : signed/unsigned 不相符
     1>CvExtenstion.cpp(489): warning C4018: '<' : signed/unsigned 不相符
     1>CvExtenstion.cpp(491): warning C4244: '正在初始化' : 將 'const float' 轉換為 'int'，由於型別不同，可能導致資料遺失
     1>CvExtenstion.cpp(492): warning C4244: '正在初始化' : 將 'const float' 轉換為 'int'，由於型別不同，可能導致資料遺失
     1>CvExtenstion.cpp(504): warning C4244: '引數' : 將 'int' 轉換為 'const float'，由於型別不同，可能導致資料遺失
     1>CvExtenstion.cpp(504): warning C4244: '引數' : 將 'int' 轉換為 'const float'，由於型別不同，可能導致資料遺失
     1>CvExtenstion.cpp(509): warning C4244: '引數' : 將 'int' 轉換為 'const float'，由於型別不同，可能導致資料遺失
     1>CvExtenstion.cpp(509): warning C4244: '引數' : 將 'int' 轉換為 'const float'，由於型別不同，可能導致資料遺失
     1>CvExtenstion.cpp(529): warning C4244: '正在初始化' : 將 'const float' 轉換為 'int'，由於型別不同，可能導致資料遺失
     1>CvExtenstion.cpp(530): warning C4244: '正在初始化' : 將 'const float' 轉換為 'int'，由於型別不同，可能導致資料遺失
     1>CvExtenstion.cpp(546): warning C4244: '引數' : 將 'int' 轉換為 'const float'，由於型別不同，可能導致資料遺失
     1>CvExtenstion.cpp(546): warning C4244: '引數' : 將 'int' 轉換為 'const float'，由於型別不同，可能導致資料遺失
     1>CvExtenstion.cpp(554): warning C4018: '<' : signed/unsigned 不相符
     1>CvExtenstion.cpp(556): warning C4244: '正在初始化' : 將 'const float' 轉換為 'int'，由於型別不同，可能導致資料遺失
     1>CvExtenstion.cpp(557): warning C4244: '正在初始化' : 將 'const float' 轉換為 'int'，由於型別不同，可能導致資料遺失
     1>CvExtenstion.cpp(567): warning C4244: '引數' : 將 'int' 轉換為 'const float'，由於型別不同，可能導致資料遺失
     1>CvExtenstion.cpp(567): warning C4244: '引數' : 將 'int' 轉換為 'const float'，由於型別不同，可能導致資料遺失
     1>CvExtenstion.cpp(569): warning C4244: '引數' : 將 'int' 轉換為 'const float'，由於型別不同，可能導致資料遺失
     1>CvExtenstion.cpp(569): warning C4244: '引數' : 將 'int' 轉換為 'const float'，由於型別不同，可能導致資料遺失
     1>CvExtenstion.cpp(335): warning C4101: 'y' : 未參考的區域變數
     1>CvExtenstion.cpp(335): warning C4101: 'x' : 未參考的區域變數
     1>CvExtenstion.cpp(464): warning C4101: 'y' : 未參考的區域變數
     1>CvExtenstion.cpp(464): warning C4101: 'x' : 未參考的區域變數
     1>CvExtenstion.cpp(615): warning C4244: '引數' : 將 'const float' 轉換為 'int'，由於型別不同，可能導致資料遺失
     1>CvExtenstion.cpp(615): warning C4244: '引數' : 將 'const float' 轉換為 'int'，由於型別不同，可能導致資料遺失
     1>CvExtenstion.cpp(639): warning C4244: '引數' : 將 'int' 轉換為 'float'，由於型別不同，可能導致資料遺失
     1>CvExtenstion.cpp(646): warning C4244: '引數' : 將 'int' 轉換為 'float'，由於型別不同，可能導致資料遺失
     1>CvExtenstion.cpp(677): warning C4244: '引數' : 將 'int' 轉換為 'float'，由於型別不同，可能導致資料遺失
     1>CvExtenstion.cpp(684): warning C4244: '引數' : 將 'int' 轉換為 'float'，由於型別不同，可能導致資料遺失
     1>CvExtenstion.cpp(700): warning C4244: '引數' : 將 'int' 轉換為 'const float'，由於型別不同，可能導致資料遺失
     1>CvExtenstion.cpp(702): warning C4244: '引數' : 將 'int' 轉換為 'const float'，由於型別不同，可能導致資料遺失
     1>CvExtenstion.cpp(702): warning C4244: '引數' : 將 'int' 轉換為 'const float'，由於型別不同，可能導致資料遺失
     1>CvExtenstion.cpp(717): warning C4244: '引數' : 將 'int' 轉換為 'const float'，由於型別不同，可能導致資料遺失
     1>CvExtenstion.cpp(723): warning C4244: '引數' : 將 'int' 轉換為 'const float'，由於型別不同，可能導致資料遺失
     1>CvExtenstion.cpp(723): warning C4244: '引數' : 將 'int' 轉換為 'const float'，由於型別不同，可能導致資料遺失
     1>CvExtenstion.cpp(741): warning C4244: '引數' : 將 'int' 轉換為 'const float'，由於型別不同，可能導致資料遺失
     1>CvExtenstion.cpp(747): warning C4244: '引數' : 將 'int' 轉換為 'const float'，由於型別不同，可能導致資料遺失
     1>CvExtenstion.cpp(747): warning C4244: '引數' : 將 'int' 轉換為 'const float'，由於型別不同，可能導致資料遺失
     1>CvExtenstion.cpp(807): warning C4244: '引數' : 將 'int' 轉換為 'const float'，由於型別不同，可能導致資料遺失
     1>CvExtenstion.cpp(807): warning C4244: '引數' : 將 'int' 轉換為 'const float'，由於型別不同，可能導致資料遺失
     1>CvExtenstion.cpp(832): warning C4018: '<' : signed/unsigned 不相符
     1>CvExtenstion.cpp(854): warning C4018: '<' : signed/unsigned 不相符
     1>CvExtenstion.cpp(856): warning C4244: '正在初始化' : 將 'const float' 轉換為 'int'，由於型別不同，可能導致資料遺失
     1>CvExtenstion.cpp(857): warning C4244: '正在初始化' : 將 'const float' 轉換為 'int'，由於型別不同，可能導致資料遺失
     1>CvExtenstion.cpp(871): warning C4244: '引數' : 將 'int' 轉換為 'const float'，由於型別不同，可能導致資料遺失
     1>CvExtenstion.cpp(871): warning C4244: '引數' : 將 'int' 轉換為 'const float'，由於型別不同，可能導致資料遺失
     1>CvExtenstion.cpp(880): warning C4018: '<' : signed/unsigned 不相符
     1>CvExtenstion.cpp(882): warning C4244: '正在初始化' : 將 'const float' 轉換為 'int'，由於型別不同，可能導致資料遺失
     1>CvExtenstion.cpp(883): warning C4244: '正在初始化' : 將 'const float' 轉換為 'int'，由於型別不同，可能導致資料遺失
     1>CvExtenstion.cpp(897): warning C4244: '引數' : 將 'int' 轉換為 'const float'，由於型別不同，可能導致資料遺失
     1>CvExtenstion.cpp(897): warning C4244: '引數' : 將 'int' 轉換為 'const float'，由於型別不同，可能導致資料遺失
     1>CvExtenstion.cpp(919): warning C4018: '<' : signed/unsigned 不相符
     1>CvExtenstion.cpp(941): warning C4018: '<' : signed/unsigned 不相符
     1>CvExtenstion.cpp(943): warning C4244: '正在初始化' : 將 'const float' 轉換為 'int'，由於型別不同，可能導致資料遺失
     1>CvExtenstion.cpp(944): warning C4244: '正在初始化' : 將 'const float' 轉換為 'int'，由於型別不同，可能導致資料遺失
     1>CvExtenstion.cpp(958): warning C4244: '引數' : 將 'int' 轉換為 'const float'，由於型別不同，可能導致資料遺失
     1>CvExtenstion.cpp(958): warning C4244: '引數' : 將 'int' 轉換為 'const float'，由於型別不同，可能導致資料遺失
     1>CvExtenstion.cpp(967): warning C4018: '<' : signed/unsigned 不相符
     1>CvExtenstion.cpp(969): warning C4244: '正在初始化' : 將 'const float' 轉換為 'int'，由於型別不同，可能導致資料遺失
     1>CvExtenstion.cpp(970): warning C4244: '正在初始化' : 將 'const float' 轉換為 'int'，由於型別不同，可能導致資料遺失
     1>CvExtenstion.cpp(984): warning C4244: '引數' : 將 'int' 轉換為 'const float'，由於型別不同，可能導致資料遺失
     1>CvExtenstion.cpp(984): warning C4244: '引數' : 將 'int' 轉換為 'const float'，由於型別不同，可能導致資料遺失
     1>CvExtenstion.cpp(829): warning C4101: 'y' : 未參考的區域變數
     1>CvExtenstion.cpp(829): warning C4101: 'x' : 未參考的區域變數
     1>CvExtenstion.cpp(916): warning C4101: 'y' : 未參考的區域變數
     1>CvExtenstion.cpp(916): warning C4101: 'x' : 未參考的區域變數
     1>CvExtenstion.cpp(1036): warning C4309: '=' : 轉換導致常數值遭截斷; 可能需要使用較大的型別
     1>CvExtenstion.cpp(1165): warning C4244: '引數' : 將 'int' 轉換為 'const float'，由於型別不同，可能導致資料遺失
     1>CvExtenstion.cpp(1165): warning C4244: '引數' : 將 'int' 轉換為 'const float'，由於型別不同，可能導致資料遺失
     1>CvExtenstion.cpp(1189): warning C4244: '引數' : 將 'const float' 轉換為 'int'，由於型別不同，可能導致資料遺失
     1>CvExtenstion.cpp(1189): warning C4244: '引數' : 將 'const float' 轉換為 'int'，由於型別不同，可能導致資料遺失
     1>CvExtenstion.cpp(1205): warning C4244: '=' : 將 'int' 轉換為 'float'，由於型別不同，可能導致資料遺失
     1>CvExtenstion.cpp(1207): warning C4244: '=' : 將 'int' 轉換為 'float'，由於型別不同，可能導致資料遺失
     1>CvExtenstion.cpp(1209): warning C4244: '引數' : 將 'float' 轉換為 'int'，由於型別不同，可能導致資料遺失
     1>CvExtenstion.cpp(1209): warning C4244: '引數' : 將 'float' 轉換為 'int'，由於型別不同，可能導致資料遺失
     1>CvExtenstion.cpp(1358): warning C4244: '引數' : 將 'float' 轉換為 'int'，由於型別不同，可能導致資料遺失
     1>CvExtenstion.cpp(1358): warning C4244: '引數' : 將 'float' 轉換為 'int'，由於型別不同，可能導致資料遺失
     1>CvExtenstion.cpp(1367): warning C4244: '引數' : 將 'float' 轉換為 'int'，由於型別不同，可能導致資料遺失
     1>CvExtenstion.cpp(1367): warning C4244: '引數' : 將 'float' 轉換為 'int'，由於型別不同，可能導致資料遺失
     1>CvExtenstion.cpp(1381): warning C4244: '引數' : 將 'float' 轉換為 'int'，由於型別不同，可能導致資料遺失
     1>CvExtenstion.cpp(1381): warning C4244: '引數' : 將 'float' 轉換為 'int'，由於型別不同，可能導致資料遺失
     1>CvExtenstion.cpp(1393): warning C4244: '引數' : 將 'float' 轉換為 'int'，由於型別不同，可能導致資料遺失
     1>CvExtenstion.cpp(1393): warning C4244: '引數' : 將 'float' 轉換為 'int'，由於型別不同，可能導致資料遺失
     1>CvExtenstion.cpp(1465): warning C4018: '<' : signed/unsigned 不相符
     1>CvExtenstion.cpp(1496): warning C4018: '<' : signed/unsigned 不相符
     1>CvExtenstion.cpp(1839): warning C4244: '引數' : 將 'float' 轉換為 'int'，由於型別不同，可能導致資料遺失
     1>CvExtenstion.cpp(1839): warning C4244: '引數' : 將 'float' 轉換為 'int'，由於型別不同，可能導致資料遺失
     1>CvExtenstion.cpp(1843): warning C4244: '引數' : 將 'float' 轉換為 'int'，由於型別不同，可能導致資料遺失
     1>CvExtenstion.cpp(1843): warning C4244: '引數' : 將 'float' 轉換為 'int'，由於型別不同，可能導致資料遺失
     1>CvExtenstion.cpp(1909): warning C4244: '引數' : 將 'int' 轉換為 'const float'，由於型別不同，可能導致資料遺失
     1>CvExtenstion.cpp(1909): warning C4244: '引數' : 將 'int' 轉換為 'const float'，由於型別不同，可能導致資料遺失
     1>CvExtenstion.cpp(1915): warning C4244: '引數' : 將 'int' 轉換為 'const float'，由於型別不同，可能導致資料遺失
     1>CvExtenstion.cpp(1915): warning C4244: '引數' : 將 'int' 轉換為 'const float'，由於型別不同，可能導致資料遺失
     1>CvExtenstion.cpp(1926): warning C4018: '<' : signed/unsigned 不相符
     1>CvExtenstion.cpp(1939): warning C4244: '引數' : 將 'int' 轉換為 'const float'，由於型別不同，可能導致資料遺失
     1>CvExtenstion.cpp(1939): warning C4244: '引數' : 將 'int' 轉換為 'const float'，由於型別不同，可能導致資料遺失
     1>CvExtenstion.cpp(1945): warning C4244: '引數' : 將 'int' 轉換為 'const float'，由於型別不同，可能導致資料遺失
     1>CvExtenstion.cpp(1945): warning C4244: '引數' : 將 'int' 轉換為 'const float'，由於型別不同，可能導致資料遺失
     1>CvExtenstion.cpp(1956): warning C4018: '<' : signed/unsigned 不相符
     1>CvExtenstion.cpp(2320): warning C4018: '<' : signed/unsigned 不相符
     1>CvExtenstion.cpp(2332): warning C4018: '<' : signed/unsigned 不相符
     1>CvExtenstion.cpp(2436): warning C4244: '引數' : 將 'int' 轉換為 'const float'，由於型別不同，可能導致資料遺失
     1>CvExtenstion.cpp(2436): warning C4244: '引數' : 將 'int' 轉換為 'const float'，由於型別不同，可能導致資料遺失
     1>CvExtenstion.cpp(2709): warning C4244: 'return' : 將 'double' 轉換為 'float'，由於型別不同，可能導致資料遺失
     1>CvExtenstion.cpp(2714): warning C4244: 'return' : 將 'double' 轉換為 'float'，由於型別不同，可能導致資料遺失
     1>CvExtenstion.cpp(2787): warning C4305: '=' : 從 'double' 轉換為 'float'，是由較大的型別轉換為較小的型別，可能導致資料遺失
     1>CvExtenstion.cpp(2856): warning C4244: '正在初始化' : 將 'double' 轉換為 'float'，由於型別不同，可能導致資料遺失
     1>CvExtenstion.cpp(2890): warning C4305: '=' : 從 'double' 轉換為 'float'，是由較大的型別轉換為較小的型別，可能導致資料遺失
     1>CvExtenstion.cpp(2932): warning C4018: '<' : signed/unsigned 不相符
     1>CvExtenstion.cpp(2939): warning C4018: '<' : signed/unsigned 不相符
     1>CvExtenstion.cpp(2941): warning C4244: '引數' : 將 'float' 轉換為 'int'，由於型別不同，可能導致資料遺失
     1>CvExtenstion.cpp(2941): warning C4244: '引數' : 將 'float' 轉換為 'int'，由於型別不同，可能導致資料遺失
     1>CvExtenstion.cpp(2965): warning C4018: '<' : signed/unsigned 不相符
     1>CvExtenstion.cpp(2974): warning C4018: '<' : signed/unsigned 不相符
     1>CvExtenstion.cpp(2976): warning C4244: '=' : 將 'double' 轉換為 'float'，由於型別不同，可能導致資料遺失
     1>CvExtenstion.cpp(2981): warning C4018: '<' : signed/unsigned 不相符
     1>CvExtenstion.cpp(2985): warning C4244: '引數' : 將 'float' 轉換為 'int'，由於型別不同，可能導致資料遺失
     1>CvExtenstion.cpp(2985): warning C4244: '引數' : 將 'float' 轉換為 'int'，由於型別不同，可能導致資料遺失
     1>CvExtenstion.cpp(2986): warning C4244: '引數' : 將 'float' 轉換為 'int'，由於型別不同，可能導致資料遺失
     1>CvExtenstion.cpp(2986): warning C4244: '引數' : 將 'float' 轉換為 'int'，由於型別不同，可能導致資料遺失
     1>CvExtenstion.cpp(2987): warning C4244: '引數' : 將 'float' 轉換為 'int'，由於型別不同，可能導致資料遺失
     1>CvExtenstion.cpp(3016): warning C4018: '<' : signed/unsigned 不相符
         所有輸出都是最新的。
       ResourceCompile:
         所有輸出都是最新的。
       ManifestResourceCompile:
         所有輸出都是最新的。
       Link:
         c:\Program Files (x86)\Microsoft Visual Studio 10.0\VC\bin\link.exe /ERRORREPORT:PROMPT /OUT:"C:\Users\damody\Desktop\Video_vectorization\Vectorizing Animation Video\Debug\Vectorizing Animation Video.exe" /INCREMENTAL /NOLOGO uafxcwd.lib D3DX11Effectsd2010.lib d3d11.lib d3dx11.lib d3d9.lib d3dx9.lib DxErr.lib dinput8.lib d3dcompiler.lib dxguid.lib d3dxof.lib winmm.lib odbc32.lib odbccp32.lib dwrite.lib D2d1.lib imm32.lib Version.lib comctl32.lib dsound.lib /NODEFAULTLIB:msvcrtd.lib /NODEFAULTLIB:"libCGAL-vc100-mt-sgd-4.0.lib" /MANIFEST /ManifestFile:"Debug\Vectorizing Animation Video.exe.intermediate.manifest" /MANIFESTUAC:"level='asInvoker' uiAccess='false'" /DEBUG /PDB:"C:\Users\damody\Desktop\Video_vectorization\Vectorizing Animation Video\Debug\Vectorizing Animation Video.pdb" /SUBSYSTEM:WINDOWS /LARGEADDRESSAWARE /TLBID:1 /ENTRY:"wWinMainCRTStartup" /DYNAMICBASE /NXCOMPAT /IMPLIB:"C:\Users\damody\Desktop\Video_vectorization\Vectorizing Animation Video\Debug\Vectorizing Animation Video.lib" /MACHINE:X86 "Debug\Vectorizing Animation Video.res"
         "Debug\Vectorizing Animation Video.exe.embed.manifest.res"
         Debug\algSpline.obj
         Debug\algSpline2d.obj
         Debug\ClassView.obj
         Debug\CmCurveEx.obj
         Debug\ColorConstraint.obj
         Debug\ColorConstraintMedian.obj
         Debug\ConvStr.obj
         Debug\BezierCurve.obj
         Debug\BsplineCurve.obj
         Debug\HSplineCurve.obj
         Debug\LinearLine.obj
         Debug\PathInterpolater.obj
         Debug\CvExtenstion.obj
         Debug\d3dApp.obj
         Debug\DXUTUI.obj
         Debug\Timer.obj
         Debug\Vertex.obj
         Debug\DXUT.obj
         Debug\DXUTcamera.obj
         Debug\DXUTDevice11.obj
         Debug\DXUTDevice9.obj
         Debug\DXUTgui.obj
         Debug\DXUTguiIME.obj
         Debug\DXUTmisc.obj
         Debug\DXUTres.obj
         Debug\DXUTsettingsdlg.obj
         Debug\ImeUi.obj
         Debug\SDKmesh.obj
         Debug\SDKmisc.obj
         Debug\Edge.obj
         Debug\FileView.obj
         Debug\ImageSpline.obj
         Debug\LineFragment.obj
         Debug\AABB2D.obj
         Debug\AxisAlignedBox.obj
         Debug\Centroid.obj
         Debug\Math.obj
         Debug\Matrix3.obj
         Debug\Matrix4.obj
         Debug\Plane.obj
         Debug\Polygon2D.obj
         Debug\Quaternion.obj
         Debug\Vector2.obj
         Debug\Vector3.obj
         Debug\Vector4.obj
         Debug\OutputWnd.obj
         Debug\Patch.obj
         Debug\PatchSpline.obj
         Debug\PropertiesWnd.obj
         Debug\SplineFragment.obj
         Debug\SplineShape.obj
         Debug\stdafx.obj
         Debug\TriangulationCgal_Patch.obj
         Debug\TriangulationCgal_SeedPoint.obj
         Debug\TriangulationCgal_Sideline.obj
         Debug\vavImage.obj
         Debug\VAV_Doc.obj
         Debug\VAV_MainFrm.obj
         Debug\VAV_View.obj
         Debug\VAV_App.obj
         Debug\ViewTree.obj
       Manifest:
         C:\Program Files (x86)\Microsoft SDKs\Windows\v7.0A\bin\mt.exe /nologo /verbose /out:"Debug\Vectorizing Animation Video.exe.embed.manifest" /manifest "Debug\Vectorizing Animation Video.exe.intermediate.manifest" "c:\Program Files (x86)\Microsoft Visual Studio 10.0\VC\Include\Manifest\dpiaware.manifest"
         所有輸出都是最新的。
       LinkEmbedManifest:
         所有輸出都是最新的。
         Vectorizing Animation Video.vcxproj -> C:\Users\damody\Desktop\Video_vectorization\Vectorizing Animation Video\Debug\Vectorizing Animation Video.exe
       FinalizeBuildStatus:
         正在刪除檔案 "Debug\Vectorizing Animation Video.unsuccessfulbuild"。
         正在變更時間戳記 "Debug\Vectorizing Animation Video.lastbuildstate"。
     1>專案 "C:\Users\damody\Desktop\Video_vectorization\Vectorizing Animation Video\Vectorizing Animation Video\Vectorizing Animation Video.vcxproj" (build 目標) 建置完成。

建置成功。

經過時間 00:00:11.69
