已經開始建置於 2013/1/7 上午 02:09:13。
     1>節點 2 (build 目標) 上的專案 "C:\Users\damody\Desktop\Video_vectorization\Vectorizing Animation Video\Vectorizing Animation Video\Vectorizing Animation Video_2012.vcxproj"。
     1>InitializeBuildStatus:
         由於指定了 "AlwaysCreate"，因此正在建立 "Debug\Vectorizing Animation Video_2012.unsuccessfulbuild"。
       ClCompile:
         所有輸出都是最新的。
         c:\Program Files (x86)\Microsoft Visual Studio 10.0\VC\bin\CL.exe /c /I. /ZI /nologo /W3 /WX- /Od /Oy- /D CGAL_NO_AUTOLINK /D WIN32 /D _WINDOWS /D _DEBUG /D _UNICODE /D UNICODE /Gm /EHsc /RTC1 /MTd /GS /fp:precise /Zc:wchar_t /Zc:forScope /Yc"StdAfx.h" /Fp"Debug\Vectorizing Animation Video_2012.pch" /Fo"Debug\\" /Fd"Debug\vc100.pdb" /Gd /TP /analyze- /errorReport:prompt stdafx.cpp
         stdafx.cpp
         所有輸出都是最新的。
         c:\Program Files (x86)\Microsoft Visual Studio 10.0\VC\bin\CL.exe /c /I. /ZI /nologo /W3 /WX- /Od /Oy- /D CGAL_NO_AUTOLINK /D WIN32 /D _WINDOWS /D _DEBUG /D _UNICODE /D UNICODE /Gm /EHsc /RTC1 /MTd /GS /fp:precise /Zc:wchar_t /Zc:forScope /Yu"StdAfx.h" /Fp"Debug\Vectorizing Animation Video_2012.pch" /Fo"Debug\\" /Fd"Debug\vc100.pdb" /Gd /TP /analyze- /errorReport:prompt ClassView.cpp FileView.cpp OutputWnd.cpp PropertiesWnd.cpp VAV_Doc.cpp VAV_MainFrm.cpp VAV_View.cpp VAV_App.cpp ViewTree.cpp
         ViewTree.cpp
         VAV_App.cpp
     1>c:\clibrary\alglib-3.6.0\src\linalg.h(2771): warning C4819: 檔案含有無法在目前字碼頁 (950) 中表示的字元。請以 Unicode 格式儲存檔案以防止資料遺失
     1>c:\clibrary\alglib-3.6.0\src\linalg.h(4045): warning C4819: 檔案含有無法在目前字碼頁 (950) 中表示的字元。請以 Unicode 格式儲存檔案以防止資料遺失
     1>c:\clibrary\alglib-3.6.0\src\linalg.h(2771): warning C4819: 檔案含有無法在目前字碼頁 (950) 中表示的字元。請以 Unicode 格式儲存檔案以防止資料遺失
     1>c:\clibrary\alglib-3.6.0\src\linalg.h(4045): warning C4819: 檔案含有無法在目前字碼頁 (950) 中表示的字元。請以 Unicode 格式儲存檔案以防止資料遺失
     1>c:\clibrary\alglib-3.6.0\src\linalg.h(2771): warning C4819: 檔案含有無法在目前字碼頁 (950) 中表示的字元。請以 Unicode 格式儲存檔案以防止資料遺失
     1>c:\clibrary\alglib-3.6.0\src\linalg.h(4045): warning C4819: 檔案含有無法在目前字碼頁 (950) 中表示的字元。請以 Unicode 格式儲存檔案以防止資料遺失
     1>c:\clibrary\alglib-3.6.0\src\specialfunctions.h(865): warning C4819: 檔案含有無法在目前字碼頁 (950) 中表示的字元。請以 Unicode 格式儲存檔案以防止資料遺失
     1>c:\clibrary\alglib-3.6.0\src\integration.h : warning C4819: 檔案含有無法在目前字碼頁 (950) 中表示的字元。請以 Unicode 格式儲存檔案以防止資料遺失
     1>c:\clibrary\alglib-3.6.0\src\linalg.h(2771): warning C4819: 檔案含有無法在目前字碼頁 (950) 中表示的字元。請以 Unicode 格式儲存檔案以防止資料遺失
     1>c:\clibrary\alglib-3.6.0\src\linalg.h(4045): warning C4819: 檔案含有無法在目前字碼頁 (950) 中表示的字元。請以 Unicode 格式儲存檔案以防止資料遺失
     1>c:\clibrary\alglib-3.6.0\src\specialfunctions.h(865): warning C4819: 檔案含有無法在目前字碼頁 (950) 中表示的字元。請以 Unicode 格式儲存檔案以防止資料遺失
         VAV_View.cpp
     1>c:\clibrary\alglib-3.6.0\src\linalg.h(2771): warning C4819: 檔案含有無法在目前字碼頁 (950) 中表示的字元。請以 Unicode 格式儲存檔案以防止資料遺失
     1>c:\clibrary\alglib-3.6.0\src\linalg.h(4045): warning C4819: 檔案含有無法在目前字碼頁 (950) 中表示的字元。請以 Unicode 格式儲存檔案以防止資料遺失
     1>c:\clibrary\alglib-3.6.0\src\linalg.h(2771): warning C4819: 檔案含有無法在目前字碼頁 (950) 中表示的字元。請以 Unicode 格式儲存檔案以防止資料遺失
     1>c:\clibrary\alglib-3.6.0\src\linalg.h(4045): warning C4819: 檔案含有無法在目前字碼頁 (950) 中表示的字元。請以 Unicode 格式儲存檔案以防止資料遺失
     1>c:\clibrary\alglib-3.6.0\src\linalg.h(2771): warning C4819: 檔案含有無法在目前字碼頁 (950) 中表示的字元。請以 Unicode 格式儲存檔案以防止資料遺失
     1>c:\clibrary\alglib-3.6.0\src\linalg.h(4045): warning C4819: 檔案含有無法在目前字碼頁 (950) 中表示的字元。請以 Unicode 格式儲存檔案以防止資料遺失
     1>c:\clibrary\alglib-3.6.0\src\specialfunctions.h(865): warning C4819: 檔案含有無法在目前字碼頁 (950) 中表示的字元。請以 Unicode 格式儲存檔案以防止資料遺失
     1>c:\clibrary\alglib-3.6.0\src\integration.h : warning C4819: 檔案含有無法在目前字碼頁 (950) 中表示的字元。請以 Unicode 格式儲存檔案以防止資料遺失
     1>c:\clibrary\alglib-3.6.0\src\linalg.h(2771): warning C4819: 檔案含有無法在目前字碼頁 (950) 中表示的字元。請以 Unicode 格式儲存檔案以防止資料遺失
     1>c:\clibrary\alglib-3.6.0\src\linalg.h(4045): warning C4819: 檔案含有無法在目前字碼頁 (950) 中表示的字元。請以 Unicode 格式儲存檔案以防止資料遺失
     1>c:\clibrary\alglib-3.6.0\src\specialfunctions.h(865): warning C4819: 檔案含有無法在目前字碼頁 (950) 中表示的字元。請以 Unicode 格式儲存檔案以防止資料遺失
     1>c:\users\damody\desktop\video_vectorization\vectorizing animation video\vectorizing animation video\vav_view.cpp(206): warning C4305: '+=' : 從 'double' 轉換為 'float'，是由較大的型別轉換為較小的型別，可能導致資料遺失
     1>c:\users\damody\desktop\video_vectorization\vectorizing animation video\vectorizing animation video\vav_view.cpp(211): warning C4305: '-=' : 從 'double' 轉換為 'float'，是由較大的型別轉換為較小的型別，可能導致資料遺失
         VAV_MainFrm.cpp
     1>c:\clibrary\alglib-3.6.0\src\linalg.h(2771): warning C4819: 檔案含有無法在目前字碼頁 (950) 中表示的字元。請以 Unicode 格式儲存檔案以防止資料遺失
     1>c:\clibrary\alglib-3.6.0\src\linalg.h(4045): warning C4819: 檔案含有無法在目前字碼頁 (950) 中表示的字元。請以 Unicode 格式儲存檔案以防止資料遺失
     1>c:\clibrary\alglib-3.6.0\src\linalg.h(2771): warning C4819: 檔案含有無法在目前字碼頁 (950) 中表示的字元。請以 Unicode 格式儲存檔案以防止資料遺失
     1>c:\clibrary\alglib-3.6.0\src\linalg.h(4045): warning C4819: 檔案含有無法在目前字碼頁 (950) 中表示的字元。請以 Unicode 格式儲存檔案以防止資料遺失
     1>c:\clibrary\alglib-3.6.0\src\linalg.h(2771): warning C4819: 檔案含有無法在目前字碼頁 (950) 中表示的字元。請以 Unicode 格式儲存檔案以防止資料遺失
     1>c:\clibrary\alglib-3.6.0\src\linalg.h(4045): warning C4819: 檔案含有無法在目前字碼頁 (950) 中表示的字元。請以 Unicode 格式儲存檔案以防止資料遺失
     1>c:\clibrary\alglib-3.6.0\src\specialfunctions.h(865): warning C4819: 檔案含有無法在目前字碼頁 (950) 中表示的字元。請以 Unicode 格式儲存檔案以防止資料遺失
     1>c:\clibrary\alglib-3.6.0\src\integration.h : warning C4819: 檔案含有無法在目前字碼頁 (950) 中表示的字元。請以 Unicode 格式儲存檔案以防止資料遺失
     1>c:\clibrary\alglib-3.6.0\src\linalg.h(2771): warning C4819: 檔案含有無法在目前字碼頁 (950) 中表示的字元。請以 Unicode 格式儲存檔案以防止資料遺失
     1>c:\clibrary\alglib-3.6.0\src\linalg.h(4045): warning C4819: 檔案含有無法在目前字碼頁 (950) 中表示的字元。請以 Unicode 格式儲存檔案以防止資料遺失
     1>c:\clibrary\alglib-3.6.0\src\specialfunctions.h(865): warning C4819: 檔案含有無法在目前字碼頁 (950) 中表示的字元。請以 Unicode 格式儲存檔案以防止資料遺失
     1>c:\program files (x86)\microsoft visual studio 10.0\vc\include\stdint.h(72): warning C4005: 'INT8_MIN' : 巨集重複定義
                 c:\program files (x86)\microsoft sdks\windows\v7.0a\include\intsafe.h(144) : 請參閱 'INT8_MIN' 之前的定義
     1>c:\program files (x86)\microsoft visual studio 10.0\vc\include\stdint.h(73): warning C4005: 'INT16_MIN' : 巨集重複定義
                 c:\program files (x86)\microsoft sdks\windows\v7.0a\include\intsafe.h(146) : 請參閱 'INT16_MIN' 之前的定義
     1>c:\program files (x86)\microsoft visual studio 10.0\vc\include\stdint.h(74): warning C4005: 'INT32_MIN' : 巨集重複定義
                 c:\program files (x86)\microsoft sdks\windows\v7.0a\include\intsafe.h(148) : 請參閱 'INT32_MIN' 之前的定義
     1>c:\program files (x86)\microsoft visual studio 10.0\vc\include\stdint.h(76): warning C4005: 'INT8_MAX' : 巨集重複定義
                 c:\program files (x86)\microsoft sdks\windows\v7.0a\include\intsafe.h(167) : 請參閱 'INT8_MAX' 之前的定義
     1>c:\program files (x86)\microsoft visual studio 10.0\vc\include\stdint.h(77): warning C4005: 'INT16_MAX' : 巨集重複定義
                 c:\program files (x86)\microsoft sdks\windows\v7.0a\include\intsafe.h(171) : 請參閱 'INT16_MAX' 之前的定義
     1>c:\program files (x86)\microsoft visual studio 10.0\vc\include\stdint.h(78): warning C4005: 'INT32_MAX' : 巨集重複定義
                 c:\program files (x86)\microsoft sdks\windows\v7.0a\include\intsafe.h(176) : 請參閱 'INT32_MAX' 之前的定義
     1>c:\program files (x86)\microsoft visual studio 10.0\vc\include\stdint.h(79): warning C4005: 'UINT8_MAX' : 巨集重複定義
                 c:\program files (x86)\microsoft sdks\windows\v7.0a\include\intsafe.h(168) : 請參閱 'UINT8_MAX' 之前的定義
     1>c:\program files (x86)\microsoft visual studio 10.0\vc\include\stdint.h(80): warning C4005: 'UINT16_MAX' : 巨集重複定義
                 c:\program files (x86)\microsoft sdks\windows\v7.0a\include\intsafe.h(173) : 請參閱 'UINT16_MAX' 之前的定義
     1>c:\program files (x86)\microsoft visual studio 10.0\vc\include\stdint.h(81): warning C4005: 'UINT32_MAX' : 巨集重複定義
                 c:\program files (x86)\microsoft sdks\windows\v7.0a\include\intsafe.h(178) : 請參閱 'UINT32_MAX' 之前的定義
     1>c:\program files (x86)\microsoft visual studio 10.0\vc\include\stdint.h(149): warning C4005: 'INT64_MIN' : 巨集重複定義
                 c:\program files (x86)\microsoft sdks\windows\v7.0a\include\intsafe.h(152) : 請參閱 'INT64_MIN' 之前的定義
     1>c:\program files (x86)\microsoft visual studio 10.0\vc\include\stdint.h(150): warning C4005: 'INT64_MAX' : 巨集重複定義
                 c:\program files (x86)\microsoft sdks\windows\v7.0a\include\intsafe.h(184) : 請參閱 'INT64_MAX' 之前的定義
     1>c:\program files (x86)\microsoft visual studio 10.0\vc\include\stdint.h(151): warning C4005: 'UINT64_MAX' : 巨集重複定義
                 c:\program files (x86)\microsoft sdks\windows\v7.0a\include\intsafe.h(189) : 請參閱 'UINT64_MAX' 之前的定義
     1>c:\clibrary\boost_1_50_0\boost\type_traits\detail\has_binary_operator.hpp : warning C4819: 檔案含有無法在目前字碼頁 (950) 中表示的字元。請以 Unicode 格式儲存檔案以防止資料遺失
     1>c:\clibrary\boost_1_50_0\boost\type_traits\detail\has_binary_operator.hpp : warning C4819: 檔案含有無法在目前字碼頁 (950) 中表示的字元。請以 Unicode 格式儲存檔案以防止資料遺失
     1>c:\clibrary\boost_1_50_0\boost\type_traits\detail\has_binary_operator.hpp : warning C4819: 檔案含有無法在目前字碼頁 (950) 中表示的字元。請以 Unicode 格式儲存檔案以防止資料遺失
     1>c:\clibrary\boost_1_50_0\boost\type_traits\detail\has_binary_operator.hpp : warning C4819: 檔案含有無法在目前字碼頁 (950) 中表示的字元。請以 Unicode 格式儲存檔案以防止資料遺失
     1>c:\clibrary\boost_1_50_0\boost\type_traits\detail\has_binary_operator.hpp : warning C4819: 檔案含有無法在目前字碼頁 (950) 中表示的字元。請以 Unicode 格式儲存檔案以防止資料遺失
     1>c:\clibrary\boost_1_50_0\boost\type_traits\detail\has_binary_operator.hpp : warning C4819: 檔案含有無法在目前字碼頁 (950) 中表示的字元。請以 Unicode 格式儲存檔案以防止資料遺失
     1>c:\clibrary\boost_1_50_0\boost\type_traits\detail\has_binary_operator.hpp : warning C4819: 檔案含有無法在目前字碼頁 (950) 中表示的字元。請以 Unicode 格式儲存檔案以防止資料遺失
     1>c:\clibrary\boost_1_50_0\boost\type_traits\detail\has_binary_operator.hpp : warning C4819: 檔案含有無法在目前字碼頁 (950) 中表示的字元。請以 Unicode 格式儲存檔案以防止資料遺失
     1>c:\clibrary\boost_1_50_0\boost\type_traits\detail\has_binary_operator.hpp : warning C4819: 檔案含有無法在目前字碼頁 (950) 中表示的字元。請以 Unicode 格式儲存檔案以防止資料遺失
     1>c:\clibrary\boost_1_50_0\boost\type_traits\detail\has_binary_operator.hpp : warning C4819: 檔案含有無法在目前字碼頁 (950) 中表示的字元。請以 Unicode 格式儲存檔案以防止資料遺失
     1>c:\clibrary\boost_1_50_0\boost\type_traits\detail\has_binary_operator.hpp : warning C4819: 檔案含有無法在目前字碼頁 (950) 中表示的字元。請以 Unicode 格式儲存檔案以防止資料遺失
     1>c:\clibrary\boost_1_50_0\boost\type_traits\detail\has_binary_operator.hpp : warning C4819: 檔案含有無法在目前字碼頁 (950) 中表示的字元。請以 Unicode 格式儲存檔案以防止資料遺失
     1>c:\clibrary\boost_1_50_0\boost\type_traits\detail\has_binary_operator.hpp : warning C4819: 檔案含有無法在目前字碼頁 (950) 中表示的字元。請以 Unicode 格式儲存檔案以防止資料遺失
     1>c:\clibrary\boost_1_50_0\boost\type_traits\detail\has_binary_operator.hpp : warning C4819: 檔案含有無法在目前字碼頁 (950) 中表示的字元。請以 Unicode 格式儲存檔案以防止資料遺失
     1>c:\clibrary\boost_1_50_0\boost\type_traits\detail\has_binary_operator.hpp : warning C4819: 檔案含有無法在目前字碼頁 (950) 中表示的字元。請以 Unicode 格式儲存檔案以防止資料遺失
     1>c:\clibrary\boost_1_50_0\boost\type_traits\detail\has_binary_operator.hpp : warning C4819: 檔案含有無法在目前字碼頁 (950) 中表示的字元。請以 Unicode 格式儲存檔案以防止資料遺失
     1>c:\clibrary\boost_1_50_0\boost\type_traits\detail\has_binary_operator.hpp : warning C4819: 檔案含有無法在目前字碼頁 (950) 中表示的字元。請以 Unicode 格式儲存檔案以防止資料遺失
     1>c:\clibrary\boost_1_50_0\boost\type_traits\detail\has_binary_operator.hpp : warning C4819: 檔案含有無法在目前字碼頁 (950) 中表示的字元。請以 Unicode 格式儲存檔案以防止資料遺失
     1>c:\clibrary\boost_1_50_0\boost\type_traits\detail\has_binary_operator.hpp : warning C4819: 檔案含有無法在目前字碼頁 (950) 中表示的字元。請以 Unicode 格式儲存檔案以防止資料遺失
     1>c:\clibrary\boost_1_50_0\boost\type_traits\detail\has_binary_operator.hpp : warning C4819: 檔案含有無法在目前字碼頁 (950) 中表示的字元。請以 Unicode 格式儲存檔案以防止資料遺失
     1>c:\clibrary\boost_1_50_0\boost\type_traits\detail\has_binary_operator.hpp : warning C4819: 檔案含有無法在目前字碼頁 (950) 中表示的字元。請以 Unicode 格式儲存檔案以防止資料遺失
     1>c:\clibrary\boost_1_50_0\boost\type_traits\detail\has_binary_operator.hpp : warning C4819: 檔案含有無法在目前字碼頁 (950) 中表示的字元。請以 Unicode 格式儲存檔案以防止資料遺失
     1>c:\clibrary\boost_1_50_0\boost\type_traits\detail\has_binary_operator.hpp : warning C4819: 檔案含有無法在目前字碼頁 (950) 中表示的字元。請以 Unicode 格式儲存檔案以防止資料遺失
     1>c:\clibrary\boost_1_50_0\boost\type_traits\detail\has_binary_operator.hpp : warning C4819: 檔案含有無法在目前字碼頁 (950) 中表示的字元。請以 Unicode 格式儲存檔案以防止資料遺失
     1>c:\clibrary\boost_1_50_0\boost\type_traits\detail\has_binary_operator.hpp : warning C4819: 檔案含有無法在目前字碼頁 (950) 中表示的字元。請以 Unicode 格式儲存檔案以防止資料遺失
     1>c:\clibrary\boost_1_50_0\boost\type_traits\detail\has_binary_operator.hpp : warning C4819: 檔案含有無法在目前字碼頁 (950) 中表示的字元。請以 Unicode 格式儲存檔案以防止資料遺失
     1>c:\clibrary\boost_1_50_0\boost\type_traits\detail\has_binary_operator.hpp : warning C4819: 檔案含有無法在目前字碼頁 (950) 中表示的字元。請以 Unicode 格式儲存檔案以防止資料遺失
     1>c:\clibrary\boost_1_50_0\boost\type_traits\detail\has_binary_operator.hpp : warning C4819: 檔案含有無法在目前字碼頁 (950) 中表示的字元。請以 Unicode 格式儲存檔案以防止資料遺失
     1>c:\clibrary\boost_1_50_0\boost\format\alt_sstream_impl.hpp : warning C4819: 檔案含有無法在目前字碼頁 (950) 中表示的字元。請以 Unicode 格式儲存檔案以防止資料遺失
     1>c:\users\damody\desktop\video_vectorization\vectorizing animation video\vectorizing animation video\vav_mainfrm.cpp(446): warning C4244: '引數' : 將 'double' 轉換為 'float'，由於型別不同，可能導致資料遺失
     1>c:\users\damody\desktop\video_vectorization\vectorizing animation video\vectorizing animation video\vav_mainfrm.cpp(455): warning C4244: '引數' : 將 'double' 轉換為 'float'，由於型別不同，可能導致資料遺失
     1>c:\users\damody\desktop\video_vectorization\vectorizing animation video\vectorizing animation video\vav_mainfrm.cpp(464): warning C4244: '引數' : 將 'double' 轉換為 'float'，由於型別不同，可能導致資料遺失
     1>c:\users\damody\desktop\video_vectorization\vectorizing animation video\vectorizing animation video\vav_mainfrm.cpp(473): warning C4244: '引數' : 將 'double' 轉換為 'float'，由於型別不同，可能導致資料遺失
     1>c:\users\damody\desktop\video_vectorization\vectorizing animation video\vectorizing animation video\vav_mainfrm.cpp(513): warning C4305: '引數' : 從 'double' 轉換為 'float'，是由較大的型別轉換為較小的型別，可能導致資料遺失
     1>c:\users\damody\desktop\video_vectorization\vectorizing animation video\vectorizing animation video\vav_mainfrm.cpp(513): warning C4305: '引數' : 從 'double' 轉換為 'float'，是由較大的型別轉換為較小的型別，可能導致資料遺失
     1>c:\users\damody\desktop\video_vectorization\vectorizing animation video\vectorizing animation video\vav_mainfrm.cpp(558): warning C4018: '<' : signed/unsigned 不相符
     1>c:\users\damody\desktop\video_vectorization\vectorizing animation video\vectorizing animation video\vav_mainfrm.cpp(571): warning C4244: '引數' : 將 'int' 轉換為 'float'，由於型別不同，可能導致資料遺失
     1>c:\users\damody\desktop\video_vectorization\vectorizing animation video\vectorizing animation video\vav_mainfrm.cpp(573): warning C4244: '引數' : 將 'int' 轉換為 'float'，由於型別不同，可能導致資料遺失
     1>c:\users\damody\desktop\video_vectorization\vectorizing animation video\vectorizing animation video\vav_mainfrm.cpp(574): warning C4018: '<' : signed/unsigned 不相符
     1>c:\users\damody\desktop\video_vectorization\vectorizing animation video\vectorizing animation video\vav_mainfrm.cpp(581): warning C4018: '<' : signed/unsigned 不相符
     1>c:\users\damody\desktop\video_vectorization\vectorizing animation video\vectorizing animation video\vav_mainfrm.cpp(584): warning C4244: '引數' : 將 'int' 轉換為 'float'，由於型別不同，可能導致資料遺失
     1>c:\users\damody\desktop\video_vectorization\vectorizing animation video\vectorizing animation video\vav_mainfrm.cpp(584): warning C4244: '引數' : 將 'double' 轉換為 'float'，由於型別不同，可能導致資料遺失
     1>c:\users\damody\desktop\video_vectorization\vectorizing animation video\vectorizing animation video\vav_mainfrm.cpp(584): warning C4244: '引數' : 將 'double' 轉換為 'float'，由於型別不同，可能導致資料遺失
     1>c:\users\damody\desktop\video_vectorization\vectorizing animation video\vectorizing animation video\vav_mainfrm.cpp(625): warning C4244: '引數' : 將 'double' 轉換為 'float'，由於型別不同，可能導致資料遺失
     1>c:\users\damody\desktop\video_vectorization\vectorizing animation video\vectorizing animation video\vav_mainfrm.cpp(640): warning C4244: '引數' : 將 'double' 轉換為 'float'，由於型別不同，可能導致資料遺失
     1>c:\users\damody\desktop\video_vectorization\vectorizing animation video\vectorizing animation video\vav_mainfrm.cpp(647): warning C4018: '<' : signed/unsigned 不相符
     1>c:\users\damody\desktop\video_vectorization\vectorizing animation video\vectorizing animation video\vav_mainfrm.cpp(675): warning C4244: '引數' : 將 'double' 轉換為 'float'，由於型別不同，可能導致資料遺失
     1>c:\users\damody\desktop\video_vectorization\vectorizing animation video\vectorizing animation video\vav_mainfrm.cpp(690): warning C4244: '引數' : 將 'double' 轉換為 'float'，由於型別不同，可能導致資料遺失
     1>c:\users\damody\desktop\video_vectorization\vectorizing animation video\vectorizing animation video\vav_mainfrm.cpp(705): warning C4244: '引數' : 將 'double' 轉換為 'float'，由於型別不同，可能導致資料遺失
     1>c:\users\damody\desktop\video_vectorization\vectorizing animation video\vectorizing animation video\vav_mainfrm.cpp(719): warning C4244: '引數' : 將 'double' 轉換為 'float'，由於型別不同，可能導致資料遺失
     1>c:\users\damody\desktop\video_vectorization\vectorizing animation video\vectorizing animation video\vav_mainfrm.cpp(734): warning C4244: '引數' : 將 'double' 轉換為 'float'，由於型別不同，可能導致資料遺失
     1>c:\users\damody\desktop\video_vectorization\vectorizing animation video\vectorizing animation video\vav_mainfrm.cpp(749): warning C4244: '引數' : 將 'double' 轉換為 'float'，由於型別不同，可能導致資料遺失
         VAV_Doc.cpp
         PropertiesWnd.cpp
     1>c:\clibrary\alglib-3.6.0\src\linalg.h(2771): warning C4819: 檔案含有無法在目前字碼頁 (950) 中表示的字元。請以 Unicode 格式儲存檔案以防止資料遺失
     1>c:\clibrary\alglib-3.6.0\src\linalg.h(4045): warning C4819: 檔案含有無法在目前字碼頁 (950) 中表示的字元。請以 Unicode 格式儲存檔案以防止資料遺失
     1>c:\clibrary\alglib-3.6.0\src\linalg.h(2771): warning C4819: 檔案含有無法在目前字碼頁 (950) 中表示的字元。請以 Unicode 格式儲存檔案以防止資料遺失
     1>c:\clibrary\alglib-3.6.0\src\linalg.h(4045): warning C4819: 檔案含有無法在目前字碼頁 (950) 中表示的字元。請以 Unicode 格式儲存檔案以防止資料遺失
     1>c:\clibrary\alglib-3.6.0\src\linalg.h(2771): warning C4819: 檔案含有無法在目前字碼頁 (950) 中表示的字元。請以 Unicode 格式儲存檔案以防止資料遺失
     1>c:\clibrary\alglib-3.6.0\src\linalg.h(4045): warning C4819: 檔案含有無法在目前字碼頁 (950) 中表示的字元。請以 Unicode 格式儲存檔案以防止資料遺失
     1>c:\clibrary\alglib-3.6.0\src\specialfunctions.h(865): warning C4819: 檔案含有無法在目前字碼頁 (950) 中表示的字元。請以 Unicode 格式儲存檔案以防止資料遺失
     1>c:\clibrary\alglib-3.6.0\src\integration.h : warning C4819: 檔案含有無法在目前字碼頁 (950) 中表示的字元。請以 Unicode 格式儲存檔案以防止資料遺失
     1>c:\clibrary\alglib-3.6.0\src\linalg.h(2771): warning C4819: 檔案含有無法在目前字碼頁 (950) 中表示的字元。請以 Unicode 格式儲存檔案以防止資料遺失
     1>c:\clibrary\alglib-3.6.0\src\linalg.h(4045): warning C4819: 檔案含有無法在目前字碼頁 (950) 中表示的字元。請以 Unicode 格式儲存檔案以防止資料遺失
     1>c:\clibrary\alglib-3.6.0\src\specialfunctions.h(865): warning C4819: 檔案含有無法在目前字碼頁 (950) 中表示的字元。請以 Unicode 格式儲存檔案以防止資料遺失
         OutputWnd.cpp
     1>c:\clibrary\alglib-3.6.0\src\linalg.h(2771): warning C4819: 檔案含有無法在目前字碼頁 (950) 中表示的字元。請以 Unicode 格式儲存檔案以防止資料遺失
     1>c:\clibrary\alglib-3.6.0\src\linalg.h(4045): warning C4819: 檔案含有無法在目前字碼頁 (950) 中表示的字元。請以 Unicode 格式儲存檔案以防止資料遺失
     1>c:\clibrary\alglib-3.6.0\src\linalg.h(2771): warning C4819: 檔案含有無法在目前字碼頁 (950) 中表示的字元。請以 Unicode 格式儲存檔案以防止資料遺失
     1>c:\clibrary\alglib-3.6.0\src\linalg.h(4045): warning C4819: 檔案含有無法在目前字碼頁 (950) 中表示的字元。請以 Unicode 格式儲存檔案以防止資料遺失
     1>c:\clibrary\alglib-3.6.0\src\linalg.h(2771): warning C4819: 檔案含有無法在目前字碼頁 (950) 中表示的字元。請以 Unicode 格式儲存檔案以防止資料遺失
     1>c:\clibrary\alglib-3.6.0\src\linalg.h(4045): warning C4819: 檔案含有無法在目前字碼頁 (950) 中表示的字元。請以 Unicode 格式儲存檔案以防止資料遺失
     1>c:\clibrary\alglib-3.6.0\src\specialfunctions.h(865): warning C4819: 檔案含有無法在目前字碼頁 (950) 中表示的字元。請以 Unicode 格式儲存檔案以防止資料遺失
     1>c:\clibrary\alglib-3.6.0\src\integration.h : warning C4819: 檔案含有無法在目前字碼頁 (950) 中表示的字元。請以 Unicode 格式儲存檔案以防止資料遺失
     1>c:\clibrary\alglib-3.6.0\src\linalg.h(2771): warning C4819: 檔案含有無法在目前字碼頁 (950) 中表示的字元。請以 Unicode 格式儲存檔案以防止資料遺失
     1>c:\clibrary\alglib-3.6.0\src\linalg.h(4045): warning C4819: 檔案含有無法在目前字碼頁 (950) 中表示的字元。請以 Unicode 格式儲存檔案以防止資料遺失
     1>c:\clibrary\alglib-3.6.0\src\specialfunctions.h(865): warning C4819: 檔案含有無法在目前字碼頁 (950) 中表示的字元。請以 Unicode 格式儲存檔案以防止資料遺失
         FileView.cpp
     1>c:\clibrary\alglib-3.6.0\src\linalg.h(2771): warning C4819: 檔案含有無法在目前字碼頁 (950) 中表示的字元。請以 Unicode 格式儲存檔案以防止資料遺失
     1>c:\clibrary\alglib-3.6.0\src\linalg.h(4045): warning C4819: 檔案含有無法在目前字碼頁 (950) 中表示的字元。請以 Unicode 格式儲存檔案以防止資料遺失
     1>c:\clibrary\alglib-3.6.0\src\linalg.h(2771): warning C4819: 檔案含有無法在目前字碼頁 (950) 中表示的字元。請以 Unicode 格式儲存檔案以防止資料遺失
     1>c:\clibrary\alglib-3.6.0\src\linalg.h(4045): warning C4819: 檔案含有無法在目前字碼頁 (950) 中表示的字元。請以 Unicode 格式儲存檔案以防止資料遺失
     1>c:\clibrary\alglib-3.6.0\src\linalg.h(2771): warning C4819: 檔案含有無法在目前字碼頁 (950) 中表示的字元。請以 Unicode 格式儲存檔案以防止資料遺失
     1>c:\clibrary\alglib-3.6.0\src\linalg.h(4045): warning C4819: 檔案含有無法在目前字碼頁 (950) 中表示的字元。請以 Unicode 格式儲存檔案以防止資料遺失
     1>c:\clibrary\alglib-3.6.0\src\specialfunctions.h(865): warning C4819: 檔案含有無法在目前字碼頁 (950) 中表示的字元。請以 Unicode 格式儲存檔案以防止資料遺失
     1>c:\clibrary\alglib-3.6.0\src\integration.h : warning C4819: 檔案含有無法在目前字碼頁 (950) 中表示的字元。請以 Unicode 格式儲存檔案以防止資料遺失
     1>c:\clibrary\alglib-3.6.0\src\linalg.h(2771): warning C4819: 檔案含有無法在目前字碼頁 (950) 中表示的字元。請以 Unicode 格式儲存檔案以防止資料遺失
     1>c:\clibrary\alglib-3.6.0\src\linalg.h(4045): warning C4819: 檔案含有無法在目前字碼頁 (950) 中表示的字元。請以 Unicode 格式儲存檔案以防止資料遺失
     1>c:\clibrary\alglib-3.6.0\src\specialfunctions.h(865): warning C4819: 檔案含有無法在目前字碼頁 (950) 中表示的字元。請以 Unicode 格式儲存檔案以防止資料遺失
         ClassView.cpp
     1>c:\clibrary\alglib-3.6.0\src\linalg.h(2771): warning C4819: 檔案含有無法在目前字碼頁 (950) 中表示的字元。請以 Unicode 格式儲存檔案以防止資料遺失
     1>c:\clibrary\alglib-3.6.0\src\linalg.h(4045): warning C4819: 檔案含有無法在目前字碼頁 (950) 中表示的字元。請以 Unicode 格式儲存檔案以防止資料遺失
     1>c:\clibrary\alglib-3.6.0\src\linalg.h(2771): warning C4819: 檔案含有無法在目前字碼頁 (950) 中表示的字元。請以 Unicode 格式儲存檔案以防止資料遺失
     1>c:\clibrary\alglib-3.6.0\src\linalg.h(4045): warning C4819: 檔案含有無法在目前字碼頁 (950) 中表示的字元。請以 Unicode 格式儲存檔案以防止資料遺失
     1>c:\clibrary\alglib-3.6.0\src\linalg.h(2771): warning C4819: 檔案含有無法在目前字碼頁 (950) 中表示的字元。請以 Unicode 格式儲存檔案以防止資料遺失
     1>c:\clibrary\alglib-3.6.0\src\linalg.h(4045): warning C4819: 檔案含有無法在目前字碼頁 (950) 中表示的字元。請以 Unicode 格式儲存檔案以防止資料遺失
     1>c:\clibrary\alglib-3.6.0\src\specialfunctions.h(865): warning C4819: 檔案含有無法在目前字碼頁 (950) 中表示的字元。請以 Unicode 格式儲存檔案以防止資料遺失
     1>c:\clibrary\alglib-3.6.0\src\integration.h : warning C4819: 檔案含有無法在目前字碼頁 (950) 中表示的字元。請以 Unicode 格式儲存檔案以防止資料遺失
     1>c:\clibrary\alglib-3.6.0\src\linalg.h(2771): warning C4819: 檔案含有無法在目前字碼頁 (950) 中表示的字元。請以 Unicode 格式儲存檔案以防止資料遺失
     1>c:\clibrary\alglib-3.6.0\src\linalg.h(4045): warning C4819: 檔案含有無法在目前字碼頁 (950) 中表示的字元。請以 Unicode 格式儲存檔案以防止資料遺失
     1>c:\clibrary\alglib-3.6.0\src\specialfunctions.h(865): warning C4819: 檔案含有無法在目前字碼頁 (950) 中表示的字元。請以 Unicode 格式儲存檔案以防止資料遺失
         正在產生程式碼...
         c:\Program Files (x86)\Microsoft Visual Studio 10.0\VC\bin\CL.exe /c /I. /ZI /nologo /W3 /WX- /Od /Oy- /D CGAL_NO_AUTOLINK /D WIN32 /D _WINDOWS /D _DEBUG /D _UNICODE /D UNICODE /Gm /EHsc /RTC1 /MTd /GS /fp:precise /Zc:wchar_t /Zc:forScope /Fo"Debug\\" /Fd"Debug\vc100.pdb" /Gd /TP /analyze- /errorReport:prompt CvExtenstion.cpp
         CvExtenstion.cpp
     1>c:\clibrary\alglib-3.6.0\src\linalg.h(2771): warning C4819: 檔案含有無法在目前字碼頁 (950) 中表示的字元。請以 Unicode 格式儲存檔案以防止資料遺失
     1>c:\clibrary\alglib-3.6.0\src\linalg.h(4045): warning C4819: 檔案含有無法在目前字碼頁 (950) 中表示的字元。請以 Unicode 格式儲存檔案以防止資料遺失
     1>c:\clibrary\alglib-3.6.0\src\linalg.h(2771): warning C4819: 檔案含有無法在目前字碼頁 (950) 中表示的字元。請以 Unicode 格式儲存檔案以防止資料遺失
     1>c:\clibrary\alglib-3.6.0\src\linalg.h(4045): warning C4819: 檔案含有無法在目前字碼頁 (950) 中表示的字元。請以 Unicode 格式儲存檔案以防止資料遺失
     1>c:\clibrary\alglib-3.6.0\src\linalg.h(2771): warning C4819: 檔案含有無法在目前字碼頁 (950) 中表示的字元。請以 Unicode 格式儲存檔案以防止資料遺失
     1>c:\clibrary\alglib-3.6.0\src\linalg.h(4045): warning C4819: 檔案含有無法在目前字碼頁 (950) 中表示的字元。請以 Unicode 格式儲存檔案以防止資料遺失
     1>c:\clibrary\alglib-3.6.0\src\specialfunctions.h(865): warning C4819: 檔案含有無法在目前字碼頁 (950) 中表示的字元。請以 Unicode 格式儲存檔案以防止資料遺失
     1>c:\clibrary\alglib-3.6.0\src\integration.h : warning C4819: 檔案含有無法在目前字碼頁 (950) 中表示的字元。請以 Unicode 格式儲存檔案以防止資料遺失
     1>c:\clibrary\alglib-3.6.0\src\linalg.h(2771): warning C4819: 檔案含有無法在目前字碼頁 (950) 中表示的字元。請以 Unicode 格式儲存檔案以防止資料遺失
     1>c:\clibrary\alglib-3.6.0\src\linalg.h(4045): warning C4819: 檔案含有無法在目前字碼頁 (950) 中表示的字元。請以 Unicode 格式儲存檔案以防止資料遺失
     1>c:\clibrary\alglib-3.6.0\src\specialfunctions.h(865): warning C4819: 檔案含有無法在目前字碼頁 (950) 中表示的字元。請以 Unicode 格式儲存檔案以防止資料遺失
     1>c:\users\damody\desktop\video_vectorization\vectorizing animation video\vectorizing animation video\cvextenstion.cpp(78): warning C4244: '引數' : 將 'int' 轉換為 'const float'，由於型別不同，可能導致資料遺失
     1>c:\users\damody\desktop\video_vectorization\vectorizing animation video\vectorizing animation video\cvextenstion.cpp(78): warning C4244: '引數' : 將 'int' 轉換為 'const float'，由於型別不同，可能導致資料遺失
     1>c:\users\damody\desktop\video_vectorization\vectorizing animation video\vectorizing animation video\cvextenstion.cpp(154): warning C4018: '<' : signed/unsigned 不相符
     1>c:\users\damody\desktop\video_vectorization\vectorizing animation video\vectorizing animation video\cvextenstion.cpp(176): warning C4018: '<' : signed/unsigned 不相符
     1>c:\users\damody\desktop\video_vectorization\vectorizing animation video\vectorizing animation video\cvextenstion.cpp(178): warning C4244: '正在初始化' : 將 'const float' 轉換為 'int'，由於型別不同，可能導致資料遺失
     1>c:\users\damody\desktop\video_vectorization\vectorizing animation video\vectorizing animation video\cvextenstion.cpp(179): warning C4244: '正在初始化' : 將 'const float' 轉換為 'int'，由於型別不同，可能導致資料遺失
     1>c:\users\damody\desktop\video_vectorization\vectorizing animation video\vectorizing animation video\cvextenstion.cpp(193): warning C4244: '引數' : 將 'int' 轉換為 'const float'，由於型別不同，可能導致資料遺失
     1>c:\users\damody\desktop\video_vectorization\vectorizing animation video\vectorizing animation video\cvextenstion.cpp(193): warning C4244: '引數' : 將 'int' 轉換為 'const float'，由於型別不同，可能導致資料遺失
     1>c:\users\damody\desktop\video_vectorization\vectorizing animation video\vectorizing animation video\cvextenstion.cpp(204): warning C4018: '<' : signed/unsigned 不相符
     1>c:\users\damody\desktop\video_vectorization\vectorizing animation video\vectorizing animation video\cvextenstion.cpp(206): warning C4244: '正在初始化' : 將 'const float' 轉換為 'int'，由於型別不同，可能導致資料遺失
     1>c:\users\damody\desktop\video_vectorization\vectorizing animation video\vectorizing animation video\cvextenstion.cpp(207): warning C4244: '正在初始化' : 將 'const float' 轉換為 'int'，由於型別不同，可能導致資料遺失
     1>c:\users\damody\desktop\video_vectorization\vectorizing animation video\vectorizing animation video\cvextenstion.cpp(221): warning C4244: '引數' : 將 'int' 轉換為 'const float'，由於型別不同，可能導致資料遺失
     1>c:\users\damody\desktop\video_vectorization\vectorizing animation video\vectorizing animation video\cvextenstion.cpp(221): warning C4244: '引數' : 將 'int' 轉換為 'const float'，由於型別不同，可能導致資料遺失
     1>c:\users\damody\desktop\video_vectorization\vectorizing animation video\vectorizing animation video\cvextenstion.cpp(245): warning C4018: '<' : signed/unsigned 不相符
     1>c:\users\damody\desktop\video_vectorization\vectorizing animation video\vectorizing animation video\cvextenstion.cpp(267): warning C4018: '<' : signed/unsigned 不相符
     1>c:\users\damody\desktop\video_vectorization\vectorizing animation video\vectorizing animation video\cvextenstion.cpp(269): warning C4244: '正在初始化' : 將 'const float' 轉換為 'int'，由於型別不同，可能導致資料遺失
     1>c:\users\damody\desktop\video_vectorization\vectorizing animation video\vectorizing animation video\cvextenstion.cpp(270): warning C4244: '正在初始化' : 將 'const float' 轉換為 'int'，由於型別不同，可能導致資料遺失
     1>c:\users\damody\desktop\video_vectorization\vectorizing animation video\vectorizing animation video\cvextenstion.cpp(284): warning C4244: '引數' : 將 'int' 轉換為 'const float'，由於型別不同，可能導致資料遺失
     1>c:\users\damody\desktop\video_vectorization\vectorizing animation video\vectorizing animation video\cvextenstion.cpp(284): warning C4244: '引數' : 將 'int' 轉換為 'const float'，由於型別不同，可能導致資料遺失
     1>c:\users\damody\desktop\video_vectorization\vectorizing animation video\vectorizing animation video\cvextenstion.cpp(295): warning C4018: '<' : signed/unsigned 不相符
     1>c:\users\damody\desktop\video_vectorization\vectorizing animation video\vectorizing animation video\cvextenstion.cpp(297): warning C4244: '正在初始化' : 將 'const float' 轉換為 'int'，由於型別不同，可能導致資料遺失
     1>c:\users\damody\desktop\video_vectorization\vectorizing animation video\vectorizing animation video\cvextenstion.cpp(298): warning C4244: '正在初始化' : 將 'const float' 轉換為 'int'，由於型別不同，可能導致資料遺失
     1>c:\users\damody\desktop\video_vectorization\vectorizing animation video\vectorizing animation video\cvextenstion.cpp(312): warning C4244: '引數' : 將 'int' 轉換為 'const float'，由於型別不同，可能導致資料遺失
     1>c:\users\damody\desktop\video_vectorization\vectorizing animation video\vectorizing animation video\cvextenstion.cpp(312): warning C4244: '引數' : 將 'int' 轉換為 'const float'，由於型別不同，可能導致資料遺失
     1>c:\users\damody\desktop\video_vectorization\vectorizing animation video\vectorizing animation video\cvextenstion.cpp(151): warning C4101: 'y' : 未參考的區域變數
     1>c:\users\damody\desktop\video_vectorization\vectorizing animation video\vectorizing animation video\cvextenstion.cpp(151): warning C4101: 'x' : 未參考的區域變數
     1>c:\users\damody\desktop\video_vectorization\vectorizing animation video\vectorizing animation video\cvextenstion.cpp(242): warning C4101: 'y' : 未參考的區域變數
     1>c:\users\damody\desktop\video_vectorization\vectorizing animation video\vectorizing animation video\cvextenstion.cpp(242): warning C4101: 'x' : 未參考的區域變數
     1>c:\users\damody\desktop\video_vectorization\vectorizing animation video\vectorizing animation video\cvextenstion.cpp(338): warning C4018: '<' : signed/unsigned 不相符
     1>c:\users\damody\desktop\video_vectorization\vectorizing animation video\vectorizing animation video\cvextenstion.cpp(360): warning C4018: '<' : signed/unsigned 不相符
     1>c:\users\damody\desktop\video_vectorization\vectorizing animation video\vectorizing animation video\cvextenstion.cpp(362): warning C4244: '正在初始化' : 將 'const float' 轉換為 'int'，由於型別不同，可能導致資料遺失
     1>c:\users\damody\desktop\video_vectorization\vectorizing animation video\vectorizing animation video\cvextenstion.cpp(363): warning C4244: '正在初始化' : 將 'const float' 轉換為 'int'，由於型別不同，可能導致資料遺失
     1>c:\users\damody\desktop\video_vectorization\vectorizing animation video\vectorizing animation video\cvextenstion.cpp(375): warning C4244: '引數' : 將 'int' 轉換為 'const float'，由於型別不同，可能導致資料遺失
     1>c:\users\damody\desktop\video_vectorization\vectorizing animation video\vectorizing animation video\cvextenstion.cpp(375): warning C4244: '引數' : 將 'int' 轉換為 'const float'，由於型別不同，可能導致資料遺失
     1>c:\users\damody\desktop\video_vectorization\vectorizing animation video\vectorizing animation video\cvextenstion.cpp(380): warning C4244: '引數' : 將 'int' 轉換為 'const float'，由於型別不同，可能導致資料遺失
     1>c:\users\damody\desktop\video_vectorization\vectorizing animation video\vectorizing animation video\cvextenstion.cpp(380): warning C4244: '引數' : 將 'int' 轉換為 'const float'，由於型別不同，可能導致資料遺失
     1>c:\users\damody\desktop\video_vectorization\vectorizing animation video\vectorizing animation video\cvextenstion.cpp(398): warning C4018: '<' : signed/unsigned 不相符
     1>c:\users\damody\desktop\video_vectorization\vectorizing animation video\vectorizing animation video\cvextenstion.cpp(400): warning C4244: '正在初始化' : 將 'const float' 轉換為 'int'，由於型別不同，可能導致資料遺失
     1>c:\users\damody\desktop\video_vectorization\vectorizing animation video\vectorizing animation video\cvextenstion.cpp(401): warning C4244: '正在初始化' : 將 'const float' 轉換為 'int'，由於型別不同，可能導致資料遺失
     1>c:\users\damody\desktop\video_vectorization\vectorizing animation video\vectorizing animation video\cvextenstion.cpp(417): warning C4244: '引數' : 將 'int' 轉換為 'const float'，由於型別不同，可能導致資料遺失
     1>c:\users\damody\desktop\video_vectorization\vectorizing animation video\vectorizing animation video\cvextenstion.cpp(417): warning C4244: '引數' : 將 'int' 轉換為 'const float'，由於型別不同，可能導致資料遺失
     1>c:\users\damody\desktop\video_vectorization\vectorizing animation video\vectorizing animation video\cvextenstion.cpp(425): warning C4018: '<' : signed/unsigned 不相符
     1>c:\users\damody\desktop\video_vectorization\vectorizing animation video\vectorizing animation video\cvextenstion.cpp(427): warning C4244: '正在初始化' : 將 'const float' 轉換為 'int'，由於型別不同，可能導致資料遺失
     1>c:\users\damody\desktop\video_vectorization\vectorizing animation video\vectorizing animation video\cvextenstion.cpp(428): warning C4244: '正在初始化' : 將 'const float' 轉換為 'int'，由於型別不同，可能導致資料遺失
     1>c:\users\damody\desktop\video_vectorization\vectorizing animation video\vectorizing animation video\cvextenstion.cpp(438): warning C4244: '引數' : 將 'int' 轉換為 'const float'，由於型別不同，可能導致資料遺失
     1>c:\users\damody\desktop\video_vectorization\vectorizing animation video\vectorizing animation video\cvextenstion.cpp(438): warning C4244: '引數' : 將 'int' 轉換為 'const float'，由於型別不同，可能導致資料遺失
     1>c:\users\damody\desktop\video_vectorization\vectorizing animation video\vectorizing animation video\cvextenstion.cpp(440): warning C4244: '引數' : 將 'int' 轉換為 'const float'，由於型別不同，可能導致資料遺失
     1>c:\users\damody\desktop\video_vectorization\vectorizing animation video\vectorizing animation video\cvextenstion.cpp(440): warning C4244: '引數' : 將 'int' 轉換為 'const float'，由於型別不同，可能導致資料遺失
     1>c:\users\damody\desktop\video_vectorization\vectorizing animation video\vectorizing animation video\cvextenstion.cpp(467): warning C4018: '<' : signed/unsigned 不相符
     1>c:\users\damody\desktop\video_vectorization\vectorizing animation video\vectorizing animation video\cvextenstion.cpp(489): warning C4018: '<' : signed/unsigned 不相符
     1>c:\users\damody\desktop\video_vectorization\vectorizing animation video\vectorizing animation video\cvextenstion.cpp(491): warning C4244: '正在初始化' : 將 'const float' 轉換為 'int'，由於型別不同，可能導致資料遺失
     1>c:\users\damody\desktop\video_vectorization\vectorizing animation video\vectorizing animation video\cvextenstion.cpp(492): warning C4244: '正在初始化' : 將 'const float' 轉換為 'int'，由於型別不同，可能導致資料遺失
     1>c:\users\damody\desktop\video_vectorization\vectorizing animation video\vectorizing animation video\cvextenstion.cpp(504): warning C4244: '引數' : 將 'int' 轉換為 'const float'，由於型別不同，可能導致資料遺失
     1>c:\users\damody\desktop\video_vectorization\vectorizing animation video\vectorizing animation video\cvextenstion.cpp(504): warning C4244: '引數' : 將 'int' 轉換為 'const float'，由於型別不同，可能導致資料遺失
     1>c:\users\damody\desktop\video_vectorization\vectorizing animation video\vectorizing animation video\cvextenstion.cpp(509): warning C4244: '引數' : 將 'int' 轉換為 'const float'，由於型別不同，可能導致資料遺失
     1>c:\users\damody\desktop\video_vectorization\vectorizing animation video\vectorizing animation video\cvextenstion.cpp(509): warning C4244: '引數' : 將 'int' 轉換為 'const float'，由於型別不同，可能導致資料遺失
     1>c:\users\damody\desktop\video_vectorization\vectorizing animation video\vectorizing animation video\cvextenstion.cpp(527): warning C4018: '<' : signed/unsigned 不相符
     1>c:\users\damody\desktop\video_vectorization\vectorizing animation video\vectorizing animation video\cvextenstion.cpp(529): warning C4244: '正在初始化' : 將 'const float' 轉換為 'int'，由於型別不同，可能導致資料遺失
     1>c:\users\damody\desktop\video_vectorization\vectorizing animation video\vectorizing animation video\cvextenstion.cpp(530): warning C4244: '正在初始化' : 將 'const float' 轉換為 'int'，由於型別不同，可能導致資料遺失
     1>c:\users\damody\desktop\video_vectorization\vectorizing animation video\vectorizing animation video\cvextenstion.cpp(546): warning C4244: '引數' : 將 'int' 轉換為 'const float'，由於型別不同，可能導致資料遺失
     1>c:\users\damody\desktop\video_vectorization\vectorizing animation video\vectorizing animation video\cvextenstion.cpp(546): warning C4244: '引數' : 將 'int' 轉換為 'const float'，由於型別不同，可能導致資料遺失
     1>c:\users\damody\desktop\video_vectorization\vectorizing animation video\vectorizing animation video\cvextenstion.cpp(554): warning C4018: '<' : signed/unsigned 不相符
     1>c:\users\damody\desktop\video_vectorization\vectorizing animation video\vectorizing animation video\cvextenstion.cpp(556): warning C4244: '正在初始化' : 將 'const float' 轉換為 'int'，由於型別不同，可能導致資料遺失
     1>c:\users\damody\desktop\video_vectorization\vectorizing animation video\vectorizing animation video\cvextenstion.cpp(557): warning C4244: '正在初始化' : 將 'const float' 轉換為 'int'，由於型別不同，可能導致資料遺失
     1>c:\users\damody\desktop\video_vectorization\vectorizing animation video\vectorizing animation video\cvextenstion.cpp(567): warning C4244: '引數' : 將 'int' 轉換為 'const float'，由於型別不同，可能導致資料遺失
     1>c:\users\damody\desktop\video_vectorization\vectorizing animation video\vectorizing animation video\cvextenstion.cpp(567): warning C4244: '引數' : 將 'int' 轉換為 'const float'，由於型別不同，可能導致資料遺失
     1>c:\users\damody\desktop\video_vectorization\vectorizing animation video\vectorizing animation video\cvextenstion.cpp(569): warning C4244: '引數' : 將 'int' 轉換為 'const float'，由於型別不同，可能導致資料遺失
     1>c:\users\damody\desktop\video_vectorization\vectorizing animation video\vectorizing animation video\cvextenstion.cpp(569): warning C4244: '引數' : 將 'int' 轉換為 'const float'，由於型別不同，可能導致資料遺失
     1>c:\users\damody\desktop\video_vectorization\vectorizing animation video\vectorizing animation video\cvextenstion.cpp(335): warning C4101: 'y' : 未參考的區域變數
     1>c:\users\damody\desktop\video_vectorization\vectorizing animation video\vectorizing animation video\cvextenstion.cpp(335): warning C4101: 'x' : 未參考的區域變數
     1>c:\users\damody\desktop\video_vectorization\vectorizing animation video\vectorizing animation video\cvextenstion.cpp(464): warning C4101: 'y' : 未參考的區域變數
     1>c:\users\damody\desktop\video_vectorization\vectorizing animation video\vectorizing animation video\cvextenstion.cpp(464): warning C4101: 'x' : 未參考的區域變數
     1>c:\users\damody\desktop\video_vectorization\vectorizing animation video\vectorizing animation video\cvextenstion.cpp(615): warning C4244: '引數' : 將 'const float' 轉換為 'int'，由於型別不同，可能導致資料遺失
     1>c:\users\damody\desktop\video_vectorization\vectorizing animation video\vectorizing animation video\cvextenstion.cpp(615): warning C4244: '引數' : 將 'const float' 轉換為 'int'，由於型別不同，可能導致資料遺失
     1>c:\users\damody\desktop\video_vectorization\vectorizing animation video\vectorizing animation video\cvextenstion.cpp(639): warning C4244: '引數' : 將 'int' 轉換為 'float'，由於型別不同，可能導致資料遺失
     1>c:\users\damody\desktop\video_vectorization\vectorizing animation video\vectorizing animation video\cvextenstion.cpp(646): warning C4244: '引數' : 將 'int' 轉換為 'float'，由於型別不同，可能導致資料遺失
     1>c:\users\damody\desktop\video_vectorization\vectorizing animation video\vectorizing animation video\cvextenstion.cpp(677): warning C4244: '引數' : 將 'int' 轉換為 'float'，由於型別不同，可能導致資料遺失
     1>c:\users\damody\desktop\video_vectorization\vectorizing animation video\vectorizing animation video\cvextenstion.cpp(684): warning C4244: '引數' : 將 'int' 轉換為 'float'，由於型別不同，可能導致資料遺失
     1>c:\users\damody\desktop\video_vectorization\vectorizing animation video\vectorizing animation video\cvextenstion.cpp(700): warning C4244: '引數' : 將 'int' 轉換為 'const float'，由於型別不同，可能導致資料遺失
     1>c:\users\damody\desktop\video_vectorization\vectorizing animation video\vectorizing animation video\cvextenstion.cpp(702): warning C4244: '引數' : 將 'int' 轉換為 'const float'，由於型別不同，可能導致資料遺失
     1>c:\users\damody\desktop\video_vectorization\vectorizing animation video\vectorizing animation video\cvextenstion.cpp(702): warning C4244: '引數' : 將 'int' 轉換為 'const float'，由於型別不同，可能導致資料遺失
     1>c:\users\damody\desktop\video_vectorization\vectorizing animation video\vectorizing animation video\cvextenstion.cpp(717): warning C4244: '引數' : 將 'int' 轉換為 'const float'，由於型別不同，可能導致資料遺失
     1>c:\users\damody\desktop\video_vectorization\vectorizing animation video\vectorizing animation video\cvextenstion.cpp(723): warning C4244: '引數' : 將 'int' 轉換為 'const float'，由於型別不同，可能導致資料遺失
     1>c:\users\damody\desktop\video_vectorization\vectorizing animation video\vectorizing animation video\cvextenstion.cpp(723): warning C4244: '引數' : 將 'int' 轉換為 'const float'，由於型別不同，可能導致資料遺失
     1>c:\users\damody\desktop\video_vectorization\vectorizing animation video\vectorizing animation video\cvextenstion.cpp(741): warning C4244: '引數' : 將 'int' 轉換為 'const float'，由於型別不同，可能導致資料遺失
     1>c:\users\damody\desktop\video_vectorization\vectorizing animation video\vectorizing animation video\cvextenstion.cpp(747): warning C4244: '引數' : 將 'int' 轉換為 'const float'，由於型別不同，可能導致資料遺失
     1>c:\users\damody\desktop\video_vectorization\vectorizing animation video\vectorizing animation video\cvextenstion.cpp(747): warning C4244: '引數' : 將 'int' 轉換為 'const float'，由於型別不同，可能導致資料遺失
     1>c:\users\damody\desktop\video_vectorization\vectorizing animation video\vectorizing animation video\cvextenstion.cpp(807): warning C4244: '引數' : 將 'int' 轉換為 'const float'，由於型別不同，可能導致資料遺失
     1>c:\users\damody\desktop\video_vectorization\vectorizing animation video\vectorizing animation video\cvextenstion.cpp(807): warning C4244: '引數' : 將 'int' 轉換為 'const float'，由於型別不同，可能導致資料遺失
     1>c:\users\damody\desktop\video_vectorization\vectorizing animation video\vectorizing animation video\cvextenstion.cpp(832): warning C4018: '<' : signed/unsigned 不相符
     1>c:\users\damody\desktop\video_vectorization\vectorizing animation video\vectorizing animation video\cvextenstion.cpp(854): warning C4018: '<' : signed/unsigned 不相符
     1>c:\users\damody\desktop\video_vectorization\vectorizing animation video\vectorizing animation video\cvextenstion.cpp(856): warning C4244: '正在初始化' : 將 'const float' 轉換為 'int'，由於型別不同，可能導致資料遺失
     1>c:\users\damody\desktop\video_vectorization\vectorizing animation video\vectorizing animation video\cvextenstion.cpp(857): warning C4244: '正在初始化' : 將 'const float' 轉換為 'int'，由於型別不同，可能導致資料遺失
     1>c:\users\damody\desktop\video_vectorization\vectorizing animation video\vectorizing animation video\cvextenstion.cpp(871): warning C4244: '引數' : 將 'int' 轉換為 'const float'，由於型別不同，可能導致資料遺失
     1>c:\users\damody\desktop\video_vectorization\vectorizing animation video\vectorizing animation video\cvextenstion.cpp(871): warning C4244: '引數' : 將 'int' 轉換為 'const float'，由於型別不同，可能導致資料遺失
     1>c:\users\damody\desktop\video_vectorization\vectorizing animation video\vectorizing animation video\cvextenstion.cpp(880): warning C4018: '<' : signed/unsigned 不相符
     1>c:\users\damody\desktop\video_vectorization\vectorizing animation video\vectorizing animation video\cvextenstion.cpp(882): warning C4244: '正在初始化' : 將 'const float' 轉換為 'int'，由於型別不同，可能導致資料遺失
     1>c:\users\damody\desktop\video_vectorization\vectorizing animation video\vectorizing animation video\cvextenstion.cpp(883): warning C4244: '正在初始化' : 將 'const float' 轉換為 'int'，由於型別不同，可能導致資料遺失
     1>c:\users\damody\desktop\video_vectorization\vectorizing animation video\vectorizing animation video\cvextenstion.cpp(897): warning C4244: '引數' : 將 'int' 轉換為 'const float'，由於型別不同，可能導致資料遺失
     1>c:\users\damody\desktop\video_vectorization\vectorizing animation video\vectorizing animation video\cvextenstion.cpp(897): warning C4244: '引數' : 將 'int' 轉換為 'const float'，由於型別不同，可能導致資料遺失
     1>c:\users\damody\desktop\video_vectorization\vectorizing animation video\vectorizing animation video\cvextenstion.cpp(919): warning C4018: '<' : signed/unsigned 不相符
     1>c:\users\damody\desktop\video_vectorization\vectorizing animation video\vectorizing animation video\cvextenstion.cpp(941): warning C4018: '<' : signed/unsigned 不相符
     1>c:\users\damody\desktop\video_vectorization\vectorizing animation video\vectorizing animation video\cvextenstion.cpp(943): warning C4244: '正在初始化' : 將 'const float' 轉換為 'int'，由於型別不同，可能導致資料遺失
     1>c:\users\damody\desktop\video_vectorization\vectorizing animation video\vectorizing animation video\cvextenstion.cpp(944): warning C4244: '正在初始化' : 將 'const float' 轉換為 'int'，由於型別不同，可能導致資料遺失
     1>c:\users\damody\desktop\video_vectorization\vectorizing animation video\vectorizing animation video\cvextenstion.cpp(958): warning C4244: '引數' : 將 'int' 轉換為 'const float'，由於型別不同，可能導致資料遺失
     1>c:\users\damody\desktop\video_vectorization\vectorizing animation video\vectorizing animation video\cvextenstion.cpp(958): warning C4244: '引數' : 將 'int' 轉換為 'const float'，由於型別不同，可能導致資料遺失
     1>c:\users\damody\desktop\video_vectorization\vectorizing animation video\vectorizing animation video\cvextenstion.cpp(967): warning C4018: '<' : signed/unsigned 不相符
     1>c:\users\damody\desktop\video_vectorization\vectorizing animation video\vectorizing animation video\cvextenstion.cpp(969): warning C4244: '正在初始化' : 將 'const float' 轉換為 'int'，由於型別不同，可能導致資料遺失
     1>c:\users\damody\desktop\video_vectorization\vectorizing animation video\vectorizing animation video\cvextenstion.cpp(970): warning C4244: '正在初始化' : 將 'const float' 轉換為 'int'，由於型別不同，可能導致資料遺失
     1>c:\users\damody\desktop\video_vectorization\vectorizing animation video\vectorizing animation video\cvextenstion.cpp(984): warning C4244: '引數' : 將 'int' 轉換為 'const float'，由於型別不同，可能導致資料遺失
     1>c:\users\damody\desktop\video_vectorization\vectorizing animation video\vectorizing animation video\cvextenstion.cpp(984): warning C4244: '引數' : 將 'int' 轉換為 'const float'，由於型別不同，可能導致資料遺失
     1>c:\users\damody\desktop\video_vectorization\vectorizing animation video\vectorizing animation video\cvextenstion.cpp(829): warning C4101: 'y' : 未參考的區域變數
     1>c:\users\damody\desktop\video_vectorization\vectorizing animation video\vectorizing animation video\cvextenstion.cpp(829): warning C4101: 'x' : 未參考的區域變數
     1>c:\users\damody\desktop\video_vectorization\vectorizing animation video\vectorizing animation video\cvextenstion.cpp(916): warning C4101: 'y' : 未參考的區域變數
     1>c:\users\damody\desktop\video_vectorization\vectorizing animation video\vectorizing animation video\cvextenstion.cpp(916): warning C4101: 'x' : 未參考的區域變數
     1>c:\users\damody\desktop\video_vectorization\vectorizing animation video\vectorizing animation video\cvextenstion.cpp(1036): warning C4309: '=' : 轉換導致常數值遭截斷; 可能需要使用較大的型別
     1>c:\users\damody\desktop\video_vectorization\vectorizing animation video\vectorizing animation video\cvextenstion.cpp(1165): warning C4244: '引數' : 將 'int' 轉換為 'const float'，由於型別不同，可能導致資料遺失
     1>c:\users\damody\desktop\video_vectorization\vectorizing animation video\vectorizing animation video\cvextenstion.cpp(1165): warning C4244: '引數' : 將 'int' 轉換為 'const float'，由於型別不同，可能導致資料遺失
     1>c:\users\damody\desktop\video_vectorization\vectorizing animation video\vectorizing animation video\cvextenstion.cpp(1189): warning C4244: '引數' : 將 'const float' 轉換為 'int'，由於型別不同，可能導致資料遺失
     1>c:\users\damody\desktop\video_vectorization\vectorizing animation video\vectorizing animation video\cvextenstion.cpp(1189): warning C4244: '引數' : 將 'const float' 轉換為 'int'，由於型別不同，可能導致資料遺失
     1>c:\users\damody\desktop\video_vectorization\vectorizing animation video\vectorizing animation video\cvextenstion.cpp(1205): warning C4244: '=' : 將 'int' 轉換為 'float'，由於型別不同，可能導致資料遺失
     1>c:\users\damody\desktop\video_vectorization\vectorizing animation video\vectorizing animation video\cvextenstion.cpp(1207): warning C4244: '=' : 將 'int' 轉換為 'float'，由於型別不同，可能導致資料遺失
     1>c:\users\damody\desktop\video_vectorization\vectorizing animation video\vectorizing animation video\cvextenstion.cpp(1209): warning C4244: '引數' : 將 'float' 轉換為 'int'，由於型別不同，可能導致資料遺失
     1>c:\users\damody\desktop\video_vectorization\vectorizing animation video\vectorizing animation video\cvextenstion.cpp(1209): warning C4244: '引數' : 將 'float' 轉換為 'int'，由於型別不同，可能導致資料遺失
     1>c:\users\damody\desktop\video_vectorization\vectorizing animation video\vectorizing animation video\cvextenstion.cpp(1355): warning C4244: '引數' : 將 'float' 轉換為 'int'，由於型別不同，可能導致資料遺失
     1>c:\users\damody\desktop\video_vectorization\vectorizing animation video\vectorizing animation video\cvextenstion.cpp(1355): warning C4244: '引數' : 將 'float' 轉換為 'int'，由於型別不同，可能導致資料遺失
     1>c:\users\damody\desktop\video_vectorization\vectorizing animation video\vectorizing animation video\cvextenstion.cpp(1363): warning C4244: '引數' : 將 'float' 轉換為 'int'，由於型別不同，可能導致資料遺失
     1>c:\users\damody\desktop\video_vectorization\vectorizing animation video\vectorizing animation video\cvextenstion.cpp(1363): warning C4244: '引數' : 將 'float' 轉換為 'int'，由於型別不同，可能導致資料遺失
     1>c:\users\damody\desktop\video_vectorization\vectorizing animation video\vectorizing animation video\cvextenstion.cpp(1377): warning C4244: '引數' : 將 'float' 轉換為 'int'，由於型別不同，可能導致資料遺失
     1>c:\users\damody\desktop\video_vectorization\vectorizing animation video\vectorizing animation video\cvextenstion.cpp(1377): warning C4244: '引數' : 將 'float' 轉換為 'int'，由於型別不同，可能導致資料遺失
     1>c:\users\damody\desktop\video_vectorization\vectorizing animation video\vectorizing animation video\cvextenstion.cpp(1387): warning C4244: '引數' : 將 'float' 轉換為 'int'，由於型別不同，可能導致資料遺失
     1>c:\users\damody\desktop\video_vectorization\vectorizing animation video\vectorizing animation video\cvextenstion.cpp(1387): warning C4244: '引數' : 將 'float' 轉換為 'int'，由於型別不同，可能導致資料遺失
     1>c:\users\damody\desktop\video_vectorization\vectorizing animation video\vectorizing animation video\cvextenstion.cpp(1466): warning C4018: '<' : signed/unsigned 不相符
     1>c:\users\damody\desktop\video_vectorization\vectorizing animation video\vectorizing animation video\cvextenstion.cpp(1790): warning C4244: '引數' : 將 'float' 轉換為 'int'，由於型別不同，可能導致資料遺失
     1>c:\users\damody\desktop\video_vectorization\vectorizing animation video\vectorizing animation video\cvextenstion.cpp(1790): warning C4244: '引數' : 將 'float' 轉換為 'int'，由於型別不同，可能導致資料遺失
     1>c:\users\damody\desktop\video_vectorization\vectorizing animation video\vectorizing animation video\cvextenstion.cpp(1832): warning C4018: '<' : signed/unsigned 不相符
     1>c:\users\damody\desktop\video_vectorization\vectorizing animation video\vectorizing animation video\cvextenstion.cpp(1867): warning C4244: '引數' : 將 'int' 轉換為 'const float'，由於型別不同，可能導致資料遺失
     1>c:\users\damody\desktop\video_vectorization\vectorizing animation video\vectorizing animation video\cvextenstion.cpp(1867): warning C4244: '引數' : 將 'int' 轉換為 'const float'，由於型別不同，可能導致資料遺失
     1>c:\users\damody\desktop\video_vectorization\vectorizing animation video\vectorizing animation video\cvextenstion.cpp(1872): warning C4244: '引數' : 將 'int' 轉換為 'const float'，由於型別不同，可能導致資料遺失
     1>c:\users\damody\desktop\video_vectorization\vectorizing animation video\vectorizing animation video\cvextenstion.cpp(1872): warning C4244: '引數' : 將 'int' 轉換為 'const float'，由於型別不同，可能導致資料遺失
     1>c:\users\damody\desktop\video_vectorization\vectorizing animation video\vectorizing animation video\cvextenstion.cpp(1882): warning C4018: '<' : signed/unsigned 不相符
     1>c:\users\damody\desktop\video_vectorization\vectorizing animation video\vectorizing animation video\cvextenstion.cpp(1895): warning C4244: '引數' : 將 'int' 轉換為 'const float'，由於型別不同，可能導致資料遺失
     1>c:\users\damody\desktop\video_vectorization\vectorizing animation video\vectorizing animation video\cvextenstion.cpp(1895): warning C4244: '引數' : 將 'int' 轉換為 'const float'，由於型別不同，可能導致資料遺失
     1>c:\users\damody\desktop\video_vectorization\vectorizing animation video\vectorizing animation video\cvextenstion.cpp(1900): warning C4244: '引數' : 將 'int' 轉換為 'const float'，由於型別不同，可能導致資料遺失
     1>c:\users\damody\desktop\video_vectorization\vectorizing animation video\vectorizing animation video\cvextenstion.cpp(1900): warning C4244: '引數' : 將 'int' 轉換為 'const float'，由於型別不同，可能導致資料遺失
     1>c:\users\damody\desktop\video_vectorization\vectorizing animation video\vectorizing animation video\cvextenstion.cpp(1910): warning C4018: '<' : signed/unsigned 不相符
     1>c:\users\damody\desktop\video_vectorization\vectorizing animation video\vectorizing animation video\cvextenstion.cpp(2231): warning C4018: '<' : signed/unsigned 不相符
     1>c:\users\damody\desktop\video_vectorization\vectorizing animation video\vectorizing animation video\cvextenstion.cpp(2243): warning C4018: '<' : signed/unsigned 不相符
     1>c:\users\damody\desktop\video_vectorization\vectorizing animation video\vectorizing animation video\cvextenstion.cpp(2347): warning C4244: '引數' : 將 'int' 轉換為 'const float'，由於型別不同，可能導致資料遺失
     1>c:\users\damody\desktop\video_vectorization\vectorizing animation video\vectorizing animation video\cvextenstion.cpp(2347): warning C4244: '引數' : 將 'int' 轉換為 'const float'，由於型別不同，可能導致資料遺失
       ResourceCompile:
         所有輸出都是最新的。
       ManifestResourceCompile:
         C:\Program Files (x86)\Microsoft SDKs\Windows\v7.0A\bin\rc.exe /nologo /fo"Debug\Vectorizing Animation Video_2012.exe.embed.manifest.res" "Debug\Vectorizing Animation Video_2012_manifest.rc" 
       Link:
         c:\Program Files (x86)\Microsoft Visual Studio 10.0\VC\bin\link.exe /ERRORREPORT:PROMPT /OUT:"C:\Users\damody\Desktop\Video_vectorization\Vectorizing Animation Video\Debug\Vectorizing Animation Video_2012.exe" /INCREMENTAL /NOLOGO D3DX11Effectsd.lib d3d11.lib d3dx11.lib d3d9.lib d3dx9.lib DxErr.lib dinput8.lib d3dcompiler.lib dxguid.lib d3dxof.lib winmm.lib odbc32.lib odbccp32.lib dwrite.lib D2d1.lib imm32.lib Version.lib comctl32.lib dsound.lib /NODEFAULTLIB:msvcrtd.lib /NODEFAULTLIB:"libCGAL-vc100-mt-sgd-4.0.lib" /MANIFEST /ManifestFile:"Debug\Vectorizing Animation Video_2012.exe.intermediate.manifest" /MANIFESTUAC:"level='asInvoker' uiAccess='false'" /DEBUG /PDB:"C:\Users\damody\Desktop\Video_vectorization\Vectorizing Animation Video\Debug\Vectorizing Animation Video_2012.pdb" /SUBSYSTEM:WINDOWS /LARGEADDRESSAWARE /TLBID:1 /ENTRY:"wWinMainCRTStartup" /DYNAMICBASE /NXCOMPAT /IMPLIB:"C:\Users\damody\Desktop\Video_vectorization\Vectorizing Animation Video\Debug\Vectorizing Animation Video_2012.lib" /MACHINE:X86 "Debug\Vectorizing Animation Video.res"
         "Debug\Vectorizing Animation Video_2012.exe.embed.manifest.res"
         Debug\ClassView.obj
         Debug\CmCurveEx.obj
         Debug\ConvStr.obj
         Debug\CvExtenstion.obj
         Debug\d3dApp.obj
         Debug\DXUTUI.obj
         Debug\Timer.obj
         Debug\Vertex.obj
         Debug\DXUT.obj
         Debug\DXUTcamera.obj
         Debug\DXUTDevice11.obj
         Debug\DXUTDevice9.obj
         Debug\DXUTgui.obj
         Debug\DXUTguiIME.obj
         Debug\DXUTmisc.obj
         Debug\DXUTres.obj
         Debug\DXUTsettingsdlg.obj
         Debug\ImeUi.obj
         Debug\SDKmesh.obj
         Debug\SDKmisc.obj
         Debug\Edge.obj
         Debug\FileView.obj
         Debug\AABB2D.obj
         Debug\AxisAlignedBox.obj
         Debug\Centroid.obj
         Debug\Math.obj
         Debug\Matrix3.obj
         Debug\Matrix4.obj
         Debug\Plane.obj
         Debug\Polygon2D.obj
         Debug\Quaternion.obj
         Debug\Vector2.obj
         Debug\Vector3.obj
         Debug\Vector4.obj
         Debug\OutputWnd.obj
         Debug\Patch.obj
         Debug\PropertiesWnd.obj
         Debug\SplineShape.obj
         Debug\stdafx.obj
         Debug\TriangulationCgal_Patch.obj
         Debug\TriangulationCgal_SeedPoint.obj
         Debug\TriangulationCgal_Sideline.obj
         Debug\vavImage.obj
         Debug\VAV_Doc.obj
         Debug\VAV_MainFrm.obj
         Debug\VAV_View.obj
         Debug\VAV_App.obj
         Debug\ViewTree.obj
     1>D3DX11Effectsd.lib(EffectAPI.obj) : error LNK2038: 偵測到 '_MSC_VER' 不符: '1700' 值與 '1600' 值 (位於 ClassView.obj) 不符
     1>D3DX11Effectsd.lib(EffectNonRuntime.obj) : error LNK2038: 偵測到 '_MSC_VER' 不符: '1700' 值與 '1600' 值 (位於 ClassView.obj) 不符
     1>D3DX11Effectsd.lib(EffectLoad.obj) : error LNK2038: 偵測到 '_MSC_VER' 不符: '1700' 值與 '1600' 值 (位於 ClassView.obj) 不符
     1>D3DX11Effectsd.lib(d3dx11dbg.obj) : error LNK2038: 偵測到 '_MSC_VER' 不符: '1700' 值與 '1600' 值 (位於 ClassView.obj) 不符
     1>D3DX11Effectsd.lib(d3dxGlobal.obj) : error LNK2038: 偵測到 '_MSC_VER' 不符: '1700' 值與 '1600' 值 (位於 ClassView.obj) 不符
     1>D3DX11Effectsd.lib(EffectReflection.obj) : error LNK2038: 偵測到 '_MSC_VER' 不符: '1700' 值與 '1600' 值 (位於 ClassView.obj) 不符
     1>D3DX11Effectsd.lib(EffectRuntime.obj) : error LNK2038: 偵測到 '_MSC_VER' 不符: '1700' 值與 '1600' 值 (位於 ClassView.obj) 不符
     1>CvExtenstion.obj : error LNK2019: 無法解析的外部符號 "public: __thiscall ImageSpline::~ImageSpline(void)" (??1ImageSpline@@QAE@XZ) 在函式 "void __cdecl visualize_patch_lines(class ImageSpline,int,class cv::Mat &)" (?visualize_patch_lines@@YAXVImageSpline@@HAAVMat@cv@@@Z) 中被參考
     1>TriangulationCgal_Patch.obj : error LNK2001: 無法解析的外部符號 "public: __thiscall ImageSpline::~ImageSpline(void)" (??1ImageSpline@@QAE@XZ)
     1>VAV_MainFrm.obj : error LNK2001: 無法解析的外部符號 "public: __thiscall ImageSpline::~ImageSpline(void)" (??1ImageSpline@@QAE@XZ)
     1>CvExtenstion.obj : error LNK2019: 無法解析的外部符號 "public: void __thiscall ImageSpline::ComputeToSplineFragments(void)" (?ComputeToSplineFragments@ImageSpline@@QAEXXZ) 在函式 "class ImageSpline __cdecl S3GetPatchs(class cv::Mat const &,int,int)" (?S3GetPatchs@@YA?AVImageSpline@@ABVMat@cv@@HH@Z) 中被參考
     1>CvExtenstion.obj : error LNK2019: 無法解析的外部符號 "public: __thiscall ImageSpline::ImageSpline(void)" (??0ImageSpline@@QAE@XZ) 在函式 "class ImageSpline __cdecl GetImageSpline(class std::vector<class CvPatch,class std::allocator<class CvPatch> > &,class std::vector<class std::vector<class Vector2,class std::allocator<class Vector2> >,class std::allocator<class std::vector<class Vector2,class std::allocator<class Vector2> > > > &,class cv::Mat)" (?GetImageSpline@@YA?AVImageSpline@@AAV?$vector@VCvPatch@@V?$allocator@VCvPatch@@@std@@@std@@AAV?$vector@V?$vector@VVector2@@V?$allocator@VVector2@@@std@@@std@@V?$allocator@V?$vector@VVector2@@V?$allocator@VVector2@@@std@@@std@@@2@@3@VMat@cv@@@Z) 中被參考
     1>VAV_MainFrm.obj : error LNK2001: 無法解析的外部符號 "public: __thiscall ImageSpline::ImageSpline(void)" (??0ImageSpline@@QAE@XZ)
     1>CvExtenstion.obj : error LNK2019: 無法解析的外部符號 "public: __thiscall PatchLine::~PatchLine(void)" (??1PatchLine@@QAE@XZ) 在函式 "class std::vector<class PatchLine,class std::allocator<class PatchLine> > __cdecl GetPatchSplines(class std::vector<class CvPatch,class std::allocator<class CvPatch> > &,class cv::Mat &)" (?GetPatchSplines@@YA?AV?$vector@VPatchLine@@V?$allocator@VPatchLine@@@std@@@std@@AAV?$vector@VCvPatch@@V?$allocator@VCvPatch@@@std@@@2@AAVMat@cv@@@Z) 中被參考
     1>TriangulationCgal_Patch.obj : error LNK2001: 無法解析的外部符號 "public: __thiscall PatchLine::~PatchLine(void)" (??1PatchLine@@QAE@XZ)
     1>CvExtenstion.obj : error LNK2019: 無法解析的外部符號 "public: void __thiscall LineFragment::AddCvPoint(class cv::Point_<int> &)" (?AddCvPoint@LineFragment@@QAEXAAV?$Point_@H@cv@@@Z) 在函式 "class std::vector<class PatchLine,class std::allocator<class PatchLine> > __cdecl GetPatchSplines(class std::vector<class CvPatch,class std::allocator<class CvPatch> > &,class cv::Mat &)" (?GetPatchSplines@@YA?AV?$vector@VPatchLine@@V?$allocator@VPatchLine@@@std@@@std@@AAV?$vector@VCvPatch@@V?$allocator@VCvPatch@@@std@@@2@AAVMat@cv@@@Z) 中被參考
     1>CvExtenstion.obj : error LNK2019: 無法解析的外部符號 "public: __thiscall PatchLine::PatchLine(void)" (??0PatchLine@@QAE@XZ) 在函式 "class std::vector<class PatchLine,class std::allocator<class PatchLine> > __cdecl GetPatchSplines(class std::vector<class CvPatch,class std::allocator<class CvPatch> > &,class cv::Mat &)" (?GetPatchSplines@@YA?AV?$vector@VPatchLine@@V?$allocator@VPatchLine@@@std@@@std@@AAV?$vector@VCvPatch@@V?$allocator@VCvPatch@@@std@@@2@AAVMat@cv@@@Z) 中被參考
     1>CvExtenstion.obj : error LNK2019: 無法解析的外部符號 "public: __thiscall algSpline::~algSpline(void)" (??1algSpline@@QAE@XZ) 在函式 "public: __thiscall SplineFragment::~SplineFragment(void)" (??1SplineFragment@@QAE@XZ) 中被參考
     1>Patch.obj : error LNK2001: 無法解析的外部符號 "public: __thiscall algSpline::~algSpline(void)" (??1algSpline@@QAE@XZ)
     1>TriangulationCgal_Patch.obj : error LNK2001: 無法解析的外部符號 "public: __thiscall algSpline::~algSpline(void)" (??1algSpline@@QAE@XZ)
     1>Patch.obj : error LNK2019: 無法解析的外部符號 "public: void __thiscall algSpline::AddPoint(double)" (?AddPoint@algSpline@@QAEXN@Z) 在函式 "public: void __thiscall Patch::SplinePoints(double)" (?SplinePoints@Patch@@QAEXN@Z) 中被參考
     1>Patch.obj : error LNK2019: 無法解析的外部符號 "public: __thiscall algSpline::algSpline(void)" (??0algSpline@@QAE@XZ) 在函式 "public: void __thiscall Patch::SplinePoints(double)" (?SplinePoints@Patch@@QAEXN@Z) 中被參考
     1>Patch.obj : error LNK2019: 無法解析的外部符號 "public: void __thiscall ColorConstraintMedian::AddPoint(double,double,class Vector3 const &)" (?AddPoint@ColorConstraintMedian@@QAEXNNABVVector3@@@Z) 在函式 "public: class boost::shared_ptr<class ColorConstraintMedian> __thiscall Patch::GetColorConstraint(void)" (?GetColorConstraint@Patch@@QAE?AV?$shared_ptr@VColorConstraintMedian@@@boost@@XZ) 中被參考
     1>Patch.obj : error LNK2019: 無法解析的外部符號 "public: __thiscall ColorConstraintMedian::ColorConstraintMedian(void)" (??0ColorConstraintMedian@@QAE@XZ) 在函式 "public: class boost::shared_ptr<class ColorConstraintMedian> __thiscall Patch::GetColorConstraint(void)" (?GetColorConstraint@Patch@@QAE?AV?$shared_ptr@VColorConstraintMedian@@@boost@@XZ) 中被參考
     1>Patch.obj : error LNK2019: 無法解析的外部符號 "public: void __thiscall ColorConstraintMedian::AddPoint(double,double,class cv::Vec<unsigned char,3> const &)" (?AddPoint@ColorConstraintMedian@@QAEXNNABV?$Vec@E$02@cv@@@Z) 在函式 "public: class boost::shared_ptr<class ColorConstraintMedian> __thiscall CvPatch::GetColorConstraint(void)" (?GetColorConstraint@CvPatch@@QAE?AV?$shared_ptr@VColorConstraintMedian@@@boost@@XZ) 中被參考
     1>TriangulationCgal_Patch.obj : error LNK2019: 無法解析的外部符號 "public: class Vector3 __thiscall ColorConstraintMedian::GetColorVector3(double,double)" (?GetColorVector3@ColorConstraintMedian@@QAE?AVVector3@@NN@Z) 在函式 "public: virtual void __thiscall TriangulationCgal_Patch::Compute(void)" (?Compute@TriangulationCgal_Patch@@UAEXXZ) 中被參考
     1>D3DX11Effectsd.lib(EffectNonRuntime.obj) : error LNK2019: 無法解析的外部符號 ___report_rangecheckfailure 在函式 "public: long __thiscall D3DX11Effects::CSOParser::Parse(char * * const)" (?Parse@CSOParser@D3DX11Effects@@QAEJQAPAD@Z) 中被參考
     1>D3DX11Effectsd.lib(d3dx11dbg.obj) : error LNK2001: 無法解析的外部符號 ___report_rangecheckfailure
     1>C:\Users\damody\Desktop\Video_vectorization\Vectorizing Animation Video\Debug\Vectorizing Animation Video_2012.exe : fatal error LNK1120: 14 個無法解析的外部符號
     1>專案 "C:\Users\damody\Desktop\Video_vectorization\Vectorizing Animation Video\Vectorizing Animation Video\Vectorizing Animation Video_2012.vcxproj" (build 目標) 建置完成 -- 失敗。

建置失敗。

經過時間 00:00:43.05
