C:\USERS\DAMODY\DESKTOP\VIDEO_VECTORIZATION\VECTORIZING ANIMATION VIDEO\DEBUG\VECTORIZING ANIMATION VIDEO.EXE
C:\USERS\DAMODY\DESKTOP\VIDEO_VECTORIZATION\VECTORIZING ANIMATION VIDEO\DEBUG\VECTORIZING ANIMATION VIDEO.ILK
C:\USERS\DAMODY\DESKTOP\VIDEO_VECTORIZATION\VECTORIZING ANIMATION VIDEO\DEBUG\VECTORIZING ANIMATION VIDEO.PDB
C:\USERS\DAMODY\DESKTOP\VIDEO_VECTORIZATION\VECTORIZING ANIMATION VIDEO\VECTORIZING ANIMATION VIDEO\DEBUG\AABB2D.OBJ
C:\USERS\DAMODY\DESKTOP\VIDEO_VECTORIZATION\VECTORIZING ANIMATION VIDEO\VECTORIZING ANIMATION VIDEO\DEBUG\ALGSPLINE.OBJ
C:\USERS\DAMODY\DESKTOP\VIDEO_VECTORIZATION\VECTORIZING ANIMATION VIDEO\VECTORIZING ANIMATION VIDEO\DEBUG\ALGSPLINE2D.OBJ
C:\USERS\DAMODY\DESKTOP\VIDEO_VECTORIZATION\VECTORIZING ANIMATION VIDEO\VECTORIZING ANIMATION VIDEO\DEBUG\AXISALIGNEDBOX.OBJ
C:\USERS\DAMODY\DESKTOP\VIDEO_VECTORIZATION\VECTORIZING ANIMATION VIDEO\VECTORIZING ANIMATION VIDEO\DEBUG\CENTROID.OBJ
C:\Users\damody\Desktop\Video_vectorization\Vectorizing Animation Video\Vectorizing Animation Video\Debug\cl.command.1.tlog
C:\Users\damody\Desktop\Video_vectorization\Vectorizing Animation Video\Vectorizing Animation Video\Debug\CL.read.1.tlog
C:\Users\damody\Desktop\Video_vectorization\Vectorizing Animation Video\Vectorizing Animation Video\Debug\CL.write.1.tlog
C:\USERS\DAMODY\DESKTOP\VIDEO_VECTORIZATION\VECTORIZING ANIMATION VIDEO\VECTORIZING ANIMATION VIDEO\DEBUG\CLASSVIEW.OBJ
C:\USERS\DAMODY\DESKTOP\VIDEO_VECTORIZATION\VECTORIZING ANIMATION VIDEO\VECTORIZING ANIMATION VIDEO\DEBUG\CMCURVEEX.OBJ
C:\USERS\DAMODY\DESKTOP\VIDEO_VECTORIZATION\VECTORIZING ANIMATION VIDEO\VECTORIZING ANIMATION VIDEO\DEBUG\COLORCONSTRAINT.OBJ
C:\USERS\DAMODY\DESKTOP\VIDEO_VECTORIZATION\VECTORIZING ANIMATION VIDEO\VECTORIZING ANIMATION VIDEO\DEBUG\CONVSTR.OBJ
C:\USERS\DAMODY\DESKTOP\VIDEO_VECTORIZATION\VECTORIZING ANIMATION VIDEO\VECTORIZING ANIMATION VIDEO\DEBUG\CVEXTENSTION.OBJ
C:\USERS\DAMODY\DESKTOP\VIDEO_VECTORIZATION\VECTORIZING ANIMATION VIDEO\VECTORIZING ANIMATION VIDEO\DEBUG\D3DAPP.OBJ
C:\USERS\DAMODY\DESKTOP\VIDEO_VECTORIZATION\VECTORIZING ANIMATION VIDEO\VECTORIZING ANIMATION VIDEO\DEBUG\DXUT.OBJ
C:\USERS\DAMODY\DESKTOP\VIDEO_VECTORIZATION\VECTORIZING ANIMATION VIDEO\VECTORIZING ANIMATION VIDEO\DEBUG\DXUTCAMERA.OBJ
C:\USERS\DAMODY\DESKTOP\VIDEO_VECTORIZATION\VECTORIZING ANIMATION VIDEO\VECTORIZING ANIMATION VIDEO\DEBUG\DXUTDEVICE11.OBJ
C:\USERS\DAMODY\DESKTOP\VIDEO_VECTORIZATION\VECTORIZING ANIMATION VIDEO\VECTORIZING ANIMATION VIDEO\DEBUG\DXUTDEVICE9.OBJ
C:\USERS\DAMODY\DESKTOP\VIDEO_VECTORIZATION\VECTORIZING ANIMATION VIDEO\VECTORIZING ANIMATION VIDEO\DEBUG\DXUTGUI.OBJ
C:\USERS\DAMODY\DESKTOP\VIDEO_VECTORIZATION\VECTORIZING ANIMATION VIDEO\VECTORIZING ANIMATION VIDEO\DEBUG\DXUTGUIIME.OBJ
C:\USERS\DAMODY\DESKTOP\VIDEO_VECTORIZATION\VECTORIZING ANIMATION VIDEO\VECTORIZING ANIMATION VIDEO\DEBUG\DXUTMISC.OBJ
C:\USERS\DAMODY\DESKTOP\VIDEO_VECTORIZATION\VECTORIZING ANIMATION VIDEO\VECTORIZING ANIMATION VIDEO\DEBUG\DXUTRES.OBJ
C:\USERS\DAMODY\DESKTOP\VIDEO_VECTORIZATION\VECTORIZING ANIMATION VIDEO\VECTORIZING ANIMATION VIDEO\DEBUG\DXUTSETTINGSDLG.OBJ
C:\USERS\DAMODY\DESKTOP\VIDEO_VECTORIZATION\VECTORIZING ANIMATION VIDEO\VECTORIZING ANIMATION VIDEO\DEBUG\DXUTUI.OBJ
C:\USERS\DAMODY\DESKTOP\VIDEO_VECTORIZATION\VECTORIZING ANIMATION VIDEO\VECTORIZING ANIMATION VIDEO\DEBUG\EDGE.OBJ
C:\USERS\DAMODY\DESKTOP\VIDEO_VECTORIZATION\VECTORIZING ANIMATION VIDEO\VECTORIZING ANIMATION VIDEO\DEBUG\FILEVIEW.OBJ
C:\USERS\DAMODY\DESKTOP\VIDEO_VECTORIZATION\VECTORIZING ANIMATION VIDEO\VECTORIZING ANIMATION VIDEO\DEBUG\IMEUI.OBJ
C:\Users\damody\Desktop\Video_vectorization\Vectorizing Animation Video\Vectorizing Animation Video\Debug\link.10184.read.1.tlog
C:\Users\damody\Desktop\Video_vectorization\Vectorizing Animation Video\Vectorizing Animation Video\Debug\link.10184.read.2.tlog
C:\Users\damody\Desktop\Video_vectorization\Vectorizing Animation Video\Vectorizing Animation Video\Debug\link.10184.write.1.tlog
C:\Users\damody\Desktop\Video_vectorization\Vectorizing Animation Video\Vectorizing Animation Video\Debug\link.10184-cvtres.read.1.tlog
C:\Users\damody\Desktop\Video_vectorization\Vectorizing Animation Video\Vectorizing Animation Video\Debug\link.10184-cvtres.write.1.tlog
C:\Users\damody\Desktop\Video_vectorization\Vectorizing Animation Video\Vectorizing Animation Video\Debug\link.10260.read.1.tlog
C:\Users\damody\Desktop\Video_vectorization\Vectorizing Animation Video\Vectorizing Animation Video\Debug\link.10260.write.1.tlog
C:\Users\damody\Desktop\Video_vectorization\Vectorizing Animation Video\Vectorizing Animation Video\Debug\link.10260-cvtres.read.1.tlog
C:\Users\damody\Desktop\Video_vectorization\Vectorizing Animation Video\Vectorizing Animation Video\Debug\link.10260-cvtres.write.1.tlog
C:\Users\damody\Desktop\Video_vectorization\Vectorizing Animation Video\Vectorizing Animation Video\Debug\link.10296.read.1.tlog
C:\Users\damody\Desktop\Video_vectorization\Vectorizing Animation Video\Vectorizing Animation Video\Debug\link.10296.read.2.tlog
C:\Users\damody\Desktop\Video_vectorization\Vectorizing Animation Video\Vectorizing Animation Video\Debug\link.10296.write.1.tlog
C:\Users\damody\Desktop\Video_vectorization\Vectorizing Animation Video\Vectorizing Animation Video\Debug\link.10296-cvtres.read.1.tlog
C:\Users\damody\Desktop\Video_vectorization\Vectorizing Animation Video\Vectorizing Animation Video\Debug\link.10296-cvtres.write.1.tlog
C:\Users\damody\Desktop\Video_vectorization\Vectorizing Animation Video\Vectorizing Animation Video\Debug\link.10944.read.1.tlog
C:\Users\damody\Desktop\Video_vectorization\Vectorizing Animation Video\Vectorizing Animation Video\Debug\link.10944.read.2.tlog
C:\Users\damody\Desktop\Video_vectorization\Vectorizing Animation Video\Vectorizing Animation Video\Debug\link.10944.write.1.tlog
C:\Users\damody\Desktop\Video_vectorization\Vectorizing Animation Video\Vectorizing Animation Video\Debug\link.10944-cvtres.read.1.tlog
C:\Users\damody\Desktop\Video_vectorization\Vectorizing Animation Video\Vectorizing Animation Video\Debug\link.10944-cvtres.write.1.tlog
C:\Users\damody\Desktop\Video_vectorization\Vectorizing Animation Video\Vectorizing Animation Video\Debug\link.10960.read.1.tlog
C:\Users\damody\Desktop\Video_vectorization\Vectorizing Animation Video\Vectorizing Animation Video\Debug\link.10960.read.2.tlog
C:\Users\damody\Desktop\Video_vectorization\Vectorizing Animation Video\Vectorizing Animation Video\Debug\link.10960.write.1.tlog
C:\Users\damody\Desktop\Video_vectorization\Vectorizing Animation Video\Vectorizing Animation Video\Debug\link.10960-cvtres.read.1.tlog
C:\Users\damody\Desktop\Video_vectorization\Vectorizing Animation Video\Vectorizing Animation Video\Debug\link.10960-cvtres.write.1.tlog
C:\Users\damody\Desktop\Video_vectorization\Vectorizing Animation Video\Vectorizing Animation Video\Debug\link.12608.read.1.tlog
C:\Users\damody\Desktop\Video_vectorization\Vectorizing Animation Video\Vectorizing Animation Video\Debug\link.12608.read.2.tlog
C:\Users\damody\Desktop\Video_vectorization\Vectorizing Animation Video\Vectorizing Animation Video\Debug\link.12608.write.1.tlog
C:\Users\damody\Desktop\Video_vectorization\Vectorizing Animation Video\Vectorizing Animation Video\Debug\link.12608-cvtres.read.1.tlog
C:\Users\damody\Desktop\Video_vectorization\Vectorizing Animation Video\Vectorizing Animation Video\Debug\link.12608-cvtres.write.1.tlog
C:\Users\damody\Desktop\Video_vectorization\Vectorizing Animation Video\Vectorizing Animation Video\Debug\link.13544.read.1.tlog
C:\Users\damody\Desktop\Video_vectorization\Vectorizing Animation Video\Vectorizing Animation Video\Debug\link.13544.read.2.tlog
C:\Users\damody\Desktop\Video_vectorization\Vectorizing Animation Video\Vectorizing Animation Video\Debug\link.13544.write.1.tlog
C:\Users\damody\Desktop\Video_vectorization\Vectorizing Animation Video\Vectorizing Animation Video\Debug\link.13544-cvtres.read.1.tlog
C:\Users\damody\Desktop\Video_vectorization\Vectorizing Animation Video\Vectorizing Animation Video\Debug\link.13544-cvtres.write.1.tlog
C:\Users\damody\Desktop\Video_vectorization\Vectorizing Animation Video\Vectorizing Animation Video\Debug\link.14024.read.1.tlog
C:\Users\damody\Desktop\Video_vectorization\Vectorizing Animation Video\Vectorizing Animation Video\Debug\link.14024.read.2.tlog
C:\Users\damody\Desktop\Video_vectorization\Vectorizing Animation Video\Vectorizing Animation Video\Debug\link.14024.write.1.tlog
C:\Users\damody\Desktop\Video_vectorization\Vectorizing Animation Video\Vectorizing Animation Video\Debug\link.14024-cvtres.read.1.tlog
C:\Users\damody\Desktop\Video_vectorization\Vectorizing Animation Video\Vectorizing Animation Video\Debug\link.14024-cvtres.write.1.tlog
C:\Users\damody\Desktop\Video_vectorization\Vectorizing Animation Video\Vectorizing Animation Video\Debug\link.14268.read.1.tlog
C:\Users\damody\Desktop\Video_vectorization\Vectorizing Animation Video\Vectorizing Animation Video\Debug\link.14268.read.2.tlog
C:\Users\damody\Desktop\Video_vectorization\Vectorizing Animation Video\Vectorizing Animation Video\Debug\link.14268.write.1.tlog
C:\Users\damody\Desktop\Video_vectorization\Vectorizing Animation Video\Vectorizing Animation Video\Debug\link.14268-cvtres.read.1.tlog
C:\Users\damody\Desktop\Video_vectorization\Vectorizing Animation Video\Vectorizing Animation Video\Debug\link.14268-cvtres.write.1.tlog
C:\Users\damody\Desktop\Video_vectorization\Vectorizing Animation Video\Vectorizing Animation Video\Debug\link.15148.read.1.tlog
C:\Users\damody\Desktop\Video_vectorization\Vectorizing Animation Video\Vectorizing Animation Video\Debug\link.15148.read.2.tlog
C:\Users\damody\Desktop\Video_vectorization\Vectorizing Animation Video\Vectorizing Animation Video\Debug\link.15148.write.1.tlog
C:\Users\damody\Desktop\Video_vectorization\Vectorizing Animation Video\Vectorizing Animation Video\Debug\link.15148-cvtres.read.1.tlog
C:\Users\damody\Desktop\Video_vectorization\Vectorizing Animation Video\Vectorizing Animation Video\Debug\link.15148-cvtres.write.1.tlog
C:\Users\damody\Desktop\Video_vectorization\Vectorizing Animation Video\Vectorizing Animation Video\Debug\link.15844.read.1.tlog
C:\Users\damody\Desktop\Video_vectorization\Vectorizing Animation Video\Vectorizing Animation Video\Debug\link.15844.read.2.tlog
C:\Users\damody\Desktop\Video_vectorization\Vectorizing Animation Video\Vectorizing Animation Video\Debug\link.15844.write.1.tlog
C:\Users\damody\Desktop\Video_vectorization\Vectorizing Animation Video\Vectorizing Animation Video\Debug\link.15844-cvtres.read.1.tlog
C:\Users\damody\Desktop\Video_vectorization\Vectorizing Animation Video\Vectorizing Animation Video\Debug\link.15844-cvtres.write.1.tlog
C:\Users\damody\Desktop\Video_vectorization\Vectorizing Animation Video\Vectorizing Animation Video\Debug\link.16144.read.1.tlog
C:\Users\damody\Desktop\Video_vectorization\Vectorizing Animation Video\Vectorizing Animation Video\Debug\link.16144.read.2.tlog
C:\Users\damody\Desktop\Video_vectorization\Vectorizing Animation Video\Vectorizing Animation Video\Debug\link.16144.write.1.tlog
C:\Users\damody\Desktop\Video_vectorization\Vectorizing Animation Video\Vectorizing Animation Video\Debug\link.16144-cvtres.read.1.tlog
C:\Users\damody\Desktop\Video_vectorization\Vectorizing Animation Video\Vectorizing Animation Video\Debug\link.16144-cvtres.write.1.tlog
C:\Users\damody\Desktop\Video_vectorization\Vectorizing Animation Video\Vectorizing Animation Video\Debug\link.17312.read.1.tlog
C:\Users\damody\Desktop\Video_vectorization\Vectorizing Animation Video\Vectorizing Animation Video\Debug\link.17312.read.2.tlog
C:\Users\damody\Desktop\Video_vectorization\Vectorizing Animation Video\Vectorizing Animation Video\Debug\link.17312.write.1.tlog
C:\Users\damody\Desktop\Video_vectorization\Vectorizing Animation Video\Vectorizing Animation Video\Debug\link.17312-cvtres.read.1.tlog
C:\Users\damody\Desktop\Video_vectorization\Vectorizing Animation Video\Vectorizing Animation Video\Debug\link.17312-cvtres.write.1.tlog
C:\Users\damody\Desktop\Video_vectorization\Vectorizing Animation Video\Vectorizing Animation Video\Debug\link.18272.read.1.tlog
C:\Users\damody\Desktop\Video_vectorization\Vectorizing Animation Video\Vectorizing Animation Video\Debug\link.18272.read.2.tlog
C:\Users\damody\Desktop\Video_vectorization\Vectorizing Animation Video\Vectorizing Animation Video\Debug\link.18272.write.1.tlog
C:\Users\damody\Desktop\Video_vectorization\Vectorizing Animation Video\Vectorizing Animation Video\Debug\link.18272-cvtres.read.1.tlog
C:\Users\damody\Desktop\Video_vectorization\Vectorizing Animation Video\Vectorizing Animation Video\Debug\link.18272-cvtres.write.1.tlog
C:\Users\damody\Desktop\Video_vectorization\Vectorizing Animation Video\Vectorizing Animation Video\Debug\link.20820.read.1.tlog
C:\Users\damody\Desktop\Video_vectorization\Vectorizing Animation Video\Vectorizing Animation Video\Debug\link.20820.write.1.tlog
C:\Users\damody\Desktop\Video_vectorization\Vectorizing Animation Video\Vectorizing Animation Video\Debug\link.20912.read.1.tlog
C:\Users\damody\Desktop\Video_vectorization\Vectorizing Animation Video\Vectorizing Animation Video\Debug\link.20912.read.2.tlog
C:\Users\damody\Desktop\Video_vectorization\Vectorizing Animation Video\Vectorizing Animation Video\Debug\link.20912.write.1.tlog
C:\Users\damody\Desktop\Video_vectorization\Vectorizing Animation Video\Vectorizing Animation Video\Debug\link.20912-cvtres.read.1.tlog
C:\Users\damody\Desktop\Video_vectorization\Vectorizing Animation Video\Vectorizing Animation Video\Debug\link.20912-cvtres.write.1.tlog
C:\Users\damody\Desktop\Video_vectorization\Vectorizing Animation Video\Vectorizing Animation Video\Debug\link.21416.read.1.tlog
C:\Users\damody\Desktop\Video_vectorization\Vectorizing Animation Video\Vectorizing Animation Video\Debug\link.21416.read.2.tlog
C:\Users\damody\Desktop\Video_vectorization\Vectorizing Animation Video\Vectorizing Animation Video\Debug\link.21416.write.1.tlog
C:\Users\damody\Desktop\Video_vectorization\Vectorizing Animation Video\Vectorizing Animation Video\Debug\link.21416-cvtres.read.1.tlog
C:\Users\damody\Desktop\Video_vectorization\Vectorizing Animation Video\Vectorizing Animation Video\Debug\link.21416-cvtres.write.1.tlog
C:\Users\damody\Desktop\Video_vectorization\Vectorizing Animation Video\Vectorizing Animation Video\Debug\link.22168.read.1.tlog
C:\Users\damody\Desktop\Video_vectorization\Vectorizing Animation Video\Vectorizing Animation Video\Debug\link.22168.read.2.tlog
C:\Users\damody\Desktop\Video_vectorization\Vectorizing Animation Video\Vectorizing Animation Video\Debug\link.22168.write.1.tlog
C:\Users\damody\Desktop\Video_vectorization\Vectorizing Animation Video\Vectorizing Animation Video\Debug\link.22168-cvtres.read.1.tlog
C:\Users\damody\Desktop\Video_vectorization\Vectorizing Animation Video\Vectorizing Animation Video\Debug\link.22168-cvtres.write.1.tlog
C:\Users\damody\Desktop\Video_vectorization\Vectorizing Animation Video\Vectorizing Animation Video\Debug\link.23036.read.1.tlog
C:\Users\damody\Desktop\Video_vectorization\Vectorizing Animation Video\Vectorizing Animation Video\Debug\link.23036.read.2.tlog
C:\Users\damody\Desktop\Video_vectorization\Vectorizing Animation Video\Vectorizing Animation Video\Debug\link.23036.write.1.tlog
C:\Users\damody\Desktop\Video_vectorization\Vectorizing Animation Video\Vectorizing Animation Video\Debug\link.23036-cvtres.read.1.tlog
C:\Users\damody\Desktop\Video_vectorization\Vectorizing Animation Video\Vectorizing Animation Video\Debug\link.23036-cvtres.write.1.tlog
C:\Users\damody\Desktop\Video_vectorization\Vectorizing Animation Video\Vectorizing Animation Video\Debug\link.23984.read.1.tlog
C:\Users\damody\Desktop\Video_vectorization\Vectorizing Animation Video\Vectorizing Animation Video\Debug\link.23984.read.2.tlog
C:\Users\damody\Desktop\Video_vectorization\Vectorizing Animation Video\Vectorizing Animation Video\Debug\link.23984.write.1.tlog
C:\Users\damody\Desktop\Video_vectorization\Vectorizing Animation Video\Vectorizing Animation Video\Debug\link.23984-cvtres.read.1.tlog
C:\Users\damody\Desktop\Video_vectorization\Vectorizing Animation Video\Vectorizing Animation Video\Debug\link.23984-cvtres.write.1.tlog
C:\Users\damody\Desktop\Video_vectorization\Vectorizing Animation Video\Vectorizing Animation Video\Debug\link.24016.read.1.tlog
C:\Users\damody\Desktop\Video_vectorization\Vectorizing Animation Video\Vectorizing Animation Video\Debug\link.24016.read.2.tlog
C:\Users\damody\Desktop\Video_vectorization\Vectorizing Animation Video\Vectorizing Animation Video\Debug\link.24016.write.1.tlog
C:\Users\damody\Desktop\Video_vectorization\Vectorizing Animation Video\Vectorizing Animation Video\Debug\link.24016-cvtres.read.1.tlog
C:\Users\damody\Desktop\Video_vectorization\Vectorizing Animation Video\Vectorizing Animation Video\Debug\link.24016-cvtres.write.1.tlog
C:\Users\damody\Desktop\Video_vectorization\Vectorizing Animation Video\Vectorizing Animation Video\Debug\link.24224.read.1.tlog
C:\Users\damody\Desktop\Video_vectorization\Vectorizing Animation Video\Vectorizing Animation Video\Debug\link.24224.read.2.tlog
C:\Users\damody\Desktop\Video_vectorization\Vectorizing Animation Video\Vectorizing Animation Video\Debug\link.24224.write.1.tlog
C:\Users\damody\Desktop\Video_vectorization\Vectorizing Animation Video\Vectorizing Animation Video\Debug\link.24224-cvtres.read.1.tlog
C:\Users\damody\Desktop\Video_vectorization\Vectorizing Animation Video\Vectorizing Animation Video\Debug\link.24224-cvtres.write.1.tlog
C:\Users\damody\Desktop\Video_vectorization\Vectorizing Animation Video\Vectorizing Animation Video\Debug\link.24860.read.1.tlog
C:\Users\damody\Desktop\Video_vectorization\Vectorizing Animation Video\Vectorizing Animation Video\Debug\link.24860.read.2.tlog
C:\Users\damody\Desktop\Video_vectorization\Vectorizing Animation Video\Vectorizing Animation Video\Debug\link.24860.write.1.tlog
C:\Users\damody\Desktop\Video_vectorization\Vectorizing Animation Video\Vectorizing Animation Video\Debug\link.24860-cvtres.read.1.tlog
C:\Users\damody\Desktop\Video_vectorization\Vectorizing Animation Video\Vectorizing Animation Video\Debug\link.24860-cvtres.write.1.tlog
C:\Users\damody\Desktop\Video_vectorization\Vectorizing Animation Video\Vectorizing Animation Video\Debug\link.25116.read.1.tlog
C:\Users\damody\Desktop\Video_vectorization\Vectorizing Animation Video\Vectorizing Animation Video\Debug\link.25116.read.2.tlog
C:\Users\damody\Desktop\Video_vectorization\Vectorizing Animation Video\Vectorizing Animation Video\Debug\link.25116.write.1.tlog
C:\Users\damody\Desktop\Video_vectorization\Vectorizing Animation Video\Vectorizing Animation Video\Debug\link.25116-cvtres.read.1.tlog
C:\Users\damody\Desktop\Video_vectorization\Vectorizing Animation Video\Vectorizing Animation Video\Debug\link.25116-cvtres.write.1.tlog
C:\Users\damody\Desktop\Video_vectorization\Vectorizing Animation Video\Vectorizing Animation Video\Debug\link.25940.read.1.tlog
C:\Users\damody\Desktop\Video_vectorization\Vectorizing Animation Video\Vectorizing Animation Video\Debug\link.25940.read.2.tlog
C:\Users\damody\Desktop\Video_vectorization\Vectorizing Animation Video\Vectorizing Animation Video\Debug\link.25940.write.1.tlog
C:\Users\damody\Desktop\Video_vectorization\Vectorizing Animation Video\Vectorizing Animation Video\Debug\link.25940-cvtres.read.1.tlog
C:\Users\damody\Desktop\Video_vectorization\Vectorizing Animation Video\Vectorizing Animation Video\Debug\link.25940-cvtres.write.1.tlog
C:\Users\damody\Desktop\Video_vectorization\Vectorizing Animation Video\Vectorizing Animation Video\Debug\link.26336.read.1.tlog
C:\Users\damody\Desktop\Video_vectorization\Vectorizing Animation Video\Vectorizing Animation Video\Debug\link.26336.read.2.tlog
C:\Users\damody\Desktop\Video_vectorization\Vectorizing Animation Video\Vectorizing Animation Video\Debug\link.26336.write.1.tlog
C:\Users\damody\Desktop\Video_vectorization\Vectorizing Animation Video\Vectorizing Animation Video\Debug\link.26336-cvtres.read.1.tlog
C:\Users\damody\Desktop\Video_vectorization\Vectorizing Animation Video\Vectorizing Animation Video\Debug\link.26336-cvtres.write.1.tlog
C:\Users\damody\Desktop\Video_vectorization\Vectorizing Animation Video\Vectorizing Animation Video\Debug\link.26736.read.1.tlog
C:\Users\damody\Desktop\Video_vectorization\Vectorizing Animation Video\Vectorizing Animation Video\Debug\link.26736.read.2.tlog
C:\Users\damody\Desktop\Video_vectorization\Vectorizing Animation Video\Vectorizing Animation Video\Debug\link.26736.write.1.tlog
C:\Users\damody\Desktop\Video_vectorization\Vectorizing Animation Video\Vectorizing Animation Video\Debug\link.26736-cvtres.read.1.tlog
C:\Users\damody\Desktop\Video_vectorization\Vectorizing Animation Video\Vectorizing Animation Video\Debug\link.26736-cvtres.write.1.tlog
C:\Users\damody\Desktop\Video_vectorization\Vectorizing Animation Video\Vectorizing Animation Video\Debug\link.28136.read.1.tlog
C:\Users\damody\Desktop\Video_vectorization\Vectorizing Animation Video\Vectorizing Animation Video\Debug\link.28136.read.2.tlog
C:\Users\damody\Desktop\Video_vectorization\Vectorizing Animation Video\Vectorizing Animation Video\Debug\link.28136.write.1.tlog
C:\Users\damody\Desktop\Video_vectorization\Vectorizing Animation Video\Vectorizing Animation Video\Debug\link.28136-cvtres.read.1.tlog
C:\Users\damody\Desktop\Video_vectorization\Vectorizing Animation Video\Vectorizing Animation Video\Debug\link.28136-cvtres.write.1.tlog
C:\Users\damody\Desktop\Video_vectorization\Vectorizing Animation Video\Vectorizing Animation Video\Debug\link.28528.read.1.tlog
C:\Users\damody\Desktop\Video_vectorization\Vectorizing Animation Video\Vectorizing Animation Video\Debug\link.28528.read.2.tlog
C:\Users\damody\Desktop\Video_vectorization\Vectorizing Animation Video\Vectorizing Animation Video\Debug\link.28528.write.1.tlog
C:\Users\damody\Desktop\Video_vectorization\Vectorizing Animation Video\Vectorizing Animation Video\Debug\link.28528-cvtres.read.1.tlog
C:\Users\damody\Desktop\Video_vectorization\Vectorizing Animation Video\Vectorizing Animation Video\Debug\link.28528-cvtres.write.1.tlog
C:\Users\damody\Desktop\Video_vectorization\Vectorizing Animation Video\Vectorizing Animation Video\Debug\link.28912.read.1.tlog
C:\Users\damody\Desktop\Video_vectorization\Vectorizing Animation Video\Vectorizing Animation Video\Debug\link.28912.read.2.tlog
C:\Users\damody\Desktop\Video_vectorization\Vectorizing Animation Video\Vectorizing Animation Video\Debug\link.28912.write.1.tlog
C:\Users\damody\Desktop\Video_vectorization\Vectorizing Animation Video\Vectorizing Animation Video\Debug\link.28912-cvtres.read.1.tlog
C:\Users\damody\Desktop\Video_vectorization\Vectorizing Animation Video\Vectorizing Animation Video\Debug\link.28912-cvtres.write.1.tlog
C:\Users\damody\Desktop\Video_vectorization\Vectorizing Animation Video\Vectorizing Animation Video\Debug\link.30172.read.1.tlog
C:\Users\damody\Desktop\Video_vectorization\Vectorizing Animation Video\Vectorizing Animation Video\Debug\link.30172.read.2.tlog
C:\Users\damody\Desktop\Video_vectorization\Vectorizing Animation Video\Vectorizing Animation Video\Debug\link.30172.write.1.tlog
C:\Users\damody\Desktop\Video_vectorization\Vectorizing Animation Video\Vectorizing Animation Video\Debug\link.30172-cvtres.read.1.tlog
C:\Users\damody\Desktop\Video_vectorization\Vectorizing Animation Video\Vectorizing Animation Video\Debug\link.30172-cvtres.write.1.tlog
C:\Users\damody\Desktop\Video_vectorization\Vectorizing Animation Video\Vectorizing Animation Video\Debug\link.31724.read.1.tlog
C:\Users\damody\Desktop\Video_vectorization\Vectorizing Animation Video\Vectorizing Animation Video\Debug\link.31724.read.2.tlog
C:\Users\damody\Desktop\Video_vectorization\Vectorizing Animation Video\Vectorizing Animation Video\Debug\link.31724.write.1.tlog
C:\Users\damody\Desktop\Video_vectorization\Vectorizing Animation Video\Vectorizing Animation Video\Debug\link.31724-cvtres.read.1.tlog
C:\Users\damody\Desktop\Video_vectorization\Vectorizing Animation Video\Vectorizing Animation Video\Debug\link.31724-cvtres.write.1.tlog
C:\Users\damody\Desktop\Video_vectorization\Vectorizing Animation Video\Vectorizing Animation Video\Debug\link.3192.read.1.tlog
C:\Users\damody\Desktop\Video_vectorization\Vectorizing Animation Video\Vectorizing Animation Video\Debug\link.3192.read.2.tlog
C:\Users\damody\Desktop\Video_vectorization\Vectorizing Animation Video\Vectorizing Animation Video\Debug\link.3192.write.1.tlog
C:\Users\damody\Desktop\Video_vectorization\Vectorizing Animation Video\Vectorizing Animation Video\Debug\link.3192-cvtres.read.1.tlog
C:\Users\damody\Desktop\Video_vectorization\Vectorizing Animation Video\Vectorizing Animation Video\Debug\link.3192-cvtres.write.1.tlog
C:\Users\damody\Desktop\Video_vectorization\Vectorizing Animation Video\Vectorizing Animation Video\Debug\link.3200.read.1.tlog
C:\Users\damody\Desktop\Video_vectorization\Vectorizing Animation Video\Vectorizing Animation Video\Debug\link.3200.read.2.tlog
C:\Users\damody\Desktop\Video_vectorization\Vectorizing Animation Video\Vectorizing Animation Video\Debug\link.3200.write.1.tlog
C:\Users\damody\Desktop\Video_vectorization\Vectorizing Animation Video\Vectorizing Animation Video\Debug\link.3200-cvtres.read.1.tlog
C:\Users\damody\Desktop\Video_vectorization\Vectorizing Animation Video\Vectorizing Animation Video\Debug\link.3200-cvtres.write.1.tlog
C:\Users\damody\Desktop\Video_vectorization\Vectorizing Animation Video\Vectorizing Animation Video\Debug\link.32292.read.1.tlog
C:\Users\damody\Desktop\Video_vectorization\Vectorizing Animation Video\Vectorizing Animation Video\Debug\link.32292.read.2.tlog
C:\Users\damody\Desktop\Video_vectorization\Vectorizing Animation Video\Vectorizing Animation Video\Debug\link.32292.write.1.tlog
C:\Users\damody\Desktop\Video_vectorization\Vectorizing Animation Video\Vectorizing Animation Video\Debug\link.32292-cvtres.read.1.tlog
C:\Users\damody\Desktop\Video_vectorization\Vectorizing Animation Video\Vectorizing Animation Video\Debug\link.32292-cvtres.write.1.tlog
C:\Users\damody\Desktop\Video_vectorization\Vectorizing Animation Video\Vectorizing Animation Video\Debug\link.32332.read.1.tlog
C:\Users\damody\Desktop\Video_vectorization\Vectorizing Animation Video\Vectorizing Animation Video\Debug\link.32332.read.2.tlog
C:\Users\damody\Desktop\Video_vectorization\Vectorizing Animation Video\Vectorizing Animation Video\Debug\link.32332.write.1.tlog
C:\Users\damody\Desktop\Video_vectorization\Vectorizing Animation Video\Vectorizing Animation Video\Debug\link.32332-cvtres.read.1.tlog
C:\Users\damody\Desktop\Video_vectorization\Vectorizing Animation Video\Vectorizing Animation Video\Debug\link.32332-cvtres.write.1.tlog
C:\Users\damody\Desktop\Video_vectorization\Vectorizing Animation Video\Vectorizing Animation Video\Debug\link.32400.read.1.tlog
C:\Users\damody\Desktop\Video_vectorization\Vectorizing Animation Video\Vectorizing Animation Video\Debug\link.32400.read.2.tlog
C:\Users\damody\Desktop\Video_vectorization\Vectorizing Animation Video\Vectorizing Animation Video\Debug\link.32400.write.1.tlog
C:\Users\damody\Desktop\Video_vectorization\Vectorizing Animation Video\Vectorizing Animation Video\Debug\link.32400-cvtres.read.1.tlog
C:\Users\damody\Desktop\Video_vectorization\Vectorizing Animation Video\Vectorizing Animation Video\Debug\link.32400-cvtres.write.1.tlog
C:\Users\damody\Desktop\Video_vectorization\Vectorizing Animation Video\Vectorizing Animation Video\Debug\link.32572.read.1.tlog
C:\Users\damody\Desktop\Video_vectorization\Vectorizing Animation Video\Vectorizing Animation Video\Debug\link.32572.read.2.tlog
C:\Users\damody\Desktop\Video_vectorization\Vectorizing Animation Video\Vectorizing Animation Video\Debug\link.32572.write.1.tlog
C:\Users\damody\Desktop\Video_vectorization\Vectorizing Animation Video\Vectorizing Animation Video\Debug\link.32572-cvtres.read.1.tlog
C:\Users\damody\Desktop\Video_vectorization\Vectorizing Animation Video\Vectorizing Animation Video\Debug\link.32572-cvtres.write.1.tlog
C:\Users\damody\Desktop\Video_vectorization\Vectorizing Animation Video\Vectorizing Animation Video\Debug\link.33284.read.1.tlog
C:\Users\damody\Desktop\Video_vectorization\Vectorizing Animation Video\Vectorizing Animation Video\Debug\link.33284.read.2.tlog
C:\Users\damody\Desktop\Video_vectorization\Vectorizing Animation Video\Vectorizing Animation Video\Debug\link.33284.write.1.tlog
C:\Users\damody\Desktop\Video_vectorization\Vectorizing Animation Video\Vectorizing Animation Video\Debug\link.33284-cvtres.read.1.tlog
C:\Users\damody\Desktop\Video_vectorization\Vectorizing Animation Video\Vectorizing Animation Video\Debug\link.33284-cvtres.write.1.tlog
C:\Users\damody\Desktop\Video_vectorization\Vectorizing Animation Video\Vectorizing Animation Video\Debug\link.33416.read.1.tlog
C:\Users\damody\Desktop\Video_vectorization\Vectorizing Animation Video\Vectorizing Animation Video\Debug\link.33416.read.2.tlog
C:\Users\damody\Desktop\Video_vectorization\Vectorizing Animation Video\Vectorizing Animation Video\Debug\link.33416.write.1.tlog
C:\Users\damody\Desktop\Video_vectorization\Vectorizing Animation Video\Vectorizing Animation Video\Debug\link.33416-cvtres.read.1.tlog
C:\Users\damody\Desktop\Video_vectorization\Vectorizing Animation Video\Vectorizing Animation Video\Debug\link.33416-cvtres.write.1.tlog
C:\Users\damody\Desktop\Video_vectorization\Vectorizing Animation Video\Vectorizing Animation Video\Debug\link.33556.read.1.tlog
C:\Users\damody\Desktop\Video_vectorization\Vectorizing Animation Video\Vectorizing Animation Video\Debug\link.33556.read.2.tlog
C:\Users\damody\Desktop\Video_vectorization\Vectorizing Animation Video\Vectorizing Animation Video\Debug\link.33556.write.1.tlog
C:\Users\damody\Desktop\Video_vectorization\Vectorizing Animation Video\Vectorizing Animation Video\Debug\link.33556-cvtres.read.1.tlog
C:\Users\damody\Desktop\Video_vectorization\Vectorizing Animation Video\Vectorizing Animation Video\Debug\link.33556-cvtres.write.1.tlog
C:\Users\damody\Desktop\Video_vectorization\Vectorizing Animation Video\Vectorizing Animation Video\Debug\link.33796.read.1.tlog
C:\Users\damody\Desktop\Video_vectorization\Vectorizing Animation Video\Vectorizing Animation Video\Debug\link.33796.read.2.tlog
C:\Users\damody\Desktop\Video_vectorization\Vectorizing Animation Video\Vectorizing Animation Video\Debug\link.33796.write.1.tlog
C:\Users\damody\Desktop\Video_vectorization\Vectorizing Animation Video\Vectorizing Animation Video\Debug\link.33796-cvtres.read.1.tlog
C:\Users\damody\Desktop\Video_vectorization\Vectorizing Animation Video\Vectorizing Animation Video\Debug\link.33796-cvtres.write.1.tlog
C:\Users\damody\Desktop\Video_vectorization\Vectorizing Animation Video\Vectorizing Animation Video\Debug\link.34660.read.1.tlog
C:\Users\damody\Desktop\Video_vectorization\Vectorizing Animation Video\Vectorizing Animation Video\Debug\link.34660.read.2.tlog
C:\Users\damody\Desktop\Video_vectorization\Vectorizing Animation Video\Vectorizing Animation Video\Debug\link.34660.write.1.tlog
C:\Users\damody\Desktop\Video_vectorization\Vectorizing Animation Video\Vectorizing Animation Video\Debug\link.34660-cvtres.read.1.tlog
C:\Users\damody\Desktop\Video_vectorization\Vectorizing Animation Video\Vectorizing Animation Video\Debug\link.34660-cvtres.write.1.tlog
C:\Users\damody\Desktop\Video_vectorization\Vectorizing Animation Video\Vectorizing Animation Video\Debug\link.34720.read.1.tlog
C:\Users\damody\Desktop\Video_vectorization\Vectorizing Animation Video\Vectorizing Animation Video\Debug\link.34720.read.2.tlog
C:\Users\damody\Desktop\Video_vectorization\Vectorizing Animation Video\Vectorizing Animation Video\Debug\link.34720.write.1.tlog
C:\Users\damody\Desktop\Video_vectorization\Vectorizing Animation Video\Vectorizing Animation Video\Debug\link.34720-cvtres.read.1.tlog
C:\Users\damody\Desktop\Video_vectorization\Vectorizing Animation Video\Vectorizing Animation Video\Debug\link.34720-cvtres.write.1.tlog
C:\Users\damody\Desktop\Video_vectorization\Vectorizing Animation Video\Vectorizing Animation Video\Debug\link.34812.read.1.tlog
C:\Users\damody\Desktop\Video_vectorization\Vectorizing Animation Video\Vectorizing Animation Video\Debug\link.34812.read.2.tlog
C:\Users\damody\Desktop\Video_vectorization\Vectorizing Animation Video\Vectorizing Animation Video\Debug\link.34812.write.1.tlog
C:\Users\damody\Desktop\Video_vectorization\Vectorizing Animation Video\Vectorizing Animation Video\Debug\link.34812-cvtres.read.1.tlog
C:\Users\damody\Desktop\Video_vectorization\Vectorizing Animation Video\Vectorizing Animation Video\Debug\link.34812-cvtres.write.1.tlog
C:\Users\damody\Desktop\Video_vectorization\Vectorizing Animation Video\Vectorizing Animation Video\Debug\link.42408.read.1.tlog
C:\Users\damody\Desktop\Video_vectorization\Vectorizing Animation Video\Vectorizing Animation Video\Debug\link.42408.read.2.tlog
C:\Users\damody\Desktop\Video_vectorization\Vectorizing Animation Video\Vectorizing Animation Video\Debug\link.42408.write.1.tlog
C:\Users\damody\Desktop\Video_vectorization\Vectorizing Animation Video\Vectorizing Animation Video\Debug\link.42408-cvtres.read.1.tlog
C:\Users\damody\Desktop\Video_vectorization\Vectorizing Animation Video\Vectorizing Animation Video\Debug\link.42408-cvtres.write.1.tlog
C:\Users\damody\Desktop\Video_vectorization\Vectorizing Animation Video\Vectorizing Animation Video\Debug\link.4324.read.1.tlog
C:\Users\damody\Desktop\Video_vectorization\Vectorizing Animation Video\Vectorizing Animation Video\Debug\link.4324.read.2.tlog
C:\Users\damody\Desktop\Video_vectorization\Vectorizing Animation Video\Vectorizing Animation Video\Debug\link.4324.write.1.tlog
C:\Users\damody\Desktop\Video_vectorization\Vectorizing Animation Video\Vectorizing Animation Video\Debug\link.4324-cvtres.read.1.tlog
C:\Users\damody\Desktop\Video_vectorization\Vectorizing Animation Video\Vectorizing Animation Video\Debug\link.4324-cvtres.write.1.tlog
C:\Users\damody\Desktop\Video_vectorization\Vectorizing Animation Video\Vectorizing Animation Video\Debug\link.45144.read.1.tlog
C:\Users\damody\Desktop\Video_vectorization\Vectorizing Animation Video\Vectorizing Animation Video\Debug\link.45144.read.2.tlog
C:\Users\damody\Desktop\Video_vectorization\Vectorizing Animation Video\Vectorizing Animation Video\Debug\link.45144.write.1.tlog
C:\Users\damody\Desktop\Video_vectorization\Vectorizing Animation Video\Vectorizing Animation Video\Debug\link.45144-cvtres.read.1.tlog
C:\Users\damody\Desktop\Video_vectorization\Vectorizing Animation Video\Vectorizing Animation Video\Debug\link.45144-cvtres.write.1.tlog
C:\Users\damody\Desktop\Video_vectorization\Vectorizing Animation Video\Vectorizing Animation Video\Debug\link.46520.read.1.tlog
C:\Users\damody\Desktop\Video_vectorization\Vectorizing Animation Video\Vectorizing Animation Video\Debug\link.46520.read.2.tlog
C:\Users\damody\Desktop\Video_vectorization\Vectorizing Animation Video\Vectorizing Animation Video\Debug\link.46520.write.1.tlog
C:\Users\damody\Desktop\Video_vectorization\Vectorizing Animation Video\Vectorizing Animation Video\Debug\link.46520-cvtres.read.1.tlog
C:\Users\damody\Desktop\Video_vectorization\Vectorizing Animation Video\Vectorizing Animation Video\Debug\link.46520-cvtres.write.1.tlog
C:\Users\damody\Desktop\Video_vectorization\Vectorizing Animation Video\Vectorizing Animation Video\Debug\link.47968.read.1.tlog
C:\Users\damody\Desktop\Video_vectorization\Vectorizing Animation Video\Vectorizing Animation Video\Debug\link.47968.read.2.tlog
C:\Users\damody\Desktop\Video_vectorization\Vectorizing Animation Video\Vectorizing Animation Video\Debug\link.47968.write.1.tlog
C:\Users\damody\Desktop\Video_vectorization\Vectorizing Animation Video\Vectorizing Animation Video\Debug\link.47968-cvtres.read.1.tlog
C:\Users\damody\Desktop\Video_vectorization\Vectorizing Animation Video\Vectorizing Animation Video\Debug\link.47968-cvtres.write.1.tlog
C:\Users\damody\Desktop\Video_vectorization\Vectorizing Animation Video\Vectorizing Animation Video\Debug\link.5624.read.1.tlog
C:\Users\damody\Desktop\Video_vectorization\Vectorizing Animation Video\Vectorizing Animation Video\Debug\link.5624.read.2.tlog
C:\Users\damody\Desktop\Video_vectorization\Vectorizing Animation Video\Vectorizing Animation Video\Debug\link.5624.write.1.tlog
C:\Users\damody\Desktop\Video_vectorization\Vectorizing Animation Video\Vectorizing Animation Video\Debug\link.5624-cvtres.read.1.tlog
C:\Users\damody\Desktop\Video_vectorization\Vectorizing Animation Video\Vectorizing Animation Video\Debug\link.5624-cvtres.write.1.tlog
C:\Users\damody\Desktop\Video_vectorization\Vectorizing Animation Video\Vectorizing Animation Video\Debug\link.56852.read.1.tlog
C:\Users\damody\Desktop\Video_vectorization\Vectorizing Animation Video\Vectorizing Animation Video\Debug\link.56852.read.2.tlog
C:\Users\damody\Desktop\Video_vectorization\Vectorizing Animation Video\Vectorizing Animation Video\Debug\link.56852.write.1.tlog
C:\Users\damody\Desktop\Video_vectorization\Vectorizing Animation Video\Vectorizing Animation Video\Debug\link.56852-cvtres.read.1.tlog
C:\Users\damody\Desktop\Video_vectorization\Vectorizing Animation Video\Vectorizing Animation Video\Debug\link.56852-cvtres.write.1.tlog
C:\Users\damody\Desktop\Video_vectorization\Vectorizing Animation Video\Vectorizing Animation Video\Debug\link.57756.read.1.tlog
C:\Users\damody\Desktop\Video_vectorization\Vectorizing Animation Video\Vectorizing Animation Video\Debug\link.57756.read.2.tlog
C:\Users\damody\Desktop\Video_vectorization\Vectorizing Animation Video\Vectorizing Animation Video\Debug\link.57756.write.1.tlog
C:\Users\damody\Desktop\Video_vectorization\Vectorizing Animation Video\Vectorizing Animation Video\Debug\link.57756-cvtres.read.1.tlog
C:\Users\damody\Desktop\Video_vectorization\Vectorizing Animation Video\Vectorizing Animation Video\Debug\link.57756-cvtres.write.1.tlog
C:\Users\damody\Desktop\Video_vectorization\Vectorizing Animation Video\Vectorizing Animation Video\Debug\link.6632.read.1.tlog
C:\Users\damody\Desktop\Video_vectorization\Vectorizing Animation Video\Vectorizing Animation Video\Debug\link.6632.read.2.tlog
C:\Users\damody\Desktop\Video_vectorization\Vectorizing Animation Video\Vectorizing Animation Video\Debug\link.6632.write.1.tlog
C:\Users\damody\Desktop\Video_vectorization\Vectorizing Animation Video\Vectorizing Animation Video\Debug\link.6632-cvtres.read.1.tlog
C:\Users\damody\Desktop\Video_vectorization\Vectorizing Animation Video\Vectorizing Animation Video\Debug\link.6632-cvtres.write.1.tlog
C:\Users\damody\Desktop\Video_vectorization\Vectorizing Animation Video\Vectorizing Animation Video\Debug\link.7516.read.1.tlog
C:\Users\damody\Desktop\Video_vectorization\Vectorizing Animation Video\Vectorizing Animation Video\Debug\link.7516.read.2.tlog
C:\Users\damody\Desktop\Video_vectorization\Vectorizing Animation Video\Vectorizing Animation Video\Debug\link.7516.write.1.tlog
C:\Users\damody\Desktop\Video_vectorization\Vectorizing Animation Video\Vectorizing Animation Video\Debug\link.7516-cvtres.read.1.tlog
C:\Users\damody\Desktop\Video_vectorization\Vectorizing Animation Video\Vectorizing Animation Video\Debug\link.7516-cvtres.write.1.tlog
C:\Users\damody\Desktop\Video_vectorization\Vectorizing Animation Video\Vectorizing Animation Video\Debug\link.8156.read.1.tlog
C:\Users\damody\Desktop\Video_vectorization\Vectorizing Animation Video\Vectorizing Animation Video\Debug\link.8156.read.2.tlog
C:\Users\damody\Desktop\Video_vectorization\Vectorizing Animation Video\Vectorizing Animation Video\Debug\link.8156.write.1.tlog
C:\Users\damody\Desktop\Video_vectorization\Vectorizing Animation Video\Vectorizing Animation Video\Debug\link.8156-cvtres.read.1.tlog
C:\Users\damody\Desktop\Video_vectorization\Vectorizing Animation Video\Vectorizing Animation Video\Debug\link.8156-cvtres.write.1.tlog
C:\Users\damody\Desktop\Video_vectorization\Vectorizing Animation Video\Vectorizing Animation Video\Debug\link.8508.read.1.tlog
C:\Users\damody\Desktop\Video_vectorization\Vectorizing Animation Video\Vectorizing Animation Video\Debug\link.8508.read.2.tlog
C:\Users\damody\Desktop\Video_vectorization\Vectorizing Animation Video\Vectorizing Animation Video\Debug\link.8508.write.1.tlog
C:\Users\damody\Desktop\Video_vectorization\Vectorizing Animation Video\Vectorizing Animation Video\Debug\link.8508-cvtres.read.1.tlog
C:\Users\damody\Desktop\Video_vectorization\Vectorizing Animation Video\Vectorizing Animation Video\Debug\link.8508-cvtres.write.1.tlog
C:\Users\damody\Desktop\Video_vectorization\Vectorizing Animation Video\Vectorizing Animation Video\Debug\link.8776.read.1.tlog
C:\Users\damody\Desktop\Video_vectorization\Vectorizing Animation Video\Vectorizing Animation Video\Debug\link.8776.read.2.tlog
C:\Users\damody\Desktop\Video_vectorization\Vectorizing Animation Video\Vectorizing Animation Video\Debug\link.8776.write.1.tlog
C:\Users\damody\Desktop\Video_vectorization\Vectorizing Animation Video\Vectorizing Animation Video\Debug\link.8776-cvtres.read.1.tlog
C:\Users\damody\Desktop\Video_vectorization\Vectorizing Animation Video\Vectorizing Animation Video\Debug\link.8776-cvtres.write.1.tlog
C:\Users\damody\Desktop\Video_vectorization\Vectorizing Animation Video\Vectorizing Animation Video\Debug\link.9716.read.1.tlog
C:\Users\damody\Desktop\Video_vectorization\Vectorizing Animation Video\Vectorizing Animation Video\Debug\link.9716.read.2.tlog
C:\Users\damody\Desktop\Video_vectorization\Vectorizing Animation Video\Vectorizing Animation Video\Debug\link.9716.write.1.tlog
C:\Users\damody\Desktop\Video_vectorization\Vectorizing Animation Video\Vectorizing Animation Video\Debug\link.9716-cvtres.read.1.tlog
C:\Users\damody\Desktop\Video_vectorization\Vectorizing Animation Video\Vectorizing Animation Video\Debug\link.9716-cvtres.write.1.tlog
C:\Users\damody\Desktop\Video_vectorization\Vectorizing Animation Video\Vectorizing Animation Video\Debug\link.9824.read.1.tlog
C:\Users\damody\Desktop\Video_vectorization\Vectorizing Animation Video\Vectorizing Animation Video\Debug\link.9824.read.2.tlog
C:\Users\damody\Desktop\Video_vectorization\Vectorizing Animation Video\Vectorizing Animation Video\Debug\link.9824.write.1.tlog
C:\Users\damody\Desktop\Video_vectorization\Vectorizing Animation Video\Vectorizing Animation Video\Debug\link.9824-cvtres.read.1.tlog
C:\Users\damody\Desktop\Video_vectorization\Vectorizing Animation Video\Vectorizing Animation Video\Debug\link.9824-cvtres.write.1.tlog
C:\Users\damody\Desktop\Video_vectorization\Vectorizing Animation Video\Vectorizing Animation Video\Debug\link.command.1.tlog
C:\Users\damody\Desktop\Video_vectorization\Vectorizing Animation Video\Vectorizing Animation Video\Debug\link.read.1.tlog
C:\Users\damody\Desktop\Video_vectorization\Vectorizing Animation Video\Vectorizing Animation Video\Debug\link.read.2.tlog
C:\Users\damody\Desktop\Video_vectorization\Vectorizing Animation Video\Vectorizing Animation Video\Debug\link.write.1.tlog
C:\Users\damody\Desktop\Video_vectorization\Vectorizing Animation Video\Vectorizing Animation Video\Debug\link-cvtres.read.1.tlog
C:\Users\damody\Desktop\Video_vectorization\Vectorizing Animation Video\Vectorizing Animation Video\Debug\link-cvtres.write.1.tlog
C:\USERS\DAMODY\DESKTOP\VIDEO_VECTORIZATION\VECTORIZING ANIMATION VIDEO\VECTORIZING ANIMATION VIDEO\DEBUG\MATH.OBJ
C:\USERS\DAMODY\DESKTOP\VIDEO_VECTORIZATION\VECTORIZING ANIMATION VIDEO\VECTORIZING ANIMATION VIDEO\DEBUG\MATRIX3.OBJ
C:\USERS\DAMODY\DESKTOP\VIDEO_VECTORIZATION\VECTORIZING ANIMATION VIDEO\VECTORIZING ANIMATION VIDEO\DEBUG\MATRIX4.OBJ
C:\Users\damody\Desktop\Video_vectorization\Vectorizing Animation Video\Vectorizing Animation Video\Debug\mt.command.1.tlog
C:\Users\damody\Desktop\Video_vectorization\Vectorizing Animation Video\Vectorizing Animation Video\Debug\mt.read.1.tlog
C:\Users\damody\Desktop\Video_vectorization\Vectorizing Animation Video\Vectorizing Animation Video\Debug\mt.write.1.tlog
C:\USERS\DAMODY\DESKTOP\VIDEO_VECTORIZATION\VECTORIZING ANIMATION VIDEO\VECTORIZING ANIMATION VIDEO\DEBUG\OUTPUTWND.OBJ
C:\USERS\DAMODY\DESKTOP\VIDEO_VECTORIZATION\VECTORIZING ANIMATION VIDEO\VECTORIZING ANIMATION VIDEO\DEBUG\PATCH.OBJ
C:\USERS\DAMODY\DESKTOP\VIDEO_VECTORIZATION\VECTORIZING ANIMATION VIDEO\VECTORIZING ANIMATION VIDEO\DEBUG\PLANE.OBJ
C:\USERS\DAMODY\DESKTOP\VIDEO_VECTORIZATION\VECTORIZING ANIMATION VIDEO\VECTORIZING ANIMATION VIDEO\DEBUG\POLYGON2D.OBJ
C:\USERS\DAMODY\DESKTOP\VIDEO_VECTORIZATION\VECTORIZING ANIMATION VIDEO\VECTORIZING ANIMATION VIDEO\DEBUG\PROPERTIESWND.OBJ
C:\USERS\DAMODY\DESKTOP\VIDEO_VECTORIZATION\VECTORIZING ANIMATION VIDEO\VECTORIZING ANIMATION VIDEO\DEBUG\QUATERNION.OBJ
C:\Users\damody\Desktop\Video_vectorization\Vectorizing Animation Video\Vectorizing Animation Video\Debug\rc.command.1.tlog
C:\Users\damody\Desktop\Video_vectorization\Vectorizing Animation Video\Vectorizing Animation Video\Debug\rc.read.1.tlog
C:\Users\damody\Desktop\Video_vectorization\Vectorizing Animation Video\Vectorizing Animation Video\Debug\rc.write.1.tlog
C:\USERS\DAMODY\DESKTOP\VIDEO_VECTORIZATION\VECTORIZING ANIMATION VIDEO\VECTORIZING ANIMATION VIDEO\DEBUG\SDKMESH.OBJ
C:\USERS\DAMODY\DESKTOP\VIDEO_VECTORIZATION\VECTORIZING ANIMATION VIDEO\VECTORIZING ANIMATION VIDEO\DEBUG\SDKMISC.OBJ
C:\USERS\DAMODY\DESKTOP\VIDEO_VECTORIZATION\VECTORIZING ANIMATION VIDEO\VECTORIZING ANIMATION VIDEO\DEBUG\SPLINESHAPE.OBJ
C:\USERS\DAMODY\DESKTOP\VIDEO_VECTORIZATION\VECTORIZING ANIMATION VIDEO\VECTORIZING ANIMATION VIDEO\DEBUG\STDAFX.OBJ
C:\USERS\DAMODY\DESKTOP\VIDEO_VECTORIZATION\VECTORIZING ANIMATION VIDEO\VECTORIZING ANIMATION VIDEO\DEBUG\TIMER.OBJ
C:\USERS\DAMODY\DESKTOP\VIDEO_VECTORIZATION\VECTORIZING ANIMATION VIDEO\VECTORIZING ANIMATION VIDEO\DEBUG\TRIANGULATIONCGAL.OBJ
C:\USERS\DAMODY\DESKTOP\VIDEO_VECTORIZATION\VECTORIZING ANIMATION VIDEO\VECTORIZING ANIMATION VIDEO\DEBUG\TRIANGULATIONCGAL_PATCH.OBJ
C:\USERS\DAMODY\DESKTOP\VIDEO_VECTORIZATION\VECTORIZING ANIMATION VIDEO\VECTORIZING ANIMATION VIDEO\DEBUG\TRIANGULATIONCGAL_SEEDPOINT.OBJ
C:\USERS\DAMODY\DESKTOP\VIDEO_VECTORIZATION\VECTORIZING ANIMATION VIDEO\VECTORIZING ANIMATION VIDEO\DEBUG\TRIANGULATIONCGAL_SIDELINE.OBJ
C:\USERS\DAMODY\DESKTOP\VIDEO_VECTORIZATION\VECTORIZING ANIMATION VIDEO\VECTORIZING ANIMATION VIDEO\DEBUG\VAV_APP.OBJ
C:\USERS\DAMODY\DESKTOP\VIDEO_VECTORIZATION\VECTORIZING ANIMATION VIDEO\VECTORIZING ANIMATION VIDEO\DEBUG\VAV_DOC.OBJ
C:\USERS\DAMODY\DESKTOP\VIDEO_VECTORIZATION\VECTORIZING ANIMATION VIDEO\VECTORIZING ANIMATION VIDEO\DEBUG\VAV_MAINFRM.OBJ
C:\USERS\DAMODY\DESKTOP\VIDEO_VECTORIZATION\VECTORIZING ANIMATION VIDEO\VECTORIZING ANIMATION VIDEO\DEBUG\VAV_VIEW.OBJ
C:\USERS\DAMODY\DESKTOP\VIDEO_VECTORIZATION\VECTORIZING ANIMATION VIDEO\VECTORIZING ANIMATION VIDEO\DEBUG\VAVIMAGE.OBJ
C:\Users\damody\Desktop\Video_vectorization\Vectorizing Animation Video\Vectorizing Animation Video\Debug\vc100.idb
C:\USERS\DAMODY\DESKTOP\VIDEO_VECTORIZATION\VECTORIZING ANIMATION VIDEO\VECTORIZING ANIMATION VIDEO\DEBUG\VC100.PDB
C:\USERS\DAMODY\DESKTOP\VIDEO_VECTORIZATION\VECTORIZING ANIMATION VIDEO\VECTORIZING ANIMATION VIDEO\DEBUG\VECTOR2.OBJ
C:\USERS\DAMODY\DESKTOP\VIDEO_VECTORIZATION\VECTORIZING ANIMATION VIDEO\VECTORIZING ANIMATION VIDEO\DEBUG\VECTOR3.OBJ
C:\USERS\DAMODY\DESKTOP\VIDEO_VECTORIZATION\VECTORIZING ANIMATION VIDEO\VECTORIZING ANIMATION VIDEO\DEBUG\VECTOR4.OBJ
C:\USERS\DAMODY\DESKTOP\VIDEO_VECTORIZATION\VECTORIZING ANIMATION VIDEO\VECTORIZING ANIMATION VIDEO\DEBUG\VECTORIZING ANIMATION VIDEO.EXE.EMBED.MANIFEST
C:\USERS\DAMODY\DESKTOP\VIDEO_VECTORIZATION\VECTORIZING ANIMATION VIDEO\VECTORIZING ANIMATION VIDEO\DEBUG\VECTORIZING ANIMATION VIDEO.EXE.EMBED.MANIFEST.RES
C:\USERS\DAMODY\DESKTOP\VIDEO_VECTORIZATION\VECTORIZING ANIMATION VIDEO\VECTORIZING ANIMATION VIDEO\DEBUG\VECTORIZING ANIMATION VIDEO.EXE.INTERMEDIATE.MANIFEST
C:\USERS\DAMODY\DESKTOP\VIDEO_VECTORIZATION\VECTORIZING ANIMATION VIDEO\VECTORIZING ANIMATION VIDEO\DEBUG\VECTORIZING ANIMATION VIDEO.PCH
C:\USERS\DAMODY\DESKTOP\VIDEO_VECTORIZATION\VECTORIZING ANIMATION VIDEO\VECTORIZING ANIMATION VIDEO\DEBUG\VECTORIZING ANIMATION VIDEO.RES
C:\Users\damody\Desktop\Video_vectorization\Vectorizing Animation Video\Vectorizing Animation Video\Debug\Vectorizing Animation Video.vcxprojResolveAssemblyReference.cache
C:\Users\damody\Desktop\Video_vectorization\Vectorizing Animation Video\Vectorizing Animation Video\Debug\Vectorizing Animation Video.write.1.tlog
C:\Users\damody\Desktop\Video_vectorization\Vectorizing Animation Video\Vectorizing Animation Video\Debug\Vectorizing Animation Video_manifest.rc
C:\USERS\DAMODY\DESKTOP\VIDEO_VECTORIZATION\VECTORIZING ANIMATION VIDEO\VECTORIZING ANIMATION VIDEO\DEBUG\VERTEX.OBJ
C:\USERS\DAMODY\DESKTOP\VIDEO_VECTORIZATION\VECTORIZING ANIMATION VIDEO\VECTORIZING ANIMATION VIDEO\DEBUG\VIEWTREE.OBJ
