C:\USERS\DAMODY\DESKTOP\VIDEO_VECTORIZATION\VECTORIZING ANIMATION VIDEO\RELEASE\VECTORIZING ANIMATION VIDEO.EXE
C:\Users\damody\Desktop\Video_vectorization\Vectorizing Animation Video\Release\Vectorizing Animation Video.pdb
C:\USERS\DAMODY\DESKTOP\VIDEO_VECTORIZATION\VECTORIZING ANIMATION VIDEO\VECTORIZING ANIMATION VIDEO\RELEASE\AABB2D.OBJ
C:\USERS\DAMODY\DESKTOP\VIDEO_VECTORIZATION\VECTORIZING ANIMATION VIDEO\VECTORIZING ANIMATION VIDEO\RELEASE\ALGSPLINE.OBJ
C:\USERS\DAMODY\DESKTOP\VIDEO_VECTORIZATION\VECTORIZING ANIMATION VIDEO\VECTORIZING ANIMATION VIDEO\RELEASE\ALGSPLINE2D.OBJ
C:\USERS\DAMODY\DESKTOP\VIDEO_VECTORIZATION\VECTORIZING ANIMATION VIDEO\VECTORIZING ANIMATION VIDEO\RELEASE\AXISALIGNEDBOX.OBJ
C:\USERS\DAMODY\DESKTOP\VIDEO_VECTORIZATION\VECTORIZING ANIMATION VIDEO\VECTORIZING ANIMATION VIDEO\RELEASE\BEZIERCURVE.OBJ
C:\USERS\DAMODY\DESKTOP\VIDEO_VECTORIZATION\VECTORIZING ANIMATION VIDEO\VECTORIZING ANIMATION VIDEO\RELEASE\BSPLINECURVE.OBJ
C:\USERS\DAMODY\DESKTOP\VIDEO_VECTORIZATION\VECTORIZING ANIMATION VIDEO\VECTORIZING ANIMATION VIDEO\RELEASE\CENTROID.OBJ
C:\Users\damody\Desktop\Video_vectorization\Vectorizing Animation Video\Vectorizing Animation Video\Release\cl.command.1.tlog
C:\Users\damody\Desktop\Video_vectorization\Vectorizing Animation Video\Vectorizing Animation Video\Release\CL.read.1.tlog
C:\Users\damody\Desktop\Video_vectorization\Vectorizing Animation Video\Vectorizing Animation Video\Release\CL.write.1.tlog
C:\USERS\DAMODY\DESKTOP\VIDEO_VECTORIZATION\VECTORIZING ANIMATION VIDEO\VECTORIZING ANIMATION VIDEO\RELEASE\CLASSVIEW.OBJ
C:\USERS\DAMODY\DESKTOP\VIDEO_VECTORIZATION\VECTORIZING ANIMATION VIDEO\VECTORIZING ANIMATION VIDEO\RELEASE\CMCURVEEX.OBJ
C:\USERS\DAMODY\DESKTOP\VIDEO_VECTORIZATION\VECTORIZING ANIMATION VIDEO\VECTORIZING ANIMATION VIDEO\RELEASE\COLORCONSTRAINT.OBJ
C:\USERS\DAMODY\DESKTOP\VIDEO_VECTORIZATION\VECTORIZING ANIMATION VIDEO\VECTORIZING ANIMATION VIDEO\RELEASE\COLORCONSTRAINTMEDIAN.OBJ
C:\USERS\DAMODY\DESKTOP\VIDEO_VECTORIZATION\VECTORIZING ANIMATION VIDEO\VECTORIZING ANIMATION VIDEO\RELEASE\CONVSTR.OBJ
C:\USERS\DAMODY\DESKTOP\VIDEO_VECTORIZATION\VECTORIZING ANIMATION VIDEO\VECTORIZING ANIMATION VIDEO\RELEASE\CVEXTENSTION.OBJ
C:\USERS\DAMODY\DESKTOP\VIDEO_VECTORIZATION\VECTORIZING ANIMATION VIDEO\VECTORIZING ANIMATION VIDEO\RELEASE\D3DAPP.OBJ
C:\USERS\DAMODY\DESKTOP\VIDEO_VECTORIZATION\VECTORIZING ANIMATION VIDEO\VECTORIZING ANIMATION VIDEO\RELEASE\DXUT.OBJ
C:\USERS\DAMODY\DESKTOP\VIDEO_VECTORIZATION\VECTORIZING ANIMATION VIDEO\VECTORIZING ANIMATION VIDEO\RELEASE\DXUTCAMERA.OBJ
C:\USERS\DAMODY\DESKTOP\VIDEO_VECTORIZATION\VECTORIZING ANIMATION VIDEO\VECTORIZING ANIMATION VIDEO\RELEASE\DXUTDEVICE11.OBJ
C:\USERS\DAMODY\DESKTOP\VIDEO_VECTORIZATION\VECTORIZING ANIMATION VIDEO\VECTORIZING ANIMATION VIDEO\RELEASE\DXUTDEVICE9.OBJ
C:\USERS\DAMODY\DESKTOP\VIDEO_VECTORIZATION\VECTORIZING ANIMATION VIDEO\VECTORIZING ANIMATION VIDEO\RELEASE\DXUTGUI.OBJ
C:\USERS\DAMODY\DESKTOP\VIDEO_VECTORIZATION\VECTORIZING ANIMATION VIDEO\VECTORIZING ANIMATION VIDEO\RELEASE\DXUTGUIIME.OBJ
C:\USERS\DAMODY\DESKTOP\VIDEO_VECTORIZATION\VECTORIZING ANIMATION VIDEO\VECTORIZING ANIMATION VIDEO\RELEASE\DXUTMISC.OBJ
C:\USERS\DAMODY\DESKTOP\VIDEO_VECTORIZATION\VECTORIZING ANIMATION VIDEO\VECTORIZING ANIMATION VIDEO\RELEASE\DXUTRES.OBJ
C:\USERS\DAMODY\DESKTOP\VIDEO_VECTORIZATION\VECTORIZING ANIMATION VIDEO\VECTORIZING ANIMATION VIDEO\RELEASE\DXUTSETTINGSDLG.OBJ
C:\USERS\DAMODY\DESKTOP\VIDEO_VECTORIZATION\VECTORIZING ANIMATION VIDEO\VECTORIZING ANIMATION VIDEO\RELEASE\DXUTUI.OBJ
C:\USERS\DAMODY\DESKTOP\VIDEO_VECTORIZATION\VECTORIZING ANIMATION VIDEO\VECTORIZING ANIMATION VIDEO\RELEASE\EDGE.OBJ
C:\USERS\DAMODY\DESKTOP\VIDEO_VECTORIZATION\VECTORIZING ANIMATION VIDEO\VECTORIZING ANIMATION VIDEO\RELEASE\FILEVIEW.OBJ
C:\USERS\DAMODY\DESKTOP\VIDEO_VECTORIZATION\VECTORIZING ANIMATION VIDEO\VECTORIZING ANIMATION VIDEO\RELEASE\HSPLINECURVE.OBJ
C:\USERS\DAMODY\DESKTOP\VIDEO_VECTORIZATION\VECTORIZING ANIMATION VIDEO\VECTORIZING ANIMATION VIDEO\RELEASE\IMAGESPLINE.OBJ
C:\USERS\DAMODY\DESKTOP\VIDEO_VECTORIZATION\VECTORIZING ANIMATION VIDEO\VECTORIZING ANIMATION VIDEO\RELEASE\IMEUI.OBJ
C:\USERS\DAMODY\DESKTOP\VIDEO_VECTORIZATION\VECTORIZING ANIMATION VIDEO\VECTORIZING ANIMATION VIDEO\RELEASE\LINEARLINE.OBJ
C:\USERS\DAMODY\DESKTOP\VIDEO_VECTORIZATION\VECTORIZING ANIMATION VIDEO\VECTORIZING ANIMATION VIDEO\RELEASE\LINEFRAGMENT.OBJ
C:\Users\damody\Desktop\Video_vectorization\Vectorizing Animation Video\Vectorizing Animation Video\Release\link.10340.read.1.tlog
C:\Users\damody\Desktop\Video_vectorization\Vectorizing Animation Video\Vectorizing Animation Video\Release\link.10340.write.1.tlog
C:\Users\damody\Desktop\Video_vectorization\Vectorizing Animation Video\Vectorizing Animation Video\Release\link.command.1.tlog
C:\Users\damody\Desktop\Video_vectorization\Vectorizing Animation Video\Vectorizing Animation Video\Release\link.read.1.tlog
C:\Users\damody\Desktop\Video_vectorization\Vectorizing Animation Video\Vectorizing Animation Video\Release\link.write.1.tlog
C:\Users\damody\Desktop\Video_vectorization\Vectorizing Animation Video\Vectorizing Animation Video\Release\link-cvtres.read.1.tlog
C:\Users\damody\Desktop\Video_vectorization\Vectorizing Animation Video\Vectorizing Animation Video\Release\link-cvtres.write.1.tlog
C:\USERS\DAMODY\DESKTOP\VIDEO_VECTORIZATION\VECTORIZING ANIMATION VIDEO\VECTORIZING ANIMATION VIDEO\RELEASE\MATH.OBJ
C:\USERS\DAMODY\DESKTOP\VIDEO_VECTORIZATION\VECTORIZING ANIMATION VIDEO\VECTORIZING ANIMATION VIDEO\RELEASE\MATRIX3.OBJ
C:\USERS\DAMODY\DESKTOP\VIDEO_VECTORIZATION\VECTORIZING ANIMATION VIDEO\VECTORIZING ANIMATION VIDEO\RELEASE\MATRIX4.OBJ
C:\Users\damody\Desktop\Video_vectorization\Vectorizing Animation Video\Vectorizing Animation Video\Release\mt.command.1.tlog
C:\Users\damody\Desktop\Video_vectorization\Vectorizing Animation Video\Vectorizing Animation Video\Release\mt.read.1.tlog
C:\Users\damody\Desktop\Video_vectorization\Vectorizing Animation Video\Vectorizing Animation Video\Release\mt.write.1.tlog
C:\USERS\DAMODY\DESKTOP\VIDEO_VECTORIZATION\VECTORIZING ANIMATION VIDEO\VECTORIZING ANIMATION VIDEO\RELEASE\OUTPUTWND.OBJ
C:\USERS\DAMODY\DESKTOP\VIDEO_VECTORIZATION\VECTORIZING ANIMATION VIDEO\VECTORIZING ANIMATION VIDEO\RELEASE\PATCH.OBJ
C:\USERS\DAMODY\DESKTOP\VIDEO_VECTORIZATION\VECTORIZING ANIMATION VIDEO\VECTORIZING ANIMATION VIDEO\RELEASE\PATCHSPLINE.OBJ
C:\USERS\DAMODY\DESKTOP\VIDEO_VECTORIZATION\VECTORIZING ANIMATION VIDEO\VECTORIZING ANIMATION VIDEO\RELEASE\PATHINTERPOLATER.OBJ
C:\USERS\DAMODY\DESKTOP\VIDEO_VECTORIZATION\VECTORIZING ANIMATION VIDEO\VECTORIZING ANIMATION VIDEO\RELEASE\PLANE.OBJ
C:\USERS\DAMODY\DESKTOP\VIDEO_VECTORIZATION\VECTORIZING ANIMATION VIDEO\VECTORIZING ANIMATION VIDEO\RELEASE\POLYGON2D.OBJ
C:\USERS\DAMODY\DESKTOP\VIDEO_VECTORIZATION\VECTORIZING ANIMATION VIDEO\VECTORIZING ANIMATION VIDEO\RELEASE\PROPERTIESWND.OBJ
C:\USERS\DAMODY\DESKTOP\VIDEO_VECTORIZATION\VECTORIZING ANIMATION VIDEO\VECTORIZING ANIMATION VIDEO\RELEASE\QUATERNION.OBJ
C:\Users\damody\Desktop\Video_vectorization\Vectorizing Animation Video\Vectorizing Animation Video\Release\rc.command.1.tlog
C:\Users\damody\Desktop\Video_vectorization\Vectorizing Animation Video\Vectorizing Animation Video\Release\rc.read.1.tlog
C:\Users\damody\Desktop\Video_vectorization\Vectorizing Animation Video\Vectorizing Animation Video\Release\rc.write.1.tlog
C:\USERS\DAMODY\DESKTOP\VIDEO_VECTORIZATION\VECTORIZING ANIMATION VIDEO\VECTORIZING ANIMATION VIDEO\RELEASE\SDKMESH.OBJ
C:\USERS\DAMODY\DESKTOP\VIDEO_VECTORIZATION\VECTORIZING ANIMATION VIDEO\VECTORIZING ANIMATION VIDEO\RELEASE\SDKMISC.OBJ
C:\USERS\DAMODY\DESKTOP\VIDEO_VECTORIZATION\VECTORIZING ANIMATION VIDEO\VECTORIZING ANIMATION VIDEO\RELEASE\SPLINEFRAGMENT.OBJ
C:\USERS\DAMODY\DESKTOP\VIDEO_VECTORIZATION\VECTORIZING ANIMATION VIDEO\VECTORIZING ANIMATION VIDEO\RELEASE\SPLINESHAPE.OBJ
C:\USERS\DAMODY\DESKTOP\VIDEO_VECTORIZATION\VECTORIZING ANIMATION VIDEO\VECTORIZING ANIMATION VIDEO\RELEASE\STDAFX.OBJ
C:\USERS\DAMODY\DESKTOP\VIDEO_VECTORIZATION\VECTORIZING ANIMATION VIDEO\VECTORIZING ANIMATION VIDEO\RELEASE\TIMER.OBJ
C:\USERS\DAMODY\DESKTOP\VIDEO_VECTORIZATION\VECTORIZING ANIMATION VIDEO\VECTORIZING ANIMATION VIDEO\RELEASE\TRIANGULATIONCGAL_PATCH.OBJ
C:\USERS\DAMODY\DESKTOP\VIDEO_VECTORIZATION\VECTORIZING ANIMATION VIDEO\VECTORIZING ANIMATION VIDEO\RELEASE\TRIANGULATIONCGAL_SEEDPOINT.OBJ
C:\USERS\DAMODY\DESKTOP\VIDEO_VECTORIZATION\VECTORIZING ANIMATION VIDEO\VECTORIZING ANIMATION VIDEO\RELEASE\TRIANGULATIONCGAL_SIDELINE.OBJ
C:\USERS\DAMODY\DESKTOP\VIDEO_VECTORIZATION\VECTORIZING ANIMATION VIDEO\VECTORIZING ANIMATION VIDEO\RELEASE\VAV_APP.OBJ
C:\USERS\DAMODY\DESKTOP\VIDEO_VECTORIZATION\VECTORIZING ANIMATION VIDEO\VECTORIZING ANIMATION VIDEO\RELEASE\VAV_DOC.OBJ
C:\USERS\DAMODY\DESKTOP\VIDEO_VECTORIZATION\VECTORIZING ANIMATION VIDEO\VECTORIZING ANIMATION VIDEO\RELEASE\VAV_MAINFRM.OBJ
C:\USERS\DAMODY\DESKTOP\VIDEO_VECTORIZATION\VECTORIZING ANIMATION VIDEO\VECTORIZING ANIMATION VIDEO\RELEASE\VAV_VIEW.OBJ
C:\USERS\DAMODY\DESKTOP\VIDEO_VECTORIZATION\VECTORIZING ANIMATION VIDEO\VECTORIZING ANIMATION VIDEO\RELEASE\VAVIMAGE.OBJ
C:\USERS\DAMODY\DESKTOP\VIDEO_VECTORIZATION\VECTORIZING ANIMATION VIDEO\VECTORIZING ANIMATION VIDEO\RELEASE\VC100.PDB
C:\USERS\DAMODY\DESKTOP\VIDEO_VECTORIZATION\VECTORIZING ANIMATION VIDEO\VECTORIZING ANIMATION VIDEO\RELEASE\VECTOR2.OBJ
C:\USERS\DAMODY\DESKTOP\VIDEO_VECTORIZATION\VECTORIZING ANIMATION VIDEO\VECTORIZING ANIMATION VIDEO\RELEASE\VECTOR3.OBJ
C:\USERS\DAMODY\DESKTOP\VIDEO_VECTORIZATION\VECTORIZING ANIMATION VIDEO\VECTORIZING ANIMATION VIDEO\RELEASE\VECTOR4.OBJ
C:\Users\damody\Desktop\Video_vectorization\Vectorizing Animation Video\Vectorizing Animation Video\Release\Vectorizing Animation Video.exe.intermediate.manifest
C:\USERS\DAMODY\DESKTOP\VIDEO_VECTORIZATION\VECTORIZING ANIMATION VIDEO\VECTORIZING ANIMATION VIDEO\RELEASE\VECTORIZING ANIMATION VIDEO.PCH
C:\USERS\DAMODY\DESKTOP\VIDEO_VECTORIZATION\VECTORIZING ANIMATION VIDEO\VECTORIZING ANIMATION VIDEO\RELEASE\VECTORIZING ANIMATION VIDEO.RES
C:\Users\damody\Desktop\Video_vectorization\Vectorizing Animation Video\Vectorizing Animation Video\Release\Vectorizing Animation Video.vcxprojResolveAssemblyReference.cache
C:\Users\damody\Desktop\Video_vectorization\Vectorizing Animation Video\Vectorizing Animation Video\Release\Vectorizing Animation Video.write.1.tlog
C:\USERS\DAMODY\DESKTOP\VIDEO_VECTORIZATION\VECTORIZING ANIMATION VIDEO\VECTORIZING ANIMATION VIDEO\RELEASE\VERTEX.OBJ
C:\USERS\DAMODY\DESKTOP\VIDEO_VECTORIZATION\VECTORIZING ANIMATION VIDEO\VECTORIZING ANIMATION VIDEO\RELEASE\VIEWTREE.OBJ
