已經開始建置於 2013/3/7 下午 07:52:44。
     1>節點 2 (build 目標) 上的專案 "C:\Users\damody\Desktop\畢業相關\vectorizing-project\Vectorizing Animation Video\Vectorizing Animation Video.vcxproj"。
     1>InitializeBuildStatus:
         由於指定了 "AlwaysCreate"，因此正在建立 "Release\Vectorizing Animation Video.unsuccessfulbuild"。
       ClCompile:
         所有輸出都是最新的。
         c:\Program Files (x86)\Microsoft Visual Studio 10.0\VC\bin\CL.exe /c /I. /Zi /nologo /W3 /WX- /O2 /Oi /Oy- /GL /D CGAL_NO_AUTOLINK /D WIN32 /D _WINDOWS /D NDEBUG /D _UNICODE /D UNICODE /Gm- /EHsc /MT /GS /Gy /fp:precise /Zc:wchar_t /Zc:forScope /Fo"Release\\" /Fd"Release\vc100.pdb" /Gd /TP /analyze- /errorReport:prompt DX11\d3dApp.cpp
         d3dApp.cpp
     1>c:\clibrary\vc10\alglib-3.6.0\src\linalg.h(2771): warning C4819: 檔案含有無法在目前字碼頁 (950) 中表示的字元。請以 Unicode 格式儲存檔案以防止資料遺失
     1>c:\clibrary\vc10\alglib-3.6.0\src\linalg.h(4045): warning C4819: 檔案含有無法在目前字碼頁 (950) 中表示的字元。請以 Unicode 格式儲存檔案以防止資料遺失
     1>c:\clibrary\vc10\alglib-3.6.0\src\linalg.h(2771): warning C4819: 檔案含有無法在目前字碼頁 (950) 中表示的字元。請以 Unicode 格式儲存檔案以防止資料遺失
     1>c:\clibrary\vc10\alglib-3.6.0\src\linalg.h(4045): warning C4819: 檔案含有無法在目前字碼頁 (950) 中表示的字元。請以 Unicode 格式儲存檔案以防止資料遺失
     1>c:\clibrary\vc10\alglib-3.6.0\src\linalg.h(2771): warning C4819: 檔案含有無法在目前字碼頁 (950) 中表示的字元。請以 Unicode 格式儲存檔案以防止資料遺失
     1>c:\clibrary\vc10\alglib-3.6.0\src\linalg.h(4045): warning C4819: 檔案含有無法在目前字碼頁 (950) 中表示的字元。請以 Unicode 格式儲存檔案以防止資料遺失
     1>c:\clibrary\vc10\alglib-3.6.0\src\specialfunctions.h(865): warning C4819: 檔案含有無法在目前字碼頁 (950) 中表示的字元。請以 Unicode 格式儲存檔案以防止資料遺失
     1>c:\clibrary\vc10\alglib-3.6.0\src\integration.h : warning C4819: 檔案含有無法在目前字碼頁 (950) 中表示的字元。請以 Unicode 格式儲存檔案以防止資料遺失
     1>c:\clibrary\vc10\alglib-3.6.0\src\linalg.h(2771): warning C4819: 檔案含有無法在目前字碼頁 (950) 中表示的字元。請以 Unicode 格式儲存檔案以防止資料遺失
     1>c:\clibrary\vc10\alglib-3.6.0\src\linalg.h(4045): warning C4819: 檔案含有無法在目前字碼頁 (950) 中表示的字元。請以 Unicode 格式儲存檔案以防止資料遺失
     1>c:\clibrary\vc10\alglib-3.6.0\src\specialfunctions.h(865): warning C4819: 檔案含有無法在目前字碼頁 (950) 中表示的字元。請以 Unicode 格式儲存檔案以防止資料遺失
     1>DX11\d3dApp.cpp(131): warning C4244: '引數' : 將 'int' 轉換為 'const float'，由於型別不同，可能導致資料遺失
     1>DX11\d3dApp.cpp(132): warning C4244: '引數' : 將 'int' 轉換為 'const float'，由於型別不同，可能導致資料遺失
     1>DX11\d3dApp.cpp(133): warning C4244: '引數' : 將 'int' 轉換為 'const float'，由於型別不同，可能導致資料遺失
     1>DX11\d3dApp.cpp(134): warning C4244: '引數' : 將 'int' 轉換為 'const float'，由於型別不同，可能導致資料遺失
     1>DX11\d3dApp.cpp(135): warning C4244: '引數' : 將 'int' 轉換為 'const float'，由於型別不同，可能導致資料遺失
     1>DX11\d3dApp.cpp(136): warning C4244: '引數' : 將 'int' 轉換為 'const float'，由於型別不同，可能導致資料遺失
     1>DX11\d3dApp.cpp(137): warning C4244: '引數' : 將 'int' 轉換為 'const float'，由於型別不同，可能導致資料遺失
     1>DX11\d3dApp.cpp(138): warning C4244: '引數' : 將 'int' 轉換為 'const float'，由於型別不同，可能導致資料遺失
     1>DX11\d3dApp.cpp(139): warning C4244: '引數' : 將 'int' 轉換為 'const float'，由於型別不同，可能導致資料遺失
     1>DX11\d3dApp.cpp(140): warning C4244: '引數' : 將 'int' 轉換為 'const float'，由於型別不同，可能導致資料遺失
     1>DX11\d3dApp.cpp(187): warning C4244: '引數' : 將 'int' 轉換為 'const float'，由於型別不同，可能導致資料遺失
     1>DX11\d3dApp.cpp(188): warning C4244: '引數' : 將 'int' 轉換為 'const float'，由於型別不同，可能導致資料遺失
     1>DX11\d3dApp.cpp(396): warning C4244: '引數' : 將 'int' 轉換為 'const float'，由於型別不同，可能導致資料遺失
     1>DX11\d3dApp.cpp(397): warning C4244: '引數' : 將 'int' 轉換為 'const float'，由於型別不同，可能導致資料遺失
     1>DX11\d3dApp.cpp(398): warning C4244: '引數' : 將 'int' 轉換為 'const float'，由於型別不同，可能導致資料遺失
     1>DX11\d3dApp.cpp(399): warning C4244: '引數' : 將 'int' 轉換為 'const float'，由於型別不同，可能導致資料遺失
     1>DX11\d3dApp.cpp(400): warning C4244: '引數' : 將 'int' 轉換為 'const float'，由於型別不同，可能導致資料遺失
     1>DX11\d3dApp.cpp(401): warning C4244: '引數' : 將 'int' 轉換為 'const float'，由於型別不同，可能導致資料遺失
     1>DX11\d3dApp.cpp(402): warning C4244: '引數' : 將 'int' 轉換為 'const float'，由於型別不同，可能導致資料遺失
     1>DX11\d3dApp.cpp(403): warning C4244: '引數' : 將 'int' 轉換為 'const float'，由於型別不同，可能導致資料遺失
     1>DX11\d3dApp.cpp(404): warning C4244: '引數' : 將 'int' 轉換為 'const float'，由於型別不同，可能導致資料遺失
     1>DX11\d3dApp.cpp(405): warning C4244: '引數' : 將 'int' 轉換為 'const float'，由於型別不同，可能導致資料遺失
     1>DX11\d3dApp.cpp(414): warning C4244: '引數' : 將 'int' 轉換為 'const float'，由於型別不同，可能導致資料遺失
     1>DX11\d3dApp.cpp(415): warning C4244: '引數' : 將 'int' 轉換為 'const float'，由於型別不同，可能導致資料遺失
     1>DX11\d3dApp.cpp(416): warning C4244: '引數' : 將 'int' 轉換為 'const float'，由於型別不同，可能導致資料遺失
     1>DX11\d3dApp.cpp(417): warning C4244: '引數' : 將 'int' 轉換為 'const float'，由於型別不同，可能導致資料遺失
     1>DX11\d3dApp.cpp(418): warning C4244: '引數' : 將 'int' 轉換為 'const float'，由於型別不同，可能導致資料遺失
     1>DX11\d3dApp.cpp(419): warning C4244: '引數' : 將 'int' 轉換為 'const float'，由於型別不同，可能導致資料遺失
     1>DX11\d3dApp.cpp(420): warning C4244: '引數' : 將 'int' 轉換為 'const float'，由於型別不同，可能導致資料遺失
     1>DX11\d3dApp.cpp(421): warning C4244: '引數' : 將 'int' 轉換為 'const float'，由於型別不同，可能導致資料遺失
     1>DX11\d3dApp.cpp(422): warning C4244: '引數' : 將 'int' 轉換為 'const float'，由於型別不同，可能導致資料遺失
     1>DX11\d3dApp.cpp(423): warning C4244: '引數' : 將 'int' 轉換為 'const float'，由於型別不同，可能導致資料遺失
     1>DX11\d3dApp.cpp(451): warning C4244: '=' : 將 'int' 轉換為 'float'，由於型別不同，可能導致資料遺失
     1>DX11\d3dApp.cpp(452): warning C4244: '=' : 將 'int' 轉換為 'float'，由於型別不同，可能導致資料遺失
     1>DX11\d3dApp.cpp(454): warning C4244: '=' : 將 'int' 轉換為 'FLOAT'，由於型別不同，可能導致資料遺失
     1>DX11\d3dApp.cpp(455): warning C4244: '=' : 將 'int' 轉換為 'FLOAT'，由於型別不同，可能導致資料遺失
     1>DX11\d3dApp.cpp(536): warning C4018: '<' : signed/unsigned 不相符
     1>DX11\d3dApp.cpp(545): warning C4114: 相同型別的限定詞已經使用多次
     1>DX11\d3dApp.cpp(545): warning C4244: '引數' : 將 'float' 轉換為 'int'，由於型別不同，可能導致資料遺失
     1>DX11\d3dApp.cpp(545): warning C4244: '引數' : 將 'float' 轉換為 'int'，由於型別不同，可能導致資料遺失
     1>DX11\d3dApp.cpp(549): warning C4114: 相同型別的限定詞已經使用多次
     1>DX11\d3dApp.cpp(549): warning C4244: '引數' : 將 'float' 轉換為 'int'，由於型別不同，可能導致資料遺失
     1>DX11\d3dApp.cpp(549): warning C4244: '引數' : 將 'float' 轉換為 'int'，由於型別不同，可能導致資料遺失
     1>DX11\d3dApp.cpp(553): warning C4114: 相同型別的限定詞已經使用多次
     1>DX11\d3dApp.cpp(553): warning C4244: '引數' : 將 'float' 轉換為 'int'，由於型別不同，可能導致資料遺失
     1>DX11\d3dApp.cpp(553): warning C4244: '引數' : 將 'float' 轉換為 'int'，由於型別不同，可能導致資料遺失
     1>DX11\d3dApp.cpp(581): warning C4018: '<' : signed/unsigned 不相符
     1>DX11\d3dApp.cpp(609): warning C4018: '<' : signed/unsigned 不相符
     1>DX11\d3dApp.cpp(641): warning C4018: '<' : signed/unsigned 不相符
         c:\Program Files (x86)\Microsoft Visual Studio 10.0\VC\bin\CL.exe /c /I. /Zi /nologo /W3 /WX- /O2 /Oi /Oy- /GL /D CGAL_NO_AUTOLINK /D WIN32 /D _WINDOWS /D NDEBUG /D _UNICODE /D UNICODE /Gm- /EHsc /MT /GS /Gy /fp:precise /Zc:wchar_t /Zc:forScope /Yu"StdAfx.h" /Fp"Release\Vectorizing Animation Video.pch" /Fo"Release\\" /Fd"Release\vc100.pdb" /Gd /TP /analyze- /errorReport:prompt VAV_App.cpp VAV_MainFrm.cpp VAV_View.cpp
         VAV_App.cpp
     1>c:\clibrary\vc10\alglib-3.6.0\src\linalg.h(2771): warning C4819: 檔案含有無法在目前字碼頁 (950) 中表示的字元。請以 Unicode 格式儲存檔案以防止資料遺失
     1>c:\clibrary\vc10\alglib-3.6.0\src\linalg.h(4045): warning C4819: 檔案含有無法在目前字碼頁 (950) 中表示的字元。請以 Unicode 格式儲存檔案以防止資料遺失
     1>c:\clibrary\vc10\alglib-3.6.0\src\linalg.h(2771): warning C4819: 檔案含有無法在目前字碼頁 (950) 中表示的字元。請以 Unicode 格式儲存檔案以防止資料遺失
     1>c:\clibrary\vc10\alglib-3.6.0\src\linalg.h(4045): warning C4819: 檔案含有無法在目前字碼頁 (950) 中表示的字元。請以 Unicode 格式儲存檔案以防止資料遺失
     1>c:\clibrary\vc10\alglib-3.6.0\src\linalg.h(2771): warning C4819: 檔案含有無法在目前字碼頁 (950) 中表示的字元。請以 Unicode 格式儲存檔案以防止資料遺失
     1>c:\clibrary\vc10\alglib-3.6.0\src\linalg.h(4045): warning C4819: 檔案含有無法在目前字碼頁 (950) 中表示的字元。請以 Unicode 格式儲存檔案以防止資料遺失
     1>c:\clibrary\vc10\alglib-3.6.0\src\specialfunctions.h(865): warning C4819: 檔案含有無法在目前字碼頁 (950) 中表示的字元。請以 Unicode 格式儲存檔案以防止資料遺失
     1>c:\clibrary\vc10\alglib-3.6.0\src\integration.h : warning C4819: 檔案含有無法在目前字碼頁 (950) 中表示的字元。請以 Unicode 格式儲存檔案以防止資料遺失
     1>c:\clibrary\vc10\alglib-3.6.0\src\linalg.h(2771): warning C4819: 檔案含有無法在目前字碼頁 (950) 中表示的字元。請以 Unicode 格式儲存檔案以防止資料遺失
     1>c:\clibrary\vc10\alglib-3.6.0\src\linalg.h(4045): warning C4819: 檔案含有無法在目前字碼頁 (950) 中表示的字元。請以 Unicode 格式儲存檔案以防止資料遺失
     1>c:\clibrary\vc10\alglib-3.6.0\src\specialfunctions.h(865): warning C4819: 檔案含有無法在目前字碼頁 (950) 中表示的字元。請以 Unicode 格式儲存檔案以防止資料遺失
         VAV_MainFrm.cpp
     1>c:\clibrary\vc10\alglib-3.6.0\src\linalg.h(2771): warning C4819: 檔案含有無法在目前字碼頁 (950) 中表示的字元。請以 Unicode 格式儲存檔案以防止資料遺失
     1>c:\clibrary\vc10\alglib-3.6.0\src\linalg.h(4045): warning C4819: 檔案含有無法在目前字碼頁 (950) 中表示的字元。請以 Unicode 格式儲存檔案以防止資料遺失
     1>c:\clibrary\vc10\alglib-3.6.0\src\linalg.h(2771): warning C4819: 檔案含有無法在目前字碼頁 (950) 中表示的字元。請以 Unicode 格式儲存檔案以防止資料遺失
     1>c:\clibrary\vc10\alglib-3.6.0\src\linalg.h(4045): warning C4819: 檔案含有無法在目前字碼頁 (950) 中表示的字元。請以 Unicode 格式儲存檔案以防止資料遺失
     1>c:\clibrary\vc10\alglib-3.6.0\src\linalg.h(2771): warning C4819: 檔案含有無法在目前字碼頁 (950) 中表示的字元。請以 Unicode 格式儲存檔案以防止資料遺失
     1>c:\clibrary\vc10\alglib-3.6.0\src\linalg.h(4045): warning C4819: 檔案含有無法在目前字碼頁 (950) 中表示的字元。請以 Unicode 格式儲存檔案以防止資料遺失
     1>c:\clibrary\vc10\alglib-3.6.0\src\specialfunctions.h(865): warning C4819: 檔案含有無法在目前字碼頁 (950) 中表示的字元。請以 Unicode 格式儲存檔案以防止資料遺失
     1>c:\clibrary\vc10\alglib-3.6.0\src\integration.h : warning C4819: 檔案含有無法在目前字碼頁 (950) 中表示的字元。請以 Unicode 格式儲存檔案以防止資料遺失
     1>c:\clibrary\vc10\alglib-3.6.0\src\linalg.h(2771): warning C4819: 檔案含有無法在目前字碼頁 (950) 中表示的字元。請以 Unicode 格式儲存檔案以防止資料遺失
     1>c:\clibrary\vc10\alglib-3.6.0\src\linalg.h(4045): warning C4819: 檔案含有無法在目前字碼頁 (950) 中表示的字元。請以 Unicode 格式儲存檔案以防止資料遺失
     1>c:\clibrary\vc10\alglib-3.6.0\src\specialfunctions.h(865): warning C4819: 檔案含有無法在目前字碼頁 (950) 中表示的字元。請以 Unicode 格式儲存檔案以防止資料遺失
     1>c:\Program Files (x86)\Microsoft Visual Studio 10.0\VC\include\stdint.h(72): warning C4005: 'INT8_MIN' : 巨集重複定義
                 C:\Program Files (x86)\Microsoft SDKs\Windows\v7.1A\Include\intsafe.h(144) : 請參閱 'INT8_MIN' 之前的定義
     1>c:\Program Files (x86)\Microsoft Visual Studio 10.0\VC\include\stdint.h(73): warning C4005: 'INT16_MIN' : 巨集重複定義
                 C:\Program Files (x86)\Microsoft SDKs\Windows\v7.1A\Include\intsafe.h(146) : 請參閱 'INT16_MIN' 之前的定義
     1>c:\Program Files (x86)\Microsoft Visual Studio 10.0\VC\include\stdint.h(74): warning C4005: 'INT32_MIN' : 巨集重複定義
                 C:\Program Files (x86)\Microsoft SDKs\Windows\v7.1A\Include\intsafe.h(148) : 請參閱 'INT32_MIN' 之前的定義
     1>c:\Program Files (x86)\Microsoft Visual Studio 10.0\VC\include\stdint.h(76): warning C4005: 'INT8_MAX' : 巨集重複定義
                 C:\Program Files (x86)\Microsoft SDKs\Windows\v7.1A\Include\intsafe.h(167) : 請參閱 'INT8_MAX' 之前的定義
     1>c:\Program Files (x86)\Microsoft Visual Studio 10.0\VC\include\stdint.h(77): warning C4005: 'INT16_MAX' : 巨集重複定義
                 C:\Program Files (x86)\Microsoft SDKs\Windows\v7.1A\Include\intsafe.h(171) : 請參閱 'INT16_MAX' 之前的定義
     1>c:\Program Files (x86)\Microsoft Visual Studio 10.0\VC\include\stdint.h(78): warning C4005: 'INT32_MAX' : 巨集重複定義
                 C:\Program Files (x86)\Microsoft SDKs\Windows\v7.1A\Include\intsafe.h(176) : 請參閱 'INT32_MAX' 之前的定義
     1>c:\Program Files (x86)\Microsoft Visual Studio 10.0\VC\include\stdint.h(79): warning C4005: 'UINT8_MAX' : 巨集重複定義
                 C:\Program Files (x86)\Microsoft SDKs\Windows\v7.1A\Include\intsafe.h(168) : 請參閱 'UINT8_MAX' 之前的定義
     1>c:\Program Files (x86)\Microsoft Visual Studio 10.0\VC\include\stdint.h(80): warning C4005: 'UINT16_MAX' : 巨集重複定義
                 C:\Program Files (x86)\Microsoft SDKs\Windows\v7.1A\Include\intsafe.h(173) : 請參閱 'UINT16_MAX' 之前的定義
     1>c:\Program Files (x86)\Microsoft Visual Studio 10.0\VC\include\stdint.h(81): warning C4005: 'UINT32_MAX' : 巨集重複定義
                 C:\Program Files (x86)\Microsoft SDKs\Windows\v7.1A\Include\intsafe.h(178) : 請參閱 'UINT32_MAX' 之前的定義
     1>c:\Program Files (x86)\Microsoft Visual Studio 10.0\VC\include\stdint.h(149): warning C4005: 'INT64_MIN' : 巨集重複定義
                 C:\Program Files (x86)\Microsoft SDKs\Windows\v7.1A\Include\intsafe.h(152) : 請參閱 'INT64_MIN' 之前的定義
     1>c:\Program Files (x86)\Microsoft Visual Studio 10.0\VC\include\stdint.h(150): warning C4005: 'INT64_MAX' : 巨集重複定義
                 C:\Program Files (x86)\Microsoft SDKs\Windows\v7.1A\Include\intsafe.h(184) : 請參閱 'INT64_MAX' 之前的定義
     1>c:\Program Files (x86)\Microsoft Visual Studio 10.0\VC\include\stdint.h(151): warning C4005: 'UINT64_MAX' : 巨集重複定義
                 C:\Program Files (x86)\Microsoft SDKs\Windows\v7.1A\Include\intsafe.h(189) : 請參閱 'UINT64_MAX' 之前的定義
     1>C:\clibrary\vc10\boost_1_50_0\boost/type_traits/detail/has_binary_operator.hpp : warning C4819: 檔案含有無法在目前字碼頁 (950) 中表示的字元。請以 Unicode 格式儲存檔案以防止資料遺失
     1>C:\clibrary\vc10\boost_1_50_0\boost/type_traits/detail/has_binary_operator.hpp : warning C4819: 檔案含有無法在目前字碼頁 (950) 中表示的字元。請以 Unicode 格式儲存檔案以防止資料遺失
     1>C:\clibrary\vc10\boost_1_50_0\boost/type_traits/detail/has_binary_operator.hpp : warning C4819: 檔案含有無法在目前字碼頁 (950) 中表示的字元。請以 Unicode 格式儲存檔案以防止資料遺失
     1>C:\clibrary\vc10\boost_1_50_0\boost/type_traits/detail/has_binary_operator.hpp : warning C4819: 檔案含有無法在目前字碼頁 (950) 中表示的字元。請以 Unicode 格式儲存檔案以防止資料遺失
     1>C:\clibrary\vc10\boost_1_50_0\boost/type_traits/detail/has_binary_operator.hpp : warning C4819: 檔案含有無法在目前字碼頁 (950) 中表示的字元。請以 Unicode 格式儲存檔案以防止資料遺失
     1>C:\clibrary\vc10\boost_1_50_0\boost/type_traits/detail/has_binary_operator.hpp : warning C4819: 檔案含有無法在目前字碼頁 (950) 中表示的字元。請以 Unicode 格式儲存檔案以防止資料遺失
     1>C:\clibrary\vc10\boost_1_50_0\boost/type_traits/detail/has_binary_operator.hpp : warning C4819: 檔案含有無法在目前字碼頁 (950) 中表示的字元。請以 Unicode 格式儲存檔案以防止資料遺失
     1>C:\clibrary\vc10\boost_1_50_0\boost/type_traits/detail/has_binary_operator.hpp : warning C4819: 檔案含有無法在目前字碼頁 (950) 中表示的字元。請以 Unicode 格式儲存檔案以防止資料遺失
     1>C:\clibrary\vc10\boost_1_50_0\boost/type_traits/detail/has_binary_operator.hpp : warning C4819: 檔案含有無法在目前字碼頁 (950) 中表示的字元。請以 Unicode 格式儲存檔案以防止資料遺失
     1>C:\clibrary\vc10\boost_1_50_0\boost/type_traits/detail/has_binary_operator.hpp : warning C4819: 檔案含有無法在目前字碼頁 (950) 中表示的字元。請以 Unicode 格式儲存檔案以防止資料遺失
     1>C:\clibrary\vc10\boost_1_50_0\boost/type_traits/detail/has_binary_operator.hpp : warning C4819: 檔案含有無法在目前字碼頁 (950) 中表示的字元。請以 Unicode 格式儲存檔案以防止資料遺失
     1>C:\clibrary\vc10\boost_1_50_0\boost/type_traits/detail/has_binary_operator.hpp : warning C4819: 檔案含有無法在目前字碼頁 (950) 中表示的字元。請以 Unicode 格式儲存檔案以防止資料遺失
     1>C:\clibrary\vc10\boost_1_50_0\boost/type_traits/detail/has_binary_operator.hpp : warning C4819: 檔案含有無法在目前字碼頁 (950) 中表示的字元。請以 Unicode 格式儲存檔案以防止資料遺失
     1>C:\clibrary\vc10\boost_1_50_0\boost/type_traits/detail/has_binary_operator.hpp : warning C4819: 檔案含有無法在目前字碼頁 (950) 中表示的字元。請以 Unicode 格式儲存檔案以防止資料遺失
     1>C:\clibrary\vc10\boost_1_50_0\boost/type_traits/detail/has_binary_operator.hpp : warning C4819: 檔案含有無法在目前字碼頁 (950) 中表示的字元。請以 Unicode 格式儲存檔案以防止資料遺失
     1>C:\clibrary\vc10\boost_1_50_0\boost/type_traits/detail/has_binary_operator.hpp : warning C4819: 檔案含有無法在目前字碼頁 (950) 中表示的字元。請以 Unicode 格式儲存檔案以防止資料遺失
     1>C:\clibrary\vc10\boost_1_50_0\boost/type_traits/detail/has_binary_operator.hpp : warning C4819: 檔案含有無法在目前字碼頁 (950) 中表示的字元。請以 Unicode 格式儲存檔案以防止資料遺失
     1>C:\clibrary\vc10\boost_1_50_0\boost/type_traits/detail/has_binary_operator.hpp : warning C4819: 檔案含有無法在目前字碼頁 (950) 中表示的字元。請以 Unicode 格式儲存檔案以防止資料遺失
     1>C:\clibrary\vc10\boost_1_50_0\boost/type_traits/detail/has_binary_operator.hpp : warning C4819: 檔案含有無法在目前字碼頁 (950) 中表示的字元。請以 Unicode 格式儲存檔案以防止資料遺失
     1>C:\clibrary\vc10\boost_1_50_0\boost/type_traits/detail/has_binary_operator.hpp : warning C4819: 檔案含有無法在目前字碼頁 (950) 中表示的字元。請以 Unicode 格式儲存檔案以防止資料遺失
     1>C:\clibrary\vc10\boost_1_50_0\boost/type_traits/detail/has_binary_operator.hpp : warning C4819: 檔案含有無法在目前字碼頁 (950) 中表示的字元。請以 Unicode 格式儲存檔案以防止資料遺失
     1>C:\clibrary\vc10\boost_1_50_0\boost/type_traits/detail/has_binary_operator.hpp : warning C4819: 檔案含有無法在目前字碼頁 (950) 中表示的字元。請以 Unicode 格式儲存檔案以防止資料遺失
     1>C:\clibrary\vc10\boost_1_50_0\boost/type_traits/detail/has_binary_operator.hpp : warning C4819: 檔案含有無法在目前字碼頁 (950) 中表示的字元。請以 Unicode 格式儲存檔案以防止資料遺失
     1>C:\clibrary\vc10\boost_1_50_0\boost/type_traits/detail/has_binary_operator.hpp : warning C4819: 檔案含有無法在目前字碼頁 (950) 中表示的字元。請以 Unicode 格式儲存檔案以防止資料遺失
     1>C:\clibrary\vc10\boost_1_50_0\boost/type_traits/detail/has_binary_operator.hpp : warning C4819: 檔案含有無法在目前字碼頁 (950) 中表示的字元。請以 Unicode 格式儲存檔案以防止資料遺失
     1>C:\clibrary\vc10\boost_1_50_0\boost/type_traits/detail/has_binary_operator.hpp : warning C4819: 檔案含有無法在目前字碼頁 (950) 中表示的字元。請以 Unicode 格式儲存檔案以防止資料遺失
     1>C:\clibrary\vc10\boost_1_50_0\boost/type_traits/detail/has_binary_operator.hpp : warning C4819: 檔案含有無法在目前字碼頁 (950) 中表示的字元。請以 Unicode 格式儲存檔案以防止資料遺失
     1>C:\clibrary\vc10\boost_1_50_0\boost/type_traits/detail/has_binary_operator.hpp : warning C4819: 檔案含有無法在目前字碼頁 (950) 中表示的字元。請以 Unicode 格式儲存檔案以防止資料遺失
     1>C:\clibrary\vc10\boost_1_50_0\boost/format/alt_sstream_impl.hpp : warning C4819: 檔案含有無法在目前字碼頁 (950) 中表示的字元。請以 Unicode 格式儲存檔案以防止資料遺失
     1>VAV_MainFrm.cpp(446): warning C4244: '引數' : 將 'double' 轉換為 'float'，由於型別不同，可能導致資料遺失
     1>VAV_MainFrm.cpp(455): warning C4244: '引數' : 將 'double' 轉換為 'float'，由於型別不同，可能導致資料遺失
     1>VAV_MainFrm.cpp(464): warning C4244: '引數' : 將 'double' 轉換為 'float'，由於型別不同，可能導致資料遺失
     1>VAV_MainFrm.cpp(473): warning C4244: '引數' : 將 'double' 轉換為 'float'，由於型別不同，可能導致資料遺失
     1>VAV_MainFrm.cpp(513): warning C4305: '引數' : 從 'double' 轉換為 'float'，是由較大的型別轉換為較小的型別，可能導致資料遺失
     1>VAV_MainFrm.cpp(513): warning C4305: '引數' : 從 'double' 轉換為 'float'，是由較大的型別轉換為較小的型別，可能導致資料遺失
     1>VAV_MainFrm.cpp(558): warning C4018: '<' : signed/unsigned 不相符
     1>VAV_MainFrm.cpp(571): warning C4244: '引數' : 將 'int' 轉換為 'float'，由於型別不同，可能導致資料遺失
     1>VAV_MainFrm.cpp(573): warning C4244: '引數' : 將 'int' 轉換為 'float'，由於型別不同，可能導致資料遺失
     1>VAV_MainFrm.cpp(574): warning C4018: '<' : signed/unsigned 不相符
     1>VAV_MainFrm.cpp(581): warning C4018: '<' : signed/unsigned 不相符
     1>VAV_MainFrm.cpp(584): warning C4244: '引數' : 將 'int' 轉換為 'float'，由於型別不同，可能導致資料遺失
     1>VAV_MainFrm.cpp(584): warning C4244: '引數' : 將 'double' 轉換為 'float'，由於型別不同，可能導致資料遺失
     1>VAV_MainFrm.cpp(584): warning C4244: '引數' : 將 'double' 轉換為 'float'，由於型別不同，可能導致資料遺失
     1>VAV_MainFrm.cpp(625): warning C4244: '引數' : 將 'double' 轉換為 'float'，由於型別不同，可能導致資料遺失
     1>VAV_MainFrm.cpp(640): warning C4244: '引數' : 將 'double' 轉換為 'float'，由於型別不同，可能導致資料遺失
     1>VAV_MainFrm.cpp(647): warning C4018: '<' : signed/unsigned 不相符
     1>VAV_MainFrm.cpp(675): warning C4244: '引數' : 將 'double' 轉換為 'float'，由於型別不同，可能導致資料遺失
     1>VAV_MainFrm.cpp(690): warning C4244: '引數' : 將 'double' 轉換為 'float'，由於型別不同，可能導致資料遺失
     1>VAV_MainFrm.cpp(705): warning C4244: '引數' : 將 'double' 轉換為 'float'，由於型別不同，可能導致資料遺失
     1>VAV_MainFrm.cpp(719): warning C4244: '引數' : 將 'double' 轉換為 'float'，由於型別不同，可能導致資料遺失
     1>VAV_MainFrm.cpp(734): warning C4244: '引數' : 將 'double' 轉換為 'float'，由於型別不同，可能導致資料遺失
     1>VAV_MainFrm.cpp(749): warning C4244: '引數' : 將 'double' 轉換為 'float'，由於型別不同，可能導致資料遺失
         VAV_View.cpp
     1>c:\clibrary\vc10\alglib-3.6.0\src\linalg.h(2771): warning C4819: 檔案含有無法在目前字碼頁 (950) 中表示的字元。請以 Unicode 格式儲存檔案以防止資料遺失
     1>c:\clibrary\vc10\alglib-3.6.0\src\linalg.h(4045): warning C4819: 檔案含有無法在目前字碼頁 (950) 中表示的字元。請以 Unicode 格式儲存檔案以防止資料遺失
     1>c:\clibrary\vc10\alglib-3.6.0\src\linalg.h(2771): warning C4819: 檔案含有無法在目前字碼頁 (950) 中表示的字元。請以 Unicode 格式儲存檔案以防止資料遺失
     1>c:\clibrary\vc10\alglib-3.6.0\src\linalg.h(4045): warning C4819: 檔案含有無法在目前字碼頁 (950) 中表示的字元。請以 Unicode 格式儲存檔案以防止資料遺失
     1>c:\clibrary\vc10\alglib-3.6.0\src\linalg.h(2771): warning C4819: 檔案含有無法在目前字碼頁 (950) 中表示的字元。請以 Unicode 格式儲存檔案以防止資料遺失
     1>c:\clibrary\vc10\alglib-3.6.0\src\linalg.h(4045): warning C4819: 檔案含有無法在目前字碼頁 (950) 中表示的字元。請以 Unicode 格式儲存檔案以防止資料遺失
     1>c:\clibrary\vc10\alglib-3.6.0\src\specialfunctions.h(865): warning C4819: 檔案含有無法在目前字碼頁 (950) 中表示的字元。請以 Unicode 格式儲存檔案以防止資料遺失
     1>c:\clibrary\vc10\alglib-3.6.0\src\integration.h : warning C4819: 檔案含有無法在目前字碼頁 (950) 中表示的字元。請以 Unicode 格式儲存檔案以防止資料遺失
     1>c:\clibrary\vc10\alglib-3.6.0\src\linalg.h(2771): warning C4819: 檔案含有無法在目前字碼頁 (950) 中表示的字元。請以 Unicode 格式儲存檔案以防止資料遺失
     1>c:\clibrary\vc10\alglib-3.6.0\src\linalg.h(4045): warning C4819: 檔案含有無法在目前字碼頁 (950) 中表示的字元。請以 Unicode 格式儲存檔案以防止資料遺失
     1>c:\clibrary\vc10\alglib-3.6.0\src\specialfunctions.h(865): warning C4819: 檔案含有無法在目前字碼頁 (950) 中表示的字元。請以 Unicode 格式儲存檔案以防止資料遺失
     1>VAV_View.cpp(206): warning C4305: '+=' : 從 'double' 轉換為 'float'，是由較大的型別轉換為較小的型別，可能導致資料遺失
     1>VAV_View.cpp(211): warning C4305: '-=' : 從 'double' 轉換為 'float'，是由較大的型別轉換為較小的型別，可能導致資料遺失
       ResourceCompile:
         所有輸出都是最新的。
       Link:
         c:\Program Files (x86)\Microsoft Visual Studio 10.0\VC\bin\link.exe /ERRORREPORT:PROMPT /OUT:"C:\Users\damody\Desktop\畢業相關\vectorizing-project\Release\Vectorizing Animation Video.exe" /INCREMENTAL:NO /NOLOGO uafxcw.lib D3DX11Effects2010.lib d3d11.lib d3dx11.lib d3d9.lib d3dx9.lib DxErr.lib dinput8.lib d3dcompiler.lib dxguid.lib d3dxof.lib winmm.lib odbc32.lib odbccp32.lib dwrite.lib D2d1.lib imm32.lib Version.lib comctl32.lib dsound.lib /NODEFAULTLIB:"libCGAL-vc100-mt-s-4.0.lib" /MANIFEST /ManifestFile:"Release\Vectorizing Animation Video.exe.intermediate.manifest" /MANIFESTUAC:"level='asInvoker' uiAccess='false'" /DEBUG /PDB:"C:\Users\damody\Desktop\畢業相關\vectorizing-project\Release\Vectorizing Animation Video.pdb" /SUBSYSTEM:WINDOWS /LARGEADDRESSAWARE /OPT:REF /OPT:ICF /LTCG /TLBID:1 /ENTRY:"wWinMainCRTStartup" /DYNAMICBASE /NXCOMPAT /IMPLIB:"C:\Users\damody\Desktop\畢業相關\vectorizing-project\Release\Vectorizing Animation Video.lib" /MACHINE:X86 "Release\Vectorizing Animation Video.res"
         Release\algSpline.obj
         Release\algSpline2d.obj
         Release\ClassView.obj
         Release\CmCurveEx.obj
         Release\ColorConstraint.obj
         Release\ColorConstraintMedian.obj
         Release\ConvStr.obj
         Release\BezierCurve.obj
         Release\BsplineCurve.obj
         Release\HSplineCurve.obj
         Release\LinearLine.obj
         Release\PathInterpolater.obj
         Release\CvExtenstion.obj
         Release\d3dApp.obj
         Release\DXUTUI.obj
         Release\Timer.obj
         Release\Vertex.obj
         Release\DXUT.obj
         Release\DXUTcamera.obj
         Release\DXUTDevice11.obj
         Release\DXUTDevice9.obj
         Release\DXUTgui.obj
         Release\DXUTguiIME.obj
         Release\DXUTmisc.obj
         Release\DXUTres.obj
         Release\DXUTsettingsdlg.obj
         Release\ImeUi.obj
         Release\SDKmesh.obj
         Release\SDKmisc.obj
         Release\Edge.obj
         Release\FileView.obj
         Release\ImageSpline.obj
         Release\LineFragment.obj
         Release\AABB2D.obj
         Release\AxisAlignedBox.obj
         Release\Centroid.obj
         Release\Math.obj
         Release\Matrix3.obj
         Release\Matrix4.obj
         Release\Plane.obj
         Release\Polygon2D.obj
         Release\Quaternion.obj
         Release\Vector2.obj
         Release\Vector3.obj
         Release\Vector4.obj
         Release\OutputWnd.obj
         Release\Patch.obj
         Release\PatchSpline.obj
         Release\PropertiesWnd.obj
         Release\SplineFragment.obj
         Release\SplineShape.obj
         Release\stdafx.obj
         Release\TriangulationCgal_Patch.obj
         Release\TriangulationCgal_SeedPoint.obj
         Release\TriangulationCgal_Sideline.obj
         Release\vavImage.obj
         Release\VAV_Doc.obj
         Release\VAV_MainFrm.obj
         Release\VAV_View.obj
         Release\VAV_App.obj
         Release\ViewTree.obj
         正在產生程式碼
         已完成程式碼產生
     1>D3DX11Effects2010.lib(EffectAPI.obj) : warning LNK4099: 找不到 PDB 'vc100.pdb' (有 'D3DX11Effects2010.lib(EffectAPI.obj)' 或位於 'C:\Users\damody\Desktop\畢業相關\vectorizing-project\Release\vc100.pdb')，當做沒有偵錯資訊，連結物件
     1>D3DX11Effects2010.lib(EffectNonRuntime.obj) : warning LNK4099: 找不到 PDB 'vc100.pdb' (有 'D3DX11Effects2010.lib(EffectNonRuntime.obj)' 或位於 'C:\Users\damody\Desktop\畢業相關\vectorizing-project\Release\vc100.pdb')，當做沒有偵錯資訊，連結物件
     1>D3DX11Effects2010.lib(EffectLoad.obj) : warning LNK4099: 找不到 PDB 'vc100.pdb' (有 'D3DX11Effects2010.lib(EffectLoad.obj)' 或位於 'C:\Users\damody\Desktop\畢業相關\vectorizing-project\Release\vc100.pdb')，當做沒有偵錯資訊，連結物件
     1>D3DX11Effects2010.lib(d3dxGlobal.obj) : warning LNK4099: 找不到 PDB 'vc100.pdb' (有 'D3DX11Effects2010.lib(d3dxGlobal.obj)' 或位於 'C:\Users\damody\Desktop\畢業相關\vectorizing-project\Release\vc100.pdb')，當做沒有偵錯資訊，連結物件
     1>D3DX11Effects2010.lib(EffectReflection.obj) : warning LNK4099: 找不到 PDB 'vc100.pdb' (有 'D3DX11Effects2010.lib(EffectReflection.obj)' 或位於 'C:\Users\damody\Desktop\畢業相關\vectorizing-project\Release\vc100.pdb')，當做沒有偵錯資訊，連結物件
     1>D3DX11Effects2010.lib(EffectRuntime.obj) : warning LNK4099: 找不到 PDB 'vc100.pdb' (有 'D3DX11Effects2010.lib(EffectRuntime.obj)' 或位於 'C:\Users\damody\Desktop\畢業相關\vectorizing-project\Release\vc100.pdb')，當做沒有偵錯資訊，連結物件
     1>libopencv_core-s-x86.lib(alloc.obj) : warning LNK4206: 找不到先行編譯型別資訊，未連結或覆寫 'c:\clibrary\opencv2.4.2\opencv\build.vc10\modules\core\opencv_core.dir\release\precomp.obj'，當做沒有偵錯資訊，連結物件
     1>libopencv_core-s-x86.lib(arithm.obj) : warning LNK4206: 找不到先行編譯型別資訊，未連結或覆寫 'c:\clibrary\opencv2.4.2\opencv\build.vc10\modules\core\opencv_core.dir\release\precomp.obj'，當做沒有偵錯資訊，連結物件
     1>libopencv_core-s-x86.lib(array.obj) : warning LNK4206: 找不到先行編譯型別資訊，未連結或覆寫 'c:\clibrary\opencv2.4.2\opencv\build.vc10\modules\core\opencv_core.dir\release\precomp.obj'，當做沒有偵錯資訊，連結物件
     1>libopencv_core-s-x86.lib(convert.obj) : warning LNK4206: 找不到先行編譯型別資訊，未連結或覆寫 'c:\clibrary\opencv2.4.2\opencv\build.vc10\modules\core\opencv_core.dir\release\precomp.obj'，當做沒有偵錯資訊，連結物件
     1>libopencv_core-s-x86.lib(copy.obj) : warning LNK4206: 找不到先行編譯型別資訊，未連結或覆寫 'c:\clibrary\opencv2.4.2\opencv\build.vc10\modules\core\opencv_core.dir\release\precomp.obj'，當做沒有偵錯資訊，連結物件
     1>libopencv_core-s-x86.lib(datastructs.obj) : warning LNK4206: 找不到先行編譯型別資訊，未連結或覆寫 'c:\clibrary\opencv2.4.2\opencv\build.vc10\modules\core\opencv_core.dir\release\precomp.obj'，當做沒有偵錯資訊，連結物件
     1>libopencv_core-s-x86.lib(drawing.obj) : warning LNK4206: 找不到先行編譯型別資訊，未連結或覆寫 'c:\clibrary\opencv2.4.2\opencv\build.vc10\modules\core\opencv_core.dir\release\precomp.obj'，當做沒有偵錯資訊，連結物件
     1>libopencv_core-s-x86.lib(dxt.obj) : warning LNK4206: 找不到先行編譯型別資訊，未連結或覆寫 'c:\clibrary\opencv2.4.2\opencv\build.vc10\modules\core\opencv_core.dir\release\precomp.obj'，當做沒有偵錯資訊，連結物件
     1>libopencv_core-s-x86.lib(gpumat.obj) : warning LNK4206: 找不到先行編譯型別資訊，未連結或覆寫 'c:\clibrary\opencv2.4.2\opencv\build.vc10\modules\core\opencv_core.dir\release\precomp.obj'，當做沒有偵錯資訊，連結物件
     1>libopencv_core-s-x86.lib(lapack.obj) : warning LNK4206: 找不到先行編譯型別資訊，未連結或覆寫 'c:\clibrary\opencv2.4.2\opencv\build.vc10\modules\core\opencv_core.dir\release\precomp.obj'，當做沒有偵錯資訊，連結物件
     1>libopencv_core-s-x86.lib(mathfuncs.obj) : warning LNK4206: 找不到先行編譯型別資訊，未連結或覆寫 'c:\clibrary\opencv2.4.2\opencv\build.vc10\modules\core\opencv_core.dir\release\precomp.obj'，當做沒有偵錯資訊，連結物件
     1>libopencv_core-s-x86.lib(matmul.obj) : warning LNK4206: 找不到先行編譯型別資訊，未連結或覆寫 'c:\clibrary\opencv2.4.2\opencv\build.vc10\modules\core\opencv_core.dir\release\precomp.obj'，當做沒有偵錯資訊，連結物件
     1>libopencv_core-s-x86.lib(matop.obj) : warning LNK4206: 找不到先行編譯型別資訊，未連結或覆寫 'c:\clibrary\opencv2.4.2\opencv\build.vc10\modules\core\opencv_core.dir\release\precomp.obj'，當做沒有偵錯資訊，連結物件
     1>libopencv_core-s-x86.lib(matrix.obj) : warning LNK4206: 找不到先行編譯型別資訊，未連結或覆寫 'c:\clibrary\opencv2.4.2\opencv\build.vc10\modules\core\opencv_core.dir\release\precomp.obj'，當做沒有偵錯資訊，連結物件
     1>libopencv_core-s-x86.lib(opengl_interop.obj) : warning LNK4206: 找不到先行編譯型別資訊，未連結或覆寫 'c:\clibrary\opencv2.4.2\opencv\build.vc10\modules\core\opencv_core.dir\release\precomp.obj'，當做沒有偵錯資訊，連結物件
     1>libopencv_core-s-x86.lib(persistence.obj) : warning LNK4206: 找不到先行編譯型別資訊，未連結或覆寫 'c:\clibrary\opencv2.4.2\opencv\build.vc10\modules\core\opencv_core.dir\release\precomp.obj'，當做沒有偵錯資訊，連結物件
     1>libopencv_core-s-x86.lib(rand.obj) : warning LNK4206: 找不到先行編譯型別資訊，未連結或覆寫 'c:\clibrary\opencv2.4.2\opencv\build.vc10\modules\core\opencv_core.dir\release\precomp.obj'，當做沒有偵錯資訊，連結物件
     1>libopencv_core-s-x86.lib(stat.obj) : warning LNK4206: 找不到先行編譯型別資訊，未連結或覆寫 'c:\clibrary\opencv2.4.2\opencv\build.vc10\modules\core\opencv_core.dir\release\precomp.obj'，當做沒有偵錯資訊，連結物件
     1>libopencv_core-s-x86.lib(system.obj) : warning LNK4206: 找不到先行編譯型別資訊，未連結或覆寫 'c:\clibrary\opencv2.4.2\opencv\build.vc10\modules\core\opencv_core.dir\release\precomp.obj'，當做沒有偵錯資訊，連結物件
     1>libopencv_core-s-x86.lib(tables.obj) : warning LNK4206: 找不到先行編譯型別資訊，未連結或覆寫 'c:\clibrary\opencv2.4.2\opencv\build.vc10\modules\core\opencv_core.dir\release\precomp.obj'，當做沒有偵錯資訊，連結物件
     1>libopencv_highgui-s-x86.lib(loadsave.obj) : warning LNK4206: 找不到先行編譯型別資訊，未連結或覆寫 'c:\clibrary\opencv2.4.2\opencv\build.vc10\modules\highgui\opencv_highgui.dir\release\precomp.obj'，當做沒有偵錯資訊，連結物件
     1>libopencv_highgui-s-x86.lib(utils.obj) : warning LNK4206: 找不到先行編譯型別資訊，未連結或覆寫 'c:\clibrary\opencv2.4.2\opencv\build.vc10\modules\highgui\opencv_highgui.dir\release\precomp.obj'，當做沒有偵錯資訊，連結物件
     1>libopencv_highgui-s-x86.lib(window.obj) : warning LNK4206: 找不到先行編譯型別資訊，未連結或覆寫 'c:\clibrary\opencv2.4.2\opencv\build.vc10\modules\highgui\opencv_highgui.dir\release\precomp.obj'，當做沒有偵錯資訊，連結物件
     1>libopencv_highgui-s-x86.lib(window_w32.obj) : warning LNK4206: 找不到先行編譯型別資訊，未連結或覆寫 'c:\clibrary\opencv2.4.2\opencv\build.vc10\modules\highgui\opencv_highgui.dir\release\precomp.obj'，當做沒有偵錯資訊，連結物件
     1>libopencv_highgui-s-x86.lib(grfmt_base.obj) : warning LNK4206: 找不到先行編譯型別資訊，未連結或覆寫 'c:\clibrary\opencv2.4.2\opencv\build.vc10\modules\highgui\opencv_highgui.dir\release\precomp.obj'，當做沒有偵錯資訊，連結物件
     1>libopencv_highgui-s-x86.lib(grfmt_bmp.obj) : warning LNK4206: 找不到先行編譯型別資訊，未連結或覆寫 'c:\clibrary\opencv2.4.2\opencv\build.vc10\modules\highgui\opencv_highgui.dir\release\precomp.obj'，當做沒有偵錯資訊，連結物件
     1>libopencv_highgui-s-x86.lib(grfmt_jpeg.obj) : warning LNK4206: 找不到先行編譯型別資訊，未連結或覆寫 'c:\clibrary\opencv2.4.2\opencv\build.vc10\modules\highgui\opencv_highgui.dir\release\precomp.obj'，當做沒有偵錯資訊，連結物件
     1>libopencv_highgui-s-x86.lib(grfmt_jpeg2000.obj) : warning LNK4206: 找不到先行編譯型別資訊，未連結或覆寫 'c:\clibrary\opencv2.4.2\opencv\build.vc10\modules\highgui\opencv_highgui.dir\release\precomp.obj'，當做沒有偵錯資訊，連結物件
     1>libopencv_highgui-s-x86.lib(grfmt_png.obj) : warning LNK4206: 找不到先行編譯型別資訊，未連結或覆寫 'c:\clibrary\opencv2.4.2\opencv\build.vc10\modules\highgui\opencv_highgui.dir\release\precomp.obj'，當做沒有偵錯資訊，連結物件
     1>libopencv_highgui-s-x86.lib(grfmt_pxm.obj) : warning LNK4206: 找不到先行編譯型別資訊，未連結或覆寫 'c:\clibrary\opencv2.4.2\opencv\build.vc10\modules\highgui\opencv_highgui.dir\release\precomp.obj'，當做沒有偵錯資訊，連結物件
     1>libopencv_highgui-s-x86.lib(grfmt_sunras.obj) : warning LNK4206: 找不到先行編譯型別資訊，未連結或覆寫 'c:\clibrary\opencv2.4.2\opencv\build.vc10\modules\highgui\opencv_highgui.dir\release\precomp.obj'，當做沒有偵錯資訊，連結物件
     1>libopencv_highgui-s-x86.lib(grfmt_tiff.obj) : warning LNK4206: 找不到先行編譯型別資訊，未連結或覆寫 'c:\clibrary\opencv2.4.2\opencv\build.vc10\modules\highgui\opencv_highgui.dir\release\precomp.obj'，當做沒有偵錯資訊，連結物件
     1>libopencv_highgui-s-x86.lib(bitstrm.obj) : warning LNK4206: 找不到先行編譯型別資訊，未連結或覆寫 'c:\clibrary\opencv2.4.2\opencv\build.vc10\modules\highgui\opencv_highgui.dir\release\precomp.obj'，當做沒有偵錯資訊，連結物件
     1>libopencv_imgproc-s-x86.lib(approx.obj) : warning LNK4206: 找不到先行編譯型別資訊，未連結或覆寫 'c:\clibrary\opencv2.4.2\opencv\build.vc10\modules\imgproc\opencv_imgproc.dir\release\precomp.obj'，當做沒有偵錯資訊，連結物件
     1>libopencv_imgproc-s-x86.lib(canny.obj) : warning LNK4206: 找不到先行編譯型別資訊，未連結或覆寫 'c:\clibrary\opencv2.4.2\opencv\build.vc10\modules\imgproc\opencv_imgproc.dir\release\precomp.obj'，當做沒有偵錯資訊，連結物件
     1>libopencv_imgproc-s-x86.lib(color.obj) : warning LNK4206: 找不到先行編譯型別資訊，未連結或覆寫 'c:\clibrary\opencv2.4.2\opencv\build.vc10\modules\imgproc\opencv_imgproc.dir\release\precomp.obj'，當做沒有偵錯資訊，連結物件
     1>libopencv_imgproc-s-x86.lib(contours.obj) : warning LNK4206: 找不到先行編譯型別資訊，未連結或覆寫 'c:\clibrary\opencv2.4.2\opencv\build.vc10\modules\imgproc\opencv_imgproc.dir\release\precomp.obj'，當做沒有偵錯資訊，連結物件
     1>libopencv_imgproc-s-x86.lib(convhull.obj) : warning LNK4206: 找不到先行編譯型別資訊，未連結或覆寫 'c:\clibrary\opencv2.4.2\opencv\build.vc10\modules\imgproc\opencv_imgproc.dir\release\precomp.obj'，當做沒有偵錯資訊，連結物件
     1>libopencv_imgproc-s-x86.lib(deriv.obj) : warning LNK4206: 找不到先行編譯型別資訊，未連結或覆寫 'c:\clibrary\opencv2.4.2\opencv\build.vc10\modules\imgproc\opencv_imgproc.dir\release\precomp.obj'，當做沒有偵錯資訊，連結物件
     1>libopencv_imgproc-s-x86.lib(filter.obj) : warning LNK4206: 找不到先行編譯型別資訊，未連結或覆寫 'c:\clibrary\opencv2.4.2\opencv\build.vc10\modules\imgproc\opencv_imgproc.dir\release\precomp.obj'，當做沒有偵錯資訊，連結物件
     1>libopencv_imgproc-s-x86.lib(floodfill.obj) : warning LNK4206: 找不到先行編譯型別資訊，未連結或覆寫 'c:\clibrary\opencv2.4.2\opencv\build.vc10\modules\imgproc\opencv_imgproc.dir\release\precomp.obj'，當做沒有偵錯資訊，連結物件
     1>libopencv_imgproc-s-x86.lib(geometry.obj) : warning LNK4206: 找不到先行編譯型別資訊，未連結或覆寫 'c:\clibrary\opencv2.4.2\opencv\build.vc10\modules\imgproc\opencv_imgproc.dir\release\precomp.obj'，當做沒有偵錯資訊，連結物件
     1>libopencv_imgproc-s-x86.lib(imgwarp.obj) : warning LNK4206: 找不到先行編譯型別資訊，未連結或覆寫 'c:\clibrary\opencv2.4.2\opencv\build.vc10\modules\imgproc\opencv_imgproc.dir\release\precomp.obj'，當做沒有偵錯資訊，連結物件
     1>libopencv_imgproc-s-x86.lib(linefit.obj) : warning LNK4206: 找不到先行編譯型別資訊，未連結或覆寫 'c:\clibrary\opencv2.4.2\opencv\build.vc10\modules\imgproc\opencv_imgproc.dir\release\precomp.obj'，當做沒有偵錯資訊，連結物件
     1>libopencv_imgproc-s-x86.lib(matchcontours.obj) : warning LNK4206: 找不到先行編譯型別資訊，未連結或覆寫 'c:\clibrary\opencv2.4.2\opencv\build.vc10\modules\imgproc\opencv_imgproc.dir\release\precomp.obj'，當做沒有偵錯資訊，連結物件
     1>libopencv_imgproc-s-x86.lib(moments.obj) : warning LNK4206: 找不到先行編譯型別資訊，未連結或覆寫 'c:\clibrary\opencv2.4.2\opencv\build.vc10\modules\imgproc\opencv_imgproc.dir\release\precomp.obj'，當做沒有偵錯資訊，連結物件
     1>libopencv_imgproc-s-x86.lib(morph.obj) : warning LNK4206: 找不到先行編譯型別資訊，未連結或覆寫 'c:\clibrary\opencv2.4.2\opencv\build.vc10\modules\imgproc\opencv_imgproc.dir\release\precomp.obj'，當做沒有偵錯資訊，連結物件
     1>libopencv_imgproc-s-x86.lib(rotcalipers.obj) : warning LNK4206: 找不到先行編譯型別資訊，未連結或覆寫 'c:\clibrary\opencv2.4.2\opencv\build.vc10\modules\imgproc\opencv_imgproc.dir\release\precomp.obj'，當做沒有偵錯資訊，連結物件
     1>libopencv_imgproc-s-x86.lib(shapedescr.obj) : warning LNK4206: 找不到先行編譯型別資訊，未連結或覆寫 'c:\clibrary\opencv2.4.2\opencv\build.vc10\modules\imgproc\opencv_imgproc.dir\release\precomp.obj'，當做沒有偵錯資訊，連結物件
     1>libopencv_imgproc-s-x86.lib(smooth.obj) : warning LNK4206: 找不到先行編譯型別資訊，未連結或覆寫 'c:\clibrary\opencv2.4.2\opencv\build.vc10\modules\imgproc\opencv_imgproc.dir\release\precomp.obj'，當做沒有偵錯資訊，連結物件
     1>libopencv_imgproc-s-x86.lib(sumpixels.obj) : warning LNK4206: 找不到先行編譯型別資訊，未連結或覆寫 'c:\clibrary\opencv2.4.2\opencv\build.vc10\modules\imgproc\opencv_imgproc.dir\release\precomp.obj'，當做沒有偵錯資訊，連結物件
     1>libopencv_imgproc-s-x86.lib(tables.obj) : warning LNK4206: 找不到先行編譯型別資訊，未連結或覆寫 'c:\clibrary\opencv2.4.2\opencv\build.vc10\modules\imgproc\opencv_imgproc.dir\release\precomp.obj'，當做沒有偵錯資訊，連結物件
     1>libopencv_imgproc-s-x86.lib(templmatch.obj) : warning LNK4206: 找不到先行編譯型別資訊，未連結或覆寫 'c:\clibrary\opencv2.4.2\opencv\build.vc10\modules\imgproc\opencv_imgproc.dir\release\precomp.obj'，當做沒有偵錯資訊，連結物件
     1>libopencv_imgproc-s-x86.lib(thresh.obj) : warning LNK4206: 找不到先行編譯型別資訊，未連結或覆寫 'c:\clibrary\opencv2.4.2\opencv\build.vc10\modules\imgproc\opencv_imgproc.dir\release\precomp.obj'，當做沒有偵錯資訊，連結物件
     1>libopencv_imgproc-s-x86.lib(utils.obj) : warning LNK4206: 找不到先行編譯型別資訊，未連結或覆寫 'c:\clibrary\opencv2.4.2\opencv\build.vc10\modules\imgproc\opencv_imgproc.dir\release\precomp.obj'，當做沒有偵錯資訊，連結物件
         Vectorizing Animation Video.vcxproj -> C:\Users\damody\Desktop\畢業相關\vectorizing-project\Release\Vectorizing Animation Video.exe
       Manifest:
         C:\Program Files (x86)\Microsoft SDKs\Windows\v7.0A\bin\mt.exe /nologo /verbose /outputresource:"C:\Users\damody\Desktop\畢業相關\vectorizing-project\Release\Vectorizing Animation Video.exe;#1" /manifest "Release\Vectorizing Animation Video.exe.intermediate.manifest" "c:\Program Files (x86)\Microsoft Visual Studio 10.0\VC\Include\Manifest\dpiaware.manifest"
       FinalizeBuildStatus:
         正在刪除檔案 "Release\Vectorizing Animation Video.unsuccessfulbuild"。
         正在變更時間戳記 "Release\Vectorizing Animation Video.lastbuildstate"。
     1>專案 "C:\Users\damody\Desktop\畢業相關\vectorizing-project\Vectorizing Animation Video\Vectorizing Animation Video.vcxproj" (build 目標) 建置完成。

建置成功。

經過時間 00:00:45.54
